This is pdfTeX, Version 3.141592653-2.6-1.40.26 (MiKTeX 24.4) (preloaded format=pdflatex 2025.9.25)  10 NOV 2025 19:20
entering extended mode
 restricted \write18 enabled.
 %&-line parsing enabled.
**./TAZ_BOOK.tex
(TAZ_BOOK.tex
LaTeX2e <2024-06-01> patch level 2
L3 programming layer <2024-07-20>
(C:\Program Files\MiKTeX\tex/latex/base\book.cls
Document Class: book 2024/02/08 v1.4n Standard LaTeX document class
(C:\Program Files\MiKTeX\tex/latex/base\bk10.clo
File: bk10.clo 2024/02/08 v1.4n Standard LaTeX file (size option)
)
\c@part=\count194
\c@chapter=\count195
\c@section=\count196
\c@subsection=\count197
\c@subsubsection=\count198
\c@paragraph=\count199
\c@subparagraph=\count266
\c@figure=\count267
\c@table=\count268
\abovecaptionskip=\skip49
\belowcaptionskip=\skip50
\bibindent=\dimen141
)
(C:\Users\AKAM\AppData\Roaming\MiKTeX\tex/latex/geometry\geometry.sty
Package: geometry 2020/01/02 v5.9 Page Geometry

(C:\Program Files\MiKTeX\tex/latex/graphics\keyval.sty
Package: keyval 2022/05/29 v1.15 key=value parser (DPC)
\KV@toks@=\toks17
)
(C:\Program Files\MiKTeX\tex/generic/iftex\ifvtex.sty
Package: ifvtex 2019/10/25 v1.7 ifvtex legacy package. Use iftex instead.

(C:\Program Files\MiKTeX\tex/generic/iftex\iftex.sty
Package: iftex 2022/02/03 v1.0f TeX engine tests
))
\Gm@cnth=\count269
\Gm@cntv=\count270
\c@Gm@tempcnt=\count271
\Gm@bindingoffset=\dimen142
\Gm@wd@mp=\dimen143
\Gm@odd@mp=\dimen144
\Gm@even@mp=\dimen145
\Gm@layoutwidth=\dimen146
\Gm@layoutheight=\dimen147
\Gm@layouthoffset=\dimen148
\Gm@layoutvoffset=\dimen149
\Gm@dimlist=\toks18

(C:\Users\AKAM\AppData\Roaming\MiKTeX\tex/latex/geometry\geometry.cfg))
(C:\Program Files\MiKTeX\tex/latex/base\inputenc.sty
Package: inputenc 2024/02/08 v1.3d Input encoding file
\inpenc@prehook=\toks19
\inpenc@posthook=\toks20
)
(C:\Users\AKAM\AppData\Roaming\MiKTeX\tex/latex/setspace\setspace.sty
Package: setspace 2022/12/04 v6.7b set line spacing
)
(C:\Program Files\MiKTeX\tex/latex/appendix\appendix.sty
Package: appendix 2020/02/08 v1.2c extra appendix facilities
\c@@pps=\count272
\c@@ppsavesec=\count273
\c@@ppsaveapp=\count274
)
(C:\Program Files\MiKTeX\tex/latex/fancyhdr\fancyhdr.sty
Package: fancyhdr 2025/02/07 v5.2 Extensive control of page headers and footers

\f@nch@headwidth=\skip51
\f@nch@offset@elh=\skip52
\f@nch@offset@erh=\skip53
\f@nch@offset@olh=\skip54
\f@nch@offset@orh=\skip55
\f@nch@offset@elf=\skip56
\f@nch@offset@erf=\skip57
\f@nch@offset@olf=\skip58
\f@nch@offset@orf=\skip59
\f@nch@height=\skip60
\f@nch@footalignment=\skip61
\f@nch@widthL=\skip62
\f@nch@widthC=\skip63
\f@nch@widthR=\skip64
\@temptokenb=\toks21
)
(C:\Program Files\MiKTeX\tex/latex/graphics\graphicx.sty
Package: graphicx 2021/09/16 v1.2d Enhanced LaTeX Graphics (DPC,SPQR)

(C:\Program Files\MiKTeX\tex/latex/graphics\graphics.sty
Package: graphics 2024/05/23 v1.4g Standard LaTeX Graphics (DPC,SPQR)

(C:\Program Files\MiKTeX\tex/latex/graphics\trig.sty
Package: trig 2023/12/02 v1.11 sin cos tan (DPC)
)
(C:\Program Files\MiKTeX\tex/latex/graphics-cfg\graphics.cfg
File: graphics.cfg 2016/06/04 v1.11 sample graphics configuration
)
Package graphics Info: Driver file: pdftex.def on input line 106.

(C:\Program Files\MiKTeX\tex/latex/graphics-def\pdftex.def
File: pdftex.def 2024/04/13 v1.2c Graphics/color driver for pdftex
))
\Gin@req@height=\dimen150
\Gin@req@width=\dimen151
)
(C:\Users\AKAM\AppData\Roaming\MiKTeX\tex/latex/caption\caption.sty
Package: caption 2023/08/05 v3.6o Customizing captions (AR)

(C:\Users\AKAM\AppData\Roaming\MiKTeX\tex/latex/caption\caption3.sty
Package: caption3 2023/07/31 v2.4d caption3 kernel (AR)
\caption@tempdima=\dimen152
\captionmargin=\dimen153
\caption@leftmargin=\dimen154
\caption@rightmargin=\dimen155
\caption@width=\dimen156
\caption@indent=\dimen157
\caption@parindent=\dimen158
\caption@hangindent=\dimen159
Package caption Info: Standard document class detected.
)
\c@caption@flags=\count275
\c@continuedfloat=\count276
)
(C:\Users\AKAM\AppData\Roaming\MiKTeX\tex/latex/float\float.sty
Package: float 2001/11/08 v1.3d Float enhancements (AL)
\c@float@type=\count277
\float@exts=\toks22
\float@box=\box52
\@float@everytoks=\toks23
\@floatcapt=\box53
)
(C:\Users\AKAM\AppData\Roaming\MiKTeX\tex/latex/caption\subcaption.sty
Package: subcaption 2023/07/28 v1.6b Sub-captions (AR)
Package caption Info: New subtype `subfigure' on input line 238.
\c@subfigure=\count278
Package caption Info: New subtype `subtable' on input line 238.
\c@subtable=\count279
)
(C:\Users\AKAM\AppData\Roaming\MiKTeX\tex/latex/fvextra\fvextra.sty
Package: fvextra 2024/05/16 v1.7.0 fvextra - extensions and patches for fancyvr
b

(C:\Program Files\MiKTeX\tex/latex/etoolbox\etoolbox.sty
Package: etoolbox 2020/10/05 v2.5k e-TeX tools for LaTeX (JAW)
\etb@tempcnta=\count280
)
(C:\Users\AKAM\AppData\Roaming\MiKTeX\tex/latex/fancyvrb\fancyvrb.sty
Package: fancyvrb 2024/01/20 4.5c verbatim text (tvz,hv)
\FV@CodeLineNo=\count281
\FV@InFile=\read2
\FV@TabBox=\box54
\c@FancyVerbLine=\count282
\FV@StepNumber=\count283
\FV@OutFile=\write3
)
(C:\Users\AKAM\AppData\Roaming\MiKTeX\tex/latex/upquote\upquote.sty
Package: upquote 2012/04/19 v1.3 upright-quote and grave-accent glyphs in verba
tim
)
(C:\Users\AKAM\AppData\Roaming\MiKTeX\tex/latex/lineno\lineno.sty
Package: lineno 2023/05/20 line numbers on paragraphs v5.3

(C:\Users\AKAM\AppData\Roaming\MiKTeX\tex/latex/kvoptions\kvoptions.sty
Package: kvoptions 2022-06-15 v3.15 Key value format for package options (HO)

(C:\Users\AKAM\AppData\Roaming\MiKTeX\tex/generic/ltxcmds\ltxcmds.sty
Package: ltxcmds 2023-12-04 v1.26 LaTeX kernel commands for general use (HO)
)
(C:\Users\AKAM\AppData\Roaming\MiKTeX\tex/latex/kvsetkeys\kvsetkeys.sty
Package: kvsetkeys 2022-10-05 v1.19 Key value parser (HO)
))
\linenopenalty=\count284
\output=\toks24
\linenoprevgraf=\count285
\linenumbersep=\dimen160
\linenumberwidth=\dimen161
\c@linenumber=\count286
\c@pagewiselinenumber=\count287
\c@LN@truepage=\count288
\c@internallinenumber=\count289
\c@internallinenumbers=\count290
\quotelinenumbersep=\dimen162
\bframerule=\dimen163
\bframesep=\dimen164
\bframebox=\box55
LaTeX Info: Redefining \\ on input line 3180.
)
\c@FancyVerbWriteLine=\count291
\c@FancyVerbBufferIndex=\count292
\c@FancyVerbBufferLength=\count293
\c@FancyVerbBufferLine=\count294
\c@FV@oldbufferlength=\count295
\c@FV@TrueTabGroupLevel=\count296
\c@FV@TrueTabCounter=\count297
\FV@TabBox@Group=\box56
\FV@TmpLength=\skip65
\c@FV@HighlightLinesStart=\count298
\c@FV@HighlightLinesStop=\count299
\FV@LoopCount=\count300
\FV@NCharsBox=\box57
\FV@BreakIndent=\dimen165
\FV@BreakIndentNChars=\count301
\FV@BreakSymbolSepLeft=\dimen166
\FV@BreakSymbolSepLeftNChars=\count302
\FV@BreakSymbolSepRight=\dimen167
\FV@BreakSymbolSepRightNChars=\count303
\FV@BreakSymbolIndentLeft=\dimen168
\FV@BreakSymbolIndentLeftNChars=\count304
\FV@BreakSymbolIndentRight=\dimen169
\FV@BreakSymbolIndentRightNChars=\count305
\c@FancyVerbLineBreakLast=\count306
\FV@LineBox=\box58
\FV@LineIndentBox=\box59
\c@FV@BreakBufferDepth=\count307
\FV@LineWidth=\dimen170
)
(C:\Program Files\MiKTeX\tex/latex/hyperref\hyperref.sty
Package: hyperref 2024-07-10 v7.01j Hypertext links for LaTeX

(C:\Users\AKAM\AppData\Roaming\MiKTeX\tex/generic/kvdefinekeys\kvdefinekeys.sty
Package: kvdefinekeys 2019-12-19 v1.6 Define keys (HO)
) (C:\Users\AKAM\AppData\Roaming\MiKTeX\tex/generic/pdfescape\pdfescape.sty
Package: pdfescape 2019/12/09 v1.15 Implements pdfTeX's escape features (HO)

(C:\Program Files\MiKTeX\tex/generic/pdftexcmds\pdftexcmds.sty
Package: pdftexcmds 2020-06-27 v0.33 Utility functions of pdfTeX for LuaTeX (HO
)

(C:\Users\AKAM\AppData\Roaming\MiKTeX\tex/generic/infwarerr\infwarerr.sty
Package: infwarerr 2019/12/03 v1.5 Providing info/warning/error messages (HO)
)
Package pdftexcmds Info: \pdf@primitive is available.
Package pdftexcmds Info: \pdf@ifprimitive is available.
Package pdftexcmds Info: \pdfdraftmode found.
))
(C:\Users\AKAM\AppData\Roaming\MiKTeX\tex/latex/hycolor\hycolor.sty
Package: hycolor 2020-01-27 v1.10 Color options for hyperref/bookmark (HO)
)
(C:\Program Files\MiKTeX\tex/latex/hyperref\nameref.sty
Package: nameref 2023-11-26 v2.56 Cross-referencing by name of section

(C:\Users\AKAM\AppData\Roaming\MiKTeX\tex/latex/refcount\refcount.sty
Package: refcount 2019/12/15 v3.6 Data extraction from label references (HO)
)
(C:\Users\AKAM\AppData\Roaming\MiKTeX\tex/generic/gettitlestring\gettitlestring
.sty
Package: gettitlestring 2019/12/15 v1.6 Cleanup title references (HO)
)
\c@section@level=\count308
)
(C:\Users\AKAM\AppData\Roaming\MiKTeX\tex/generic/stringenc\stringenc.sty
Package: stringenc 2019/11/29 v1.12 Convert strings between diff. encodings (HO
)
)
\@linkdim=\dimen171
\Hy@linkcounter=\count309
\Hy@pagecounter=\count310

(C:\Program Files\MiKTeX\tex/latex/hyperref\pd1enc.def
File: pd1enc.def 2024-07-10 v7.01j Hyperref: PDFDocEncoding definition (HO)
Now handling font encoding PD1 ...
... no UTF-8 mapping file for font encoding PD1
)
(C:\Users\AKAM\AppData\Roaming\MiKTeX\tex/generic/intcalc\intcalc.sty
Package: intcalc 2019/12/15 v1.3 Expandable calculations with integers (HO)
)
\Hy@SavedSpaceFactor=\count311

(C:\Program Files\MiKTeX\tex/latex/hyperref\puenc.def
File: puenc.def 2024-07-10 v7.01j Hyperref: PDF Unicode definition (HO)
Now handling font encoding PU ...
... no UTF-8 mapping file for font encoding PU
)
Package hyperref Info: Hyper figures OFF on input line 4157.
Package hyperref Info: Link nesting OFF on input line 4162.
Package hyperref Info: Hyper index ON on input line 4165.
Package hyperref Info: Plain pages OFF on input line 4172.
Package hyperref Info: Backreferencing OFF on input line 4177.
Package hyperref Info: Implicit mode ON; LaTeX internals redefined.
Package hyperref Info: Bookmarks ON on input line 4424.
\c@Hy@tempcnt=\count312

(C:\Program Files\MiKTeX\tex/latex/url\url.sty
\Urlmuskip=\muskip17
Package: url 2013/09/16  ver 3.4  Verb mode for urls, etc.
)
LaTeX Info: Redefining \url on input line 4763.
\XeTeXLinkMargin=\dimen172

(C:\Users\AKAM\AppData\Roaming\MiKTeX\tex/generic/bitset\bitset.sty
Package: bitset 2019/12/09 v1.3 Handle bit-vector datatype (HO)

(C:\Users\AKAM\AppData\Roaming\MiKTeX\tex/generic/bigintcalc\bigintcalc.sty
Package: bigintcalc 2019/12/15 v1.5 Expandable calculations on big integers (HO
)
))
\Fld@menulength=\count313
\Field@Width=\dimen173
\Fld@charsize=\dimen174
Package hyperref Info: Hyper figures OFF on input line 6042.
Package hyperref Info: Link nesting OFF on input line 6047.
Package hyperref Info: Hyper index ON on input line 6050.
Package hyperref Info: backreferencing OFF on input line 6057.
Package hyperref Info: Link coloring OFF on input line 6062.
Package hyperref Info: Link coloring with OCG OFF on input line 6067.
Package hyperref Info: PDF/A mode OFF on input line 6072.

(C:\Program Files\MiKTeX\tex/latex/base\atbegshi-ltx.sty
Package: atbegshi-ltx 2021/01/10 v1.0c Emulation of the original atbegshi
package with kernel methods
)
\Hy@abspage=\count314
\c@Item=\count315
\c@Hfootnote=\count316
)
Package hyperref Info: Driver (autodetected): hpdftex.

(C:\Program Files\MiKTeX\tex/latex/hyperref\hpdftex.def
File: hpdftex.def 2024-07-10 v7.01j Hyperref driver for pdfTeX

(C:\Program Files\MiKTeX\tex/latex/base\atveryend-ltx.sty
Package: atveryend-ltx 2020/08/19 v1.0a Emulation of the original atveryend pac
kage
with kernel methods
)
\Fld@listcount=\count317
\c@bookmark@seq@number=\count318

(C:\Users\AKAM\AppData\Roaming\MiKTeX\tex/latex/rerunfilecheck\rerunfilecheck.s
ty
Package: rerunfilecheck 2022-07-10 v1.10 Rerun checks for auxiliary files (HO)

(C:\Users\AKAM\AppData\Roaming\MiKTeX\tex/generic/uniquecounter\uniquecounter.s
ty
Package: uniquecounter 2019/12/15 v1.4 Provide unlimited unique counter (HO)
)
Package uniquecounter Info: New unique counter `rerunfilecheck' on input line 2
85.
)
\Hy@SectionHShift=\skip66
) (C:\Program Files\MiKTeX\tex/latex/tools\tabularx.sty
Package: tabularx 2023/12/11 v2.12a `tabularx' package (DPC)

(C:\Program Files\MiKTeX\tex/latex/tools\array.sty
Package: array 2024/06/14 v2.6d Tabular extension package (FMi)
\col@sep=\dimen175
\ar@mcellbox=\box60
\extrarowheight=\dimen176
\NC@list=\toks25
\extratabsurround=\skip67
\backup@length=\skip68
\ar@cellbox=\box61
)
\TX@col@width=\dimen177
\TX@old@table=\dimen178
\TX@old@col=\dimen179
\TX@target=\dimen180
\TX@delta=\dimen181
\TX@cols=\count319
\TX@ftn=\toks26
)
(C:\Program Files\MiKTeX\tex/latex/makecell\makecell.sty
Package: makecell 2009/08/03 V0.1e Managing of Tab Column Heads and Cells
\rotheadsize=\dimen182
\c@nlinenum=\count320
\TeXr@lab=\toks27
)
(C:\Users\AKAM\AppData\Roaming\MiKTeX\tex/latex/diagbox\diagbox.sty
Package: diagbox 2020/02/09 v2.3 Making table heads with diagonal lines

(C:\Users\AKAM\AppData\Roaming\MiKTeX\tex/latex/pict2e\pict2e.sty
Package: pict2e 2020/09/30 v0.4b Improved picture commands (HjG,RN,JT)

(C:\Users\AKAM\AppData\Roaming\MiKTeX\tex/latex/pict2e\pict2e.cfg
File: pict2e.cfg 2016/02/05 v0.1u pict2e configuration for teTeX/TeXLive
)
Package pict2e Info: Driver file: pdftex.def on input line 112.
Package pict2e Info: Driver file for pict2e: p2e-pdftex.def on input line 114.

(C:\Users\AKAM\AppData\Roaming\MiKTeX\tex/latex/pict2e\p2e-pdftex.def
File: p2e-pdftex.def 2016/02/05 v0.1u Driver-dependant file (RN,HjG,JT)
)
\pIIe@GRAPH=\toks28
\@arclen=\dimen183
\@arcrad=\dimen184
\pIIe@tempdima=\dimen185
\pIIe@tempdimb=\dimen186
\pIIe@tempdimc=\dimen187
\pIIe@tempdimd=\dimen188
\pIIe@tempdime=\dimen189
\pIIe@tempdimf=\dimen190
)
(C:\Program Files\MiKTeX\tex/latex/tools\calc.sty
Package: calc 2023/07/08 v4.3 Infix arithmetic (KKT,FJ)
\calc@Acount=\count321
\calc@Bcount=\count322
\calc@Adimen=\dimen191
\calc@Bdimen=\dimen192
\calc@Askip=\skip69
\calc@Bskip=\skip70
LaTeX Info: Redefining \setlength on input line 80.
LaTeX Info: Redefining \addtolength on input line 81.
\calc@Ccount=\count323
\calc@Cskip=\skip71
)
\diagbox@boxa=\box62
\diagbox@boxb=\box63
\diagbox@boxm=\box64
\diagbox@wd=\dimen193
\diagbox@ht=\dimen194
\diagbox@insepl=\dimen195
\diagbox@insepr=\dimen196
\diagbox@outsepl=\dimen197
\diagbox@outsepr=\dimen198
)
(C:\Program Files\MiKTeX\tex/latex/tools\longtable.sty
Package: longtable 2024-04-26 v4.20 Multi-page Table package (DPC)
\LTleft=\skip72
\LTright=\skip73
\LTpre=\skip74
\LTpost=\skip75
\LTchunksize=\count324
\LTcapwidth=\dimen199
\LT@head=\box65
\LT@firsthead=\box66
\LT@foot=\box67
\LT@lastfoot=\box68
\LT@gbox=\box69
\LT@cols=\count325
\LT@rows=\count326
\c@LT@tables=\count327
\c@LT@chunks=\count328
\LT@p@ftn=\toks29
)
(C:\Program Files\MiKTeX\tex/latex/xcolor\xcolor.sty
Package: xcolor 2023/11/15 v3.01 LaTeX color extensions (UK)

(C:\Program Files\MiKTeX\tex/latex/graphics-cfg\color.cfg
File: color.cfg 2016/01/02 v1.6 sample color configuration
)
Package xcolor Info: Driver file: pdftex.def on input line 274.

(C:\Program Files\MiKTeX\tex/latex/graphics\mathcolor.ltx)
Package xcolor Info: Model `cmy' substituted by `cmy0' on input line 1350.
Package xcolor Info: Model `hsb' substituted by `rgb' on input line 1354.
Package xcolor Info: Model `RGB' extended on input line 1366.
Package xcolor Info: Model `HTML' substituted by `rgb' on input line 1368.
Package xcolor Info: Model `Hsb' substituted by `hsb' on input line 1369.
Package xcolor Info: Model `tHsb' substituted by `hsb' on input line 1370.
Package xcolor Info: Model `HSB' substituted by `hsb' on input line 1371.
Package xcolor Info: Model `Gray' substituted by `gray' on input line 1372.
Package xcolor Info: Model `wave' substituted by `hsb' on input line 1373.
)
(C:\Users\AKAM\AppData\Roaming\MiKTeX\tex/generic/soul\soul.sty
Package: soul 2023-06-14 v3.1 Permit use of UTF-8 characters in soul (HO)

(C:\Users\AKAM\AppData\Roaming\MiKTeX\tex/generic/soul\soul-ori.sty
Package: soul-ori 2023-06-14 v3.1 letterspacing/underlining (mf)
\SOUL@word=\toks30
\SOUL@lasttoken=\toks31
\SOUL@syllable=\toks32
\SOUL@cmds=\toks33
\SOUL@buffer=\toks34
\SOUL@token=\toks35
\SOUL@syllgoal=\dimen256
\SOUL@syllwidth=\dimen257
\SOUL@charkern=\dimen258
\SOUL@hyphkern=\dimen259
\SOUL@dimen=\dimen260
\SOUL@dimeni=\dimen261
\SOUL@minus=\count329
\SOUL@comma=\count330
\SOUL@apo=\count331
\SOUL@grave=\count332
\SOUL@spaceskip=\skip76
\SOUL@ttwidth=\dimen262
\SOUL@uldp=\dimen263
\SOUL@ulht=\dimen264
)
(C:\Users\AKAM\AppData\Roaming\MiKTeX\tex/generic/etexcmds\etexcmds.sty
Package: etexcmds 2019/12/15 v1.7 Avoid name clashes with e-TeX commands (HO)
))
(C:\Program Files\MiKTeX\tex/latex/colortbl\colortbl.sty
Package: colortbl 2024/10/29 v1.0k Color table columns (DPC)
\everycr=\toks36
\minrowclearance=\skip77
\rownum=\count333
)
(C:\Program Files\MiKTeX\tex/latex/tcolorbox\tcolorbox.sty
Package: tcolorbox 2025/09/09 version 6.8.0 text color boxes

(C:\Program Files\MiKTeX\tex/latex/pgf/frontendlayer\tikz.sty
(C:\Program Files\MiKTeX\tex/latex/pgf/basiclayer\pgf.sty
(C:\Program Files\MiKTeX\tex/latex/pgf/utilities\pgfrcs.sty
(C:\Program Files\MiKTeX\tex/generic/pgf/utilities\pgfutil-common.tex
\pgfutil@everybye=\toks37
\pgfutil@tempdima=\dimen265
\pgfutil@tempdimb=\dimen266
)
(C:\Program Files\MiKTeX\tex/generic/pgf/utilities\pgfutil-latex.def
\pgfutil@abb=\box70
)
(C:\Program Files\MiKTeX\tex/generic/pgf/utilities\pgfrcs.code.tex
(C:\Program Files\MiKTeX\tex/generic/pgf\pgf.revision.tex)
Package: pgfrcs 2023-01-15 v3.1.10 (3.1.10)
))
Package: pgf 2023-01-15 v3.1.10 (3.1.10)

(C:\Program Files\MiKTeX\tex/latex/pgf/basiclayer\pgfcore.sty
(C:\Program Files\MiKTeX\tex/latex/pgf/systemlayer\pgfsys.sty
(C:\Program Files\MiKTeX\tex/generic/pgf/systemlayer\pgfsys.code.tex
Package: pgfsys 2023-01-15 v3.1.10 (3.1.10)

(C:\Program Files\MiKTeX\tex/generic/pgf/utilities\pgfkeys.code.tex
\pgfkeys@pathtoks=\toks38
\pgfkeys@temptoks=\toks39

(C:\Program Files\MiKTeX\tex/generic/pgf/utilities\pgfkeyslibraryfiltered.code.
tex
\pgfkeys@tmptoks=\toks40
))
\pgf@x=\dimen267
\pgf@y=\dimen268
\pgf@xa=\dimen269
\pgf@ya=\dimen270
\pgf@xb=\dimen271
\pgf@yb=\dimen272
\pgf@xc=\dimen273
\pgf@yc=\dimen274
\pgf@xd=\dimen275
\pgf@yd=\dimen276
\w@pgf@writea=\write4
\r@pgf@reada=\read3
\c@pgf@counta=\count334
\c@pgf@countb=\count335
\c@pgf@countc=\count336
\c@pgf@countd=\count337
\t@pgf@toka=\toks41
\t@pgf@tokb=\toks42
\t@pgf@tokc=\toks43
\pgf@sys@id@count=\count338
 (C:\Program Files\MiKTeX\tex/generic/pgf/systemlayer\pgf.cfg
File: pgf.cfg 2023-01-15 v3.1.10 (3.1.10)
)
Driver file for pgf: pgfsys-pdftex.def

(C:\Program Files\MiKTeX\tex/generic/pgf/systemlayer\pgfsys-pdftex.def
File: pgfsys-pdftex.def 2023-01-15 v3.1.10 (3.1.10)

(C:\Program Files\MiKTeX\tex/generic/pgf/systemlayer\pgfsys-common-pdf.def
File: pgfsys-common-pdf.def 2023-01-15 v3.1.10 (3.1.10)
)))
(C:\Program Files\MiKTeX\tex/generic/pgf/systemlayer\pgfsyssoftpath.code.tex
File: pgfsyssoftpath.code.tex 2023-01-15 v3.1.10 (3.1.10)
\pgfsyssoftpath@smallbuffer@items=\count339
\pgfsyssoftpath@bigbuffer@items=\count340
)
(C:\Program Files\MiKTeX\tex/generic/pgf/systemlayer\pgfsysprotocol.code.tex
File: pgfsysprotocol.code.tex 2023-01-15 v3.1.10 (3.1.10)
))
(C:\Program Files\MiKTeX\tex/generic/pgf/basiclayer\pgfcore.code.tex
Package: pgfcore 2023-01-15 v3.1.10 (3.1.10)

(C:\Program Files\MiKTeX\tex/generic/pgf/math\pgfmath.code.tex
(C:\Program Files\MiKTeX\tex/generic/pgf/math\pgfmathutil.code.tex)
(C:\Program Files\MiKTeX\tex/generic/pgf/math\pgfmathparser.code.tex
\pgfmath@dimen=\dimen277
\pgfmath@count=\count341
\pgfmath@box=\box71
\pgfmath@toks=\toks44
\pgfmath@stack@operand=\toks45
\pgfmath@stack@operation=\toks46
)
(C:\Program Files\MiKTeX\tex/generic/pgf/math\pgfmathfunctions.code.tex)
(C:\Program Files\MiKTeX\tex/generic/pgf/math\pgfmathfunctions.basic.code.tex)
(C:\Program Files\MiKTeX\tex/generic/pgf/math\pgfmathfunctions.trigonometric.co
de.tex)
(C:\Program Files\MiKTeX\tex/generic/pgf/math\pgfmathfunctions.random.code.tex)

(C:\Program Files\MiKTeX\tex/generic/pgf/math\pgfmathfunctions.comparison.code.
tex)
(C:\Program Files\MiKTeX\tex/generic/pgf/math\pgfmathfunctions.base.code.tex)
(C:\Program Files\MiKTeX\tex/generic/pgf/math\pgfmathfunctions.round.code.tex)
(C:\Program Files\MiKTeX\tex/generic/pgf/math\pgfmathfunctions.misc.code.tex)
(C:\Program Files\MiKTeX\tex/generic/pgf/math\pgfmathfunctions.integerarithmeti
cs.code.tex) (C:\Program Files\MiKTeX\tex/generic/pgf/math\pgfmathcalc.code.tex
) (C:\Program Files\MiKTeX\tex/generic/pgf/math\pgfmathfloat.code.tex
\c@pgfmathroundto@lastzeros=\count342
))
(C:\Program Files\MiKTeX\tex/generic/pgf/math\pgfint.code.tex)
(C:\Program Files\MiKTeX\tex/generic/pgf/basiclayer\pgfcorepoints.code.tex
File: pgfcorepoints.code.tex 2023-01-15 v3.1.10 (3.1.10)
\pgf@picminx=\dimen278
\pgf@picmaxx=\dimen279
\pgf@picminy=\dimen280
\pgf@picmaxy=\dimen281
\pgf@pathminx=\dimen282
\pgf@pathmaxx=\dimen283
\pgf@pathminy=\dimen284
\pgf@pathmaxy=\dimen285
\pgf@xx=\dimen286
\pgf@xy=\dimen287
\pgf@yx=\dimen288
\pgf@yy=\dimen289
\pgf@zx=\dimen290
\pgf@zy=\dimen291
)
(C:\Program Files\MiKTeX\tex/generic/pgf/basiclayer\pgfcorepathconstruct.code.t
ex
File: pgfcorepathconstruct.code.tex 2023-01-15 v3.1.10 (3.1.10)
\pgf@path@lastx=\dimen292
\pgf@path@lasty=\dimen293
)
(C:\Program Files\MiKTeX\tex/generic/pgf/basiclayer\pgfcorepathusage.code.tex
File: pgfcorepathusage.code.tex 2023-01-15 v3.1.10 (3.1.10)
\pgf@shorten@end@additional=\dimen294
\pgf@shorten@start@additional=\dimen295
)
(C:\Program Files\MiKTeX\tex/generic/pgf/basiclayer\pgfcorescopes.code.tex
File: pgfcorescopes.code.tex 2023-01-15 v3.1.10 (3.1.10)
\pgfpic=\box72
\pgf@hbox=\box73
\pgf@layerbox@main=\box74
\pgf@picture@serial@count=\count343
)
(C:\Program Files\MiKTeX\tex/generic/pgf/basiclayer\pgfcoregraphicstate.code.te
x
File: pgfcoregraphicstate.code.tex 2023-01-15 v3.1.10 (3.1.10)
\pgflinewidth=\dimen296
)
(C:\Program Files\MiKTeX\tex/generic/pgf/basiclayer\pgfcoretransformations.code
.tex
File: pgfcoretransformations.code.tex 2023-01-15 v3.1.10 (3.1.10)
\pgf@pt@x=\dimen297
\pgf@pt@y=\dimen298
\pgf@pt@temp=\dimen299
) (C:\Program Files\MiKTeX\tex/generic/pgf/basiclayer\pgfcorequick.code.tex
File: pgfcorequick.code.tex 2023-01-15 v3.1.10 (3.1.10)
) (C:\Program Files\MiKTeX\tex/generic/pgf/basiclayer\pgfcoreobjects.code.tex
File: pgfcoreobjects.code.tex 2023-01-15 v3.1.10 (3.1.10)
)
(C:\Program Files\MiKTeX\tex/generic/pgf/basiclayer\pgfcorepathprocessing.code.
tex
File: pgfcorepathprocessing.code.tex 2023-01-15 v3.1.10 (3.1.10)
) (C:\Program Files\MiKTeX\tex/generic/pgf/basiclayer\pgfcorearrows.code.tex
File: pgfcorearrows.code.tex 2023-01-15 v3.1.10 (3.1.10)
\pgfarrowsep=\dimen300
) (C:\Program Files\MiKTeX\tex/generic/pgf/basiclayer\pgfcoreshade.code.tex
File: pgfcoreshade.code.tex 2023-01-15 v3.1.10 (3.1.10)
\pgf@max=\dimen301
\pgf@sys@shading@range@num=\count344
\pgf@shadingcount=\count345
)
(C:\Program Files\MiKTeX\tex/generic/pgf/basiclayer\pgfcoreimage.code.tex
File: pgfcoreimage.code.tex 2023-01-15 v3.1.10 (3.1.10)
)
(C:\Program Files\MiKTeX\tex/generic/pgf/basiclayer\pgfcoreexternal.code.tex
File: pgfcoreexternal.code.tex 2023-01-15 v3.1.10 (3.1.10)
\pgfexternal@startupbox=\box75
)
(C:\Program Files\MiKTeX\tex/generic/pgf/basiclayer\pgfcorelayers.code.tex
File: pgfcorelayers.code.tex 2023-01-15 v3.1.10 (3.1.10)
)
(C:\Program Files\MiKTeX\tex/generic/pgf/basiclayer\pgfcoretransparency.code.te
x
File: pgfcoretransparency.code.tex 2023-01-15 v3.1.10 (3.1.10)
) (C:\Program Files\MiKTeX\tex/generic/pgf/basiclayer\pgfcorepatterns.code.tex
File: pgfcorepatterns.code.tex 2023-01-15 v3.1.10 (3.1.10)
) (C:\Program Files\MiKTeX\tex/generic/pgf/basiclayer\pgfcorerdf.code.tex
File: pgfcorerdf.code.tex 2023-01-15 v3.1.10 (3.1.10)
)))
(C:\Program Files\MiKTeX\tex/generic/pgf/modules\pgfmoduleshapes.code.tex
File: pgfmoduleshapes.code.tex 2023-01-15 v3.1.10 (3.1.10)
\pgfnodeparttextbox=\box76
)
(C:\Program Files\MiKTeX\tex/generic/pgf/modules\pgfmoduleplot.code.tex
File: pgfmoduleplot.code.tex 2023-01-15 v3.1.10 (3.1.10)
)
(C:\Program Files\MiKTeX\tex/latex/pgf/compatibility\pgfcomp-version-0-65.sty
Package: pgfcomp-version-0-65 2023-01-15 v3.1.10 (3.1.10)
\pgf@nodesepstart=\dimen302
\pgf@nodesepend=\dimen303
)
(C:\Program Files\MiKTeX\tex/latex/pgf/compatibility\pgfcomp-version-1-18.sty
Package: pgfcomp-version-1-18 2023-01-15 v3.1.10 (3.1.10)
)) (C:\Program Files\MiKTeX\tex/latex/pgf/utilities\pgffor.sty
(C:\Program Files\MiKTeX\tex/latex/pgf/utilities\pgfkeys.sty
(C:\Program Files\MiKTeX\tex/generic/pgf/utilities\pgfkeys.code.tex))
(C:\Program Files\MiKTeX\tex/latex/pgf/math\pgfmath.sty
(C:\Program Files\MiKTeX\tex/generic/pgf/math\pgfmath.code.tex))
(C:\Program Files\MiKTeX\tex/generic/pgf/utilities\pgffor.code.tex
Package: pgffor 2023-01-15 v3.1.10 (3.1.10)
\pgffor@iter=\dimen304
\pgffor@skip=\dimen305
\pgffor@stack=\toks47
\pgffor@toks=\toks48
))
(C:\Program Files\MiKTeX\tex/generic/pgf/frontendlayer/tikz\tikz.code.tex
Package: tikz 2023-01-15 v3.1.10 (3.1.10)

(C:\Program Files\MiKTeX\tex/generic/pgf/libraries\pgflibraryplothandlers.code.
tex
File: pgflibraryplothandlers.code.tex 2023-01-15 v3.1.10 (3.1.10)
\pgf@plot@mark@count=\count346
\pgfplotmarksize=\dimen306
)
\tikz@lastx=\dimen307
\tikz@lasty=\dimen308
\tikz@lastxsaved=\dimen309
\tikz@lastysaved=\dimen310
\tikz@lastmovetox=\dimen311
\tikz@lastmovetoy=\dimen312
\tikzleveldistance=\dimen313
\tikzsiblingdistance=\dimen314
\tikz@figbox=\box77
\tikz@figbox@bg=\box78
\tikz@tempbox=\box79
\tikz@tempbox@bg=\box80
\tikztreelevel=\count347
\tikznumberofchildren=\count348
\tikznumberofcurrentchild=\count349
\tikz@fig@count=\count350
 (C:\Program Files\MiKTeX\tex/generic/pgf/modules\pgfmodulematrix.code.tex
File: pgfmodulematrix.code.tex 2023-01-15 v3.1.10 (3.1.10)
\pgfmatrixcurrentrow=\count351
\pgfmatrixcurrentcolumn=\count352
\pgf@matrix@numberofcolumns=\count353
)
\tikz@expandcount=\count354

(C:\Program Files\MiKTeX\tex/generic/pgf/frontendlayer/tikz/libraries\tikzlibra
rytopaths.code.tex
File: tikzlibrarytopaths.code.tex 2023-01-15 v3.1.10 (3.1.10)
))) (C:\Program Files\MiKTeX\tex/latex/tools\verbatim.sty
Package: verbatim 2024-01-22 v1.5x LaTeX2e package for verbatim enhancements
\every@verbatim=\toks49
\verbatim@line=\toks50
\verbatim@in@stream=\read4
)
(C:\Program Files\MiKTeX\tex/latex/environ\environ.sty
Package: environ 2014/05/04 v0.3 A new way to define environments

(C:\Program Files\MiKTeX\tex/latex/trimspaces\trimspaces.sty
Package: trimspaces 2009/09/17 v1.1 Trim spaces around a token list
)
\@envbody=\toks51
)
\tcb@titlebox=\box81
\tcb@upperbox=\box82
\tcb@lowerbox=\box83
\tcb@phantombox=\box84
\c@tcbbreakpart=\count355
\c@tcblayer=\count356
\c@tcolorbox@number=\count357
\l__tcobox_tmpa_box=\box85
\l__tcobox_tmpa_dim=\dimen315
\tcb@temp=\box86
\tcb@temp=\box87
\tcb@temp=\box88
\tcb@temp=\box89
)
(C:\Program Files\MiKTeX\tex/latex/tcolorbox\tcblistings.code.tex
Library (tcolorbox): 'tcblistings.code.tex' version '6.8.0'
(C:\Program Files\MiKTeX\tex/latex/listings\listings.sty
\lst@mode=\count358
\lst@gtempboxa=\box90
\lst@token=\toks52
\lst@length=\count359
\lst@currlwidth=\dimen316
\lst@column=\count360
\lst@pos=\count361
\lst@lostspace=\dimen317
\lst@width=\dimen318
\lst@newlines=\count362
\lst@lineno=\count363
\lst@maxwidth=\dimen319

(C:\Program Files\MiKTeX\tex/latex/listings\lstpatch.sty
File: lstpatch.sty 2024/05/25 1.10b (Carsten Heinz)
)
(C:\Program Files\MiKTeX\tex/latex/listings\lstmisc.sty
File: lstmisc.sty 2024/05/25 1.10b (Carsten Heinz)
\c@lstnumber=\count364
\lst@skipnumbers=\count365
\lst@framebox=\box91
)
(C:\Program Files\MiKTeX\tex/latex/listings\listings.cfg
File: listings.cfg 2024/05/25 1.10b listings configuration
))
Package: listings 2024/05/25 1.10b (Carsten Heinz)

(C:\Program Files\MiKTeX\tex/latex/tcolorbox\tcblistingscore.code.tex
Library (tcolorbox): 'tcblistingscore.code.tex' version '6.8.0'
(C:\Program Files\MiKTeX\tex/latex/tcolorbox\tcbprocessing.code.tex
Library (tcolorbox): 'tcbprocessing.code.tex' version '6.8.0'
)
\c@tcblisting=\count366
)) (C:\Program Files\MiKTeX\tex/latex/tcolorbox\tcbskins.code.tex
Library (tcolorbox): 'tcbskins.code.tex' version '6.8.0'
(C:\Users\AKAM\AppData\Roaming\MiKTeX\tex/latex/tikzfill\tikzfill.image.sty
Package: tikzfill.image 2023/08/08 v1.0.1 Image filling library for TikZ

(C:\Users\AKAM\AppData\Roaming\MiKTeX\tex/latex/tikzfill\tikzfill-common.sty
Package: tikzfill-common 2023/08/08 v1.0.1 Auxiliary code for tikzfill
)
(C:\Users\AKAM\AppData\Roaming\MiKTeX\tex/latex/tikzfill\tikzlibraryfill.image.
code.tex
File: tikzlibraryfill.image.code.tex 2023/08/08 v1.0.1 Image filling library
\l__tikzfill_img_box=\box92
)) (C:\Program Files\MiKTeX\tex/latex/tcolorbox\tcbskinsjigsaw.code.tex
Library (tcolorbox): 'tcbskinsjigsaw.code.tex' version '6.8.0'
)) (C:\Program Files\MiKTeX\tex/latex/tcolorbox\tcbbreakable.code.tex
Library (tcolorbox): 'tcbbreakable.code.tex' version '6.8.0'
(C:\Users\AKAM\AppData\Roaming\MiKTeX\tex/latex/pdfcol\pdfcol.sty
Package: pdfcol 2022-09-21 v1.7 Handle new color stacks for pdfTeX (HO)
)
Package pdfcol Info: New color stack `tcb@breakable' = 1 on input line 23.
\tcb@testbox=\box93
\tcb@totalupperbox=\box94
\tcb@totallowerbox=\box95
)
(C:\Program Files\MiKTeX\tex/latex/amsmath\amsmath.sty
Package: amsmath 2024/05/23 v2.17q AMS math features
\@mathmargin=\skip78

For additional information on amsmath, use the `?' option.
(C:\Program Files\MiKTeX\tex/latex/amsmath\amstext.sty
Package: amstext 2021/08/26 v2.01 AMS text

(C:\Program Files\MiKTeX\tex/latex/amsmath\amsgen.sty
File: amsgen.sty 1999/11/30 v2.0 generic functions
\@emptytoks=\toks53
\ex@=\dimen320
))
(C:\Program Files\MiKTeX\tex/latex/amsmath\amsbsy.sty
Package: amsbsy 1999/11/29 v1.2d Bold Symbols
\pmbraise@=\dimen321
)
(C:\Program Files\MiKTeX\tex/latex/amsmath\amsopn.sty
Package: amsopn 2022/04/08 v2.04 operator names
)
\inf@bad=\count367
LaTeX Info: Redefining \frac on input line 233.
\uproot@=\count368
\leftroot@=\count369
LaTeX Info: Redefining \overline on input line 398.
LaTeX Info: Redefining \colon on input line 409.
\classnum@=\count370
\DOTSCASE@=\count371
LaTeX Info: Redefining \ldots on input line 495.
LaTeX Info: Redefining \dots on input line 498.
LaTeX Info: Redefining \cdots on input line 619.
\Mathstrutbox@=\box96
\strutbox@=\box97
LaTeX Info: Redefining \big on input line 721.
LaTeX Info: Redefining \Big on input line 722.
LaTeX Info: Redefining \bigg on input line 723.
LaTeX Info: Redefining \Bigg on input line 724.
\big@size=\dimen322
LaTeX Font Info:    Redeclaring font encoding OML on input line 742.
LaTeX Font Info:    Redeclaring font encoding OMS on input line 743.
\macc@depth=\count372
LaTeX Info: Redefining \bmod on input line 904.
LaTeX Info: Redefining \pmod on input line 909.
LaTeX Info: Redefining \smash on input line 939.
LaTeX Info: Redefining \relbar on input line 969.
LaTeX Info: Redefining \Relbar on input line 970.
\c@MaxMatrixCols=\count373
\dotsspace@=\muskip18
\c@parentequation=\count374
\dspbrk@lvl=\count375
\tag@help=\toks54
\row@=\count376
\column@=\count377
\maxfields@=\count378
\andhelp@=\toks55
\eqnshift@=\dimen323
\alignsep@=\dimen324
\tagshift@=\dimen325
\tagwidth@=\dimen326
\totwidth@=\dimen327
\lineht@=\dimen328
\@envbody=\toks56
\multlinegap=\skip79
\multlinetaggap=\skip80
\mathdisplay@stack=\toks57
LaTeX Info: Redefining \[ on input line 2953.
LaTeX Info: Redefining \] on input line 2954.
)
\linenoamsmath@ams@eqpen=\count379

(C:\Program Files\MiKTeX\tex/latex/amsfonts\amssymb.sty
Package: amssymb 2013/01/14 v3.01 AMS font symbols

(C:\Program Files\MiKTeX\tex/latex/amsfonts\amsfonts.sty
Package: amsfonts 2013/01/14 v3.01 Basic AMSFonts support
\symAMSa=\mathgroup4
\symAMSb=\mathgroup5
LaTeX Font Info:    Redeclaring math symbol \hbar on input line 98.
LaTeX Font Info:    Overwriting math alphabet `\mathfrak' in version `bold'
(Font)                  U/euf/m/n --> U/euf/b/n on input line 106.
))
(C:\Users\AKAM\AppData\Roaming\MiKTeX\tex/latex/amscls\amsthm.sty
Package: amsthm 2020/05/29 v2.20.6
\thm@style=\toks58
\thm@bodyfont=\toks59
\thm@headfont=\toks60
\thm@notefont=\toks61
\thm@headpunct=\toks62
\thm@preskip=\skip81
\thm@postskip=\skip82
\thm@headsep=\skip83
\dth@everypar=\toks63
)
(C:\Program Files\MiKTeX\tex/generic/pgf/frontendlayer/tikz/libraries\tikzlibra
rymatrix.code.tex
File: tikzlibrarymatrix.code.tex 2023-01-15 v3.1.10 (3.1.10)
)
(C:\Program Files\MiKTeX\tex/generic/pgf/frontendlayer/tikz/libraries\tikzlibra
rypositioning.code.tex
File: tikzlibrarypositioning.code.tex 2023-01-15 v3.1.10 (3.1.10)
)
(C:\Users\AKAM\AppData\Roaming\MiKTeX\tex/latex/textgreek\textgreek.sty
Package: textgreek 2011/10/09 v0.7 Greek symbols in text
Package textgreek Info: Loading the definitions for the Greek fontencoding. on 
input line 39.

(C:\Users\AKAM\AppData\Roaming\MiKTeX\tex/latex/greek-fontenc\lgrenc.def
File: lgrenc.def 2023-09-12 2.5 LGR Greek font encoding definitions
Now handling font encoding LGR ...
... processing UTF-8 mapping file for font encoding LGR

(C:\Users\AKAM\AppData\Roaming\MiKTeX\tex/latex/greek-inputenc\lgrenc.dfu
File: lgrenc.dfu 2023-03-21 1.9 UTF-8 support for Greek
   defining Unicode char U+00A8 (decimal 168)
   defining Unicode char U+00AB (decimal 171)
   defining Unicode char U+00AF (decimal 175)
   defining Unicode char U+00B4 (decimal 180)
   defining Unicode char U+00B7 (decimal 183)
   defining Unicode char U+00BB (decimal 187)
   defining Unicode char U+0259 (decimal 601)
   defining Unicode char U+02D8 (decimal 728)
   defining Unicode char U+0374 (decimal 884)
   defining Unicode char U+0375 (decimal 885)
   defining Unicode char U+037A (decimal 890)
   defining Unicode char U+037E (decimal 894)
   defining Unicode char U+0384 (decimal 900)
   defining Unicode char U+0385 (decimal 901)
   defining Unicode char U+0386 (decimal 902)
   defining Unicode char U+0387 (decimal 903)
   defining Unicode char U+0388 (decimal 904)
   defining Unicode char U+0389 (decimal 905)
   defining Unicode char U+038A (decimal 906)
   defining Unicode char U+038C (decimal 908)
   defining Unicode char U+038E (decimal 910)
   defining Unicode char U+038F (decimal 911)
   defining Unicode char U+0390 (decimal 912)
   defining Unicode char U+0391 (decimal 913)
   defining Unicode char U+0392 (decimal 914)
   defining Unicode char U+0393 (decimal 915)
   defining Unicode char U+0394 (decimal 916)
   defining Unicode char U+0395 (decimal 917)
   defining Unicode char U+0396 (decimal 918)
   defining Unicode char U+0397 (decimal 919)
   defining Unicode char U+0398 (decimal 920)
   defining Unicode char U+0399 (decimal 921)
   defining Unicode char U+039A (decimal 922)
   defining Unicode char U+039B (decimal 923)
   defining Unicode char U+039C (decimal 924)
   defining Unicode char U+039D (decimal 925)
   defining Unicode char U+039E (decimal 926)
   defining Unicode char U+039F (decimal 927)
   defining Unicode char U+03A0 (decimal 928)
   defining Unicode char U+03A1 (decimal 929)
   defining Unicode char U+03A3 (decimal 931)
   defining Unicode char U+03A4 (decimal 932)
   defining Unicode char U+03A5 (decimal 933)
   defining Unicode char U+03A6 (decimal 934)
   defining Unicode char U+03A7 (decimal 935)
   defining Unicode char U+03A8 (decimal 936)
   defining Unicode char U+03A9 (decimal 937)
   defining Unicode char U+03AA (decimal 938)
   defining Unicode char U+03AB (decimal 939)
   defining Unicode char U+03AC (decimal 940)
   defining Unicode char U+03AD (decimal 941)
   defining Unicode char U+03AE (decimal 942)
   defining Unicode char U+03AF (decimal 943)
   defining Unicode char U+03B0 (decimal 944)
   defining Unicode char U+03B1 (decimal 945)
   defining Unicode char U+03B2 (decimal 946)
   defining Unicode char U+03B3 (decimal 947)
   defining Unicode char U+03B4 (decimal 948)
   defining Unicode char U+03B5 (decimal 949)
   defining Unicode char U+03B6 (decimal 950)
   defining Unicode char U+03B7 (decimal 951)
   defining Unicode char U+03B8 (decimal 952)
   defining Unicode char U+03B9 (decimal 953)
   defining Unicode char U+03BA (decimal 954)
   defining Unicode char U+03BB (decimal 955)
   defining Unicode char U+03BC (decimal 956)
   defining Unicode char U+03BD (decimal 957)
   defining Unicode char U+03BE (decimal 958)
   defining Unicode char U+03BF (decimal 959)
   defining Unicode char U+03C0 (decimal 960)
   defining Unicode char U+03C1 (decimal 961)
   defining Unicode char U+03C2 (decimal 962)
   defining Unicode char U+03C3 (decimal 963)
   defining Unicode char U+03C4 (decimal 964)
   defining Unicode char U+03C5 (decimal 965)
   defining Unicode char U+03C6 (decimal 966)
   defining Unicode char U+03C7 (decimal 967)
   defining Unicode char U+03C8 (decimal 968)
   defining Unicode char U+03C9 (decimal 969)
   defining Unicode char U+03CA (decimal 970)
   defining Unicode char U+03CB (decimal 971)
   defining Unicode char U+03CC (decimal 972)
   defining Unicode char U+03CD (decimal 973)
   defining Unicode char U+03CE (decimal 974)
   defining Unicode char U+03D0 (decimal 976)
   defining Unicode char U+03D1 (decimal 977)
   defining Unicode char U+03D5 (decimal 981)
   defining Unicode char U+03D6 (decimal 982)
   defining Unicode char U+03D8 (decimal 984)
   defining Unicode char U+03D9 (decimal 985)
   defining Unicode char U+03DA (decimal 986)
   defining Unicode char U+03DB (decimal 987)
   defining Unicode char U+03DC (decimal 988)
   defining Unicode char U+03DD (decimal 989)
   defining Unicode char U+03DE (decimal 990)
   defining Unicode char U+03DF (decimal 991)
   defining Unicode char U+03E0 (decimal 992)
   defining Unicode char U+03E1 (decimal 993)
   defining Unicode char U+03F0 (decimal 1008)
   defining Unicode char U+03F1 (decimal 1009)
   defining Unicode char U+03F4 (decimal 1012)
   defining Unicode char U+03F5 (decimal 1013)
   defining Unicode char U+1F00 (decimal 7936)
   defining Unicode char U+1F01 (decimal 7937)
   defining Unicode char U+1F02 (decimal 7938)
   defining Unicode char U+1F03 (decimal 7939)
   defining Unicode char U+1F04 (decimal 7940)
   defining Unicode char U+1F05 (decimal 7941)
   defining Unicode char U+1F06 (decimal 7942)
   defining Unicode char U+1F07 (decimal 7943)
   defining Unicode char U+1F08 (decimal 7944)
   defining Unicode char U+1F09 (decimal 7945)
   defining Unicode char U+1F0A (decimal 7946)
   defining Unicode char U+1F0B (decimal 7947)
   defining Unicode char U+1F0C (decimal 7948)
   defining Unicode char U+1F0D (decimal 7949)
   defining Unicode char U+1F0E (decimal 7950)
   defining Unicode char U+1F0F (decimal 7951)
   defining Unicode char U+1F10 (decimal 7952)
   defining Unicode char U+1F11 (decimal 7953)
   defining Unicode char U+1F12 (decimal 7954)
   defining Unicode char U+1F13 (decimal 7955)
   defining Unicode char U+1F14 (decimal 7956)
   defining Unicode char U+1F15 (decimal 7957)
   defining Unicode char U+1F18 (decimal 7960)
   defining Unicode char U+1F19 (decimal 7961)
   defining Unicode char U+1F1A (decimal 7962)
   defining Unicode char U+1F1B (decimal 7963)
   defining Unicode char U+1F1C (decimal 7964)
   defining Unicode char U+1F1D (decimal 7965)
   defining Unicode char U+1F20 (decimal 7968)
   defining Unicode char U+1F21 (decimal 7969)
   defining Unicode char U+1F22 (decimal 7970)
   defining Unicode char U+1F23 (decimal 7971)
   defining Unicode char U+1F24 (decimal 7972)
   defining Unicode char U+1F25 (decimal 7973)
   defining Unicode char U+1F26 (decimal 7974)
   defining Unicode char U+1F27 (decimal 7975)
   defining Unicode char U+1F28 (decimal 7976)
   defining Unicode char U+1F29 (decimal 7977)
   defining Unicode char U+1F2A (decimal 7978)
   defining Unicode char U+1F2B (decimal 7979)
   defining Unicode char U+1F2C (decimal 7980)
   defining Unicode char U+1F2D (decimal 7981)
   defining Unicode char U+1F2E (decimal 7982)
   defining Unicode char U+1F2F (decimal 7983)
   defining Unicode char U+1F30 (decimal 7984)
   defining Unicode char U+1F31 (decimal 7985)
   defining Unicode char U+1F32 (decimal 7986)
   defining Unicode char U+1F33 (decimal 7987)
   defining Unicode char U+1F34 (decimal 7988)
   defining Unicode char U+1F35 (decimal 7989)
   defining Unicode char U+1F36 (decimal 7990)
   defining Unicode char U+1F37 (decimal 7991)
   defining Unicode char U+1F38 (decimal 7992)
   defining Unicode char U+1F39 (decimal 7993)
   defining Unicode char U+1F3A (decimal 7994)
   defining Unicode char U+1F3B (decimal 7995)
   defining Unicode char U+1F3C (decimal 7996)
   defining Unicode char U+1F3D (decimal 7997)
   defining Unicode char U+1F3E (decimal 7998)
   defining Unicode char U+1F3F (decimal 7999)
   defining Unicode char U+1F40 (decimal 8000)
   defining Unicode char U+1F41 (decimal 8001)
   defining Unicode char U+1F42 (decimal 8002)
   defining Unicode char U+1F43 (decimal 8003)
   defining Unicode char U+1F44 (decimal 8004)
   defining Unicode char U+1F45 (decimal 8005)
   defining Unicode char U+1F48 (decimal 8008)
   defining Unicode char U+1F49 (decimal 8009)
   defining Unicode char U+1F4A (decimal 8010)
   defining Unicode char U+1F4B (decimal 8011)
   defining Unicode char U+1F4C (decimal 8012)
   defining Unicode char U+1F4D (decimal 8013)
   defining Unicode char U+1F50 (decimal 8016)
   defining Unicode char U+1F51 (decimal 8017)
   defining Unicode char U+1F52 (decimal 8018)
   defining Unicode char U+1F53 (decimal 8019)
   defining Unicode char U+1F54 (decimal 8020)
   defining Unicode char U+1F55 (decimal 8021)
   defining Unicode char U+1F56 (decimal 8022)
   defining Unicode char U+1F57 (decimal 8023)
   defining Unicode char U+1F59 (decimal 8025)
   defining Unicode char U+1F5B (decimal 8027)
   defining Unicode char U+1F5D (decimal 8029)
   defining Unicode char U+1F5F (decimal 8031)
   defining Unicode char U+1F60 (decimal 8032)
   defining Unicode char U+1F61 (decimal 8033)
   defining Unicode char U+1F62 (decimal 8034)
   defining Unicode char U+1F63 (decimal 8035)
   defining Unicode char U+1F64 (decimal 8036)
   defining Unicode char U+1F65 (decimal 8037)
   defining Unicode char U+1F66 (decimal 8038)
   defining Unicode char U+1F67 (decimal 8039)
   defining Unicode char U+1F68 (decimal 8040)
   defining Unicode char U+1F69 (decimal 8041)
   defining Unicode char U+1F6A (decimal 8042)
   defining Unicode char U+1F6B (decimal 8043)
   defining Unicode char U+1F6C (decimal 8044)
   defining Unicode char U+1F6D (decimal 8045)
   defining Unicode char U+1F6E (decimal 8046)
   defining Unicode char U+1F6F (decimal 8047)
   defining Unicode char U+1F70 (decimal 8048)
   defining Unicode char U+1F71 (decimal 8049)
   defining Unicode char U+1F72 (decimal 8050)
   defining Unicode char U+1F73 (decimal 8051)
   defining Unicode char U+1F74 (decimal 8052)
   defining Unicode char U+1F75 (decimal 8053)
   defining Unicode char U+1F76 (decimal 8054)
   defining Unicode char U+1F77 (decimal 8055)
   defining Unicode char U+1F78 (decimal 8056)
   defining Unicode char U+1F79 (decimal 8057)
   defining Unicode char U+1F7A (decimal 8058)
   defining Unicode char U+1F7B (decimal 8059)
   defining Unicode char U+1F7C (decimal 8060)
   defining Unicode char U+1F7D (decimal 8061)
   defining Unicode char U+1F80 (decimal 8064)
   defining Unicode char U+1F81 (decimal 8065)
   defining Unicode char U+1F82 (decimal 8066)
   defining Unicode char U+1F83 (decimal 8067)
   defining Unicode char U+1F84 (decimal 8068)
   defining Unicode char U+1F85 (decimal 8069)
   defining Unicode char U+1F86 (decimal 8070)
   defining Unicode char U+1F87 (decimal 8071)
   defining Unicode char U+1F88 (decimal 8072)
   defining Unicode char U+1F89 (decimal 8073)
   defining Unicode char U+1F8A (decimal 8074)
   defining Unicode char U+1F8B (decimal 8075)
   defining Unicode char U+1F8C (decimal 8076)
   defining Unicode char U+1F8D (decimal 8077)
   defining Unicode char U+1F8E (decimal 8078)
   defining Unicode char U+1F8F (decimal 8079)
   defining Unicode char U+1F90 (decimal 8080)
   defining Unicode char U+1F91 (decimal 8081)
   defining Unicode char U+1F92 (decimal 8082)
   defining Unicode char U+1F93 (decimal 8083)
   defining Unicode char U+1F94 (decimal 8084)
   defining Unicode char U+1F95 (decimal 8085)
   defining Unicode char U+1F96 (decimal 8086)
   defining Unicode char U+1F97 (decimal 8087)
   defining Unicode char U+1F98 (decimal 8088)
   defining Unicode char U+1F99 (decimal 8089)
   defining Unicode char U+1F9A (decimal 8090)
   defining Unicode char U+1F9B (decimal 8091)
   defining Unicode char U+1F9C (decimal 8092)
   defining Unicode char U+1F9D (decimal 8093)
   defining Unicode char U+1F9E (decimal 8094)
   defining Unicode char U+1F9F (decimal 8095)
   defining Unicode char U+1FA0 (decimal 8096)
   defining Unicode char U+1FA1 (decimal 8097)
   defining Unicode char U+1FA2 (decimal 8098)
   defining Unicode char U+1FA3 (decimal 8099)
   defining Unicode char U+1FA4 (decimal 8100)
   defining Unicode char U+1FA5 (decimal 8101)
   defining Unicode char U+1FA6 (decimal 8102)
   defining Unicode char U+1FA7 (decimal 8103)
   defining Unicode char U+1FA8 (decimal 8104)
   defining Unicode char U+1FA9 (decimal 8105)
   defining Unicode char U+1FAA (decimal 8106)
   defining Unicode char U+1FAB (decimal 8107)
   defining Unicode char U+1FAC (decimal 8108)
   defining Unicode char U+1FAD (decimal 8109)
   defining Unicode char U+1FAE (decimal 8110)
   defining Unicode char U+1FAF (decimal 8111)
   defining Unicode char U+1FB0 (decimal 8112)
   defining Unicode char U+1FB1 (decimal 8113)
   defining Unicode char U+1FB2 (decimal 8114)
   defining Unicode char U+1FB3 (decimal 8115)
   defining Unicode char U+1FB4 (decimal 8116)
   defining Unicode char U+1FB6 (decimal 8118)
   defining Unicode char U+1FB7 (decimal 8119)
   defining Unicode char U+1FB8 (decimal 8120)
   defining Unicode char U+1FB9 (decimal 8121)
   defining Unicode char U+1FBA (decimal 8122)
   defining Unicode char U+1FBB (decimal 8123)
   defining Unicode char U+1FBC (decimal 8124)
   defining Unicode char U+1FBD (decimal 8125)
   defining Unicode char U+1FBE (decimal 8126)
   defining Unicode char U+1FBF (decimal 8127)
   defining Unicode char U+1FC0 (decimal 8128)
   defining Unicode char U+1FC1 (decimal 8129)
   defining Unicode char U+1FC2 (decimal 8130)
   defining Unicode char U+1FC3 (decimal 8131)
   defining Unicode char U+1FC4 (decimal 8132)
   defining Unicode char U+1FC6 (decimal 8134)
   defining Unicode char U+1FC7 (decimal 8135)
   defining Unicode char U+1FC8 (decimal 8136)
   defining Unicode char U+1FC9 (decimal 8137)
   defining Unicode char U+1FCA (decimal 8138)
   defining Unicode char U+1FCB (decimal 8139)
   defining Unicode char U+1FCC (decimal 8140)
   defining Unicode char U+1FCD (decimal 8141)
   defining Unicode char U+1FCE (decimal 8142)
   defining Unicode char U+1FCF (decimal 8143)
   defining Unicode char U+1FD0 (decimal 8144)
   defining Unicode char U+1FD1 (decimal 8145)
   defining Unicode char U+1FD2 (decimal 8146)
   defining Unicode char U+1FD3 (decimal 8147)
   defining Unicode char U+1FD6 (decimal 8150)
   defining Unicode char U+1FD7 (decimal 8151)
   defining Unicode char U+1FD8 (decimal 8152)
   defining Unicode char U+1FD9 (decimal 8153)
   defining Unicode char U+1FDA (decimal 8154)
   defining Unicode char U+1FDB (decimal 8155)
   defining Unicode char U+1FDD (decimal 8157)
   defining Unicode char U+1FDE (decimal 8158)
   defining Unicode char U+1FDF (decimal 8159)
   defining Unicode char U+1FE0 (decimal 8160)
   defining Unicode char U+1FE1 (decimal 8161)
   defining Unicode char U+1FE2 (decimal 8162)
   defining Unicode char U+1FE3 (decimal 8163)
   defining Unicode char U+1FE4 (decimal 8164)
   defining Unicode char U+1FE5 (decimal 8165)
   defining Unicode char U+1FE6 (decimal 8166)
   defining Unicode char U+1FE7 (decimal 8167)
   defining Unicode char U+1FE8 (decimal 8168)
   defining Unicode char U+1FE9 (decimal 8169)
   defining Unicode char U+1FEA (decimal 8170)
   defining Unicode char U+1FEB (decimal 8171)
   defining Unicode char U+1FEC (decimal 8172)
   defining Unicode char U+1FED (decimal 8173)
   defining Unicode char U+1FEE (decimal 8174)
   defining Unicode char U+1FEF (decimal 8175)
   defining Unicode char U+1FF2 (decimal 8178)
   defining Unicode char U+1FF3 (decimal 8179)
   defining Unicode char U+1FF4 (decimal 8180)
   defining Unicode char U+1FF6 (decimal 8182)
   defining Unicode char U+1FF7 (decimal 8183)
   defining Unicode char U+1FF8 (decimal 8184)
   defining Unicode char U+1FF9 (decimal 8185)
   defining Unicode char U+1FFA (decimal 8186)
   defining Unicode char U+1FFB (decimal 8187)
   defining Unicode char U+1FFC (decimal 8188)
   defining Unicode char U+1FFD (decimal 8189)
   defining Unicode char U+1FFE (decimal 8190)
   defining Unicode char U+2013 (decimal 8211)
   defining Unicode char U+2014 (decimal 8212)
   defining Unicode char U+2018 (decimal 8216)
   defining Unicode char U+2019 (decimal 8217)
   defining Unicode char U+201A (decimal 8218)
   defining Unicode char U+2030 (decimal 8240)
   defining Unicode char U+2039 (decimal 8249)
   defining Unicode char U+203A (decimal 8250)
   defining Unicode char U+20AC (decimal 8364)
   defining Unicode char U+2126 (decimal 8486)
   defining Unicode char U+10144 (decimal 65860)
   defining Unicode char U+10145 (decimal 65861)
   defining Unicode char U+10146 (decimal 65862)
   defining Unicode char U+10147 (decimal 65863)
)
(C:\Users\AKAM\AppData\Roaming\MiKTeX\tex/latex/greek-fontenc\greek-fontenc.def
File: greek-fontenc.def 2023-09-12 2.5 Common Greek font encoding definitions
))
Package textgreek Info: Loaded fontmap: {eur/*/*}{U/eur/*/*} {phv/*/*}{U/psy/*/
*}. on input line 69.
)
\c@comp=\count380
\c@theo=\count381
\c@defn=\count382
\c@lem=\count383
\c@prop=\count384
\c@axiom=\count385
\c@post=\count386
\c@trans=\count387
\c@transf=\count388
\c@law=\count389
\c@prob=\count390
\c@soln=\count391
\c@alg=\count392
 (C:\Users\AKAM\AppData\Roaming\MiKTeX\tex/latex/wrapfig\wrapfig.sty
\wrapoverhang=\dimen329
\WF@size=\dimen330
\c@WF@wrappedlines=\count393
\WF@box=\box98
\WF@everypar=\toks64
Package: wrapfig 2003/01/31  v 3.6
)
(C:\Users\AKAM\AppData\Roaming\MiKTeX\tex/latex/pdfpages\pdfpages.sty
Package: pdfpages 2024/08/20 v0.6b Insert pages of external PDF documents (AM)

(C:\Program Files\MiKTeX\tex/latex/base\ifthen.sty
Package: ifthen 2024/03/16 v1.1e Standard LaTeX ifthen package (DPC)
)
(C:\Users\AKAM\AppData\Roaming\MiKTeX\tex/latex/eso-pic\eso-pic.sty
Package: eso-pic 2023/05/03 v3.0c eso-pic (RN)
\ESO@tempdima=\dimen331
\ESO@tempdimb=\dimen332
)
\AM@pagewidth=\dimen333
\AM@pageheight=\dimen334
\AM@fboxrule=\dimen335

(C:\Users\AKAM\AppData\Roaming\MiKTeX\tex/latex/pdfpages\pppdftex.def
File: pppdftex.def 2024/08/20 v0.6b Pdfpages driver for pdfTeX (AM)
)
\pdfpages@includegraphics@status=\count394
\AM@pagebox=\box99
\AM@global@opts=\toks65
\AM@pagecnt=\count395
\AM@toc@title=\toks66
\AM@lof@heading=\toks67
\c@AM@survey=\count396
\AM@templatesizebox=\box100
)
(C:\Program Files\MiKTeX\tex/latex/l3backend\l3backend-pdftex.def
File: l3backend-pdftex.def 2024-05-08 L3 backend support: PDF output (pdfTeX)
\l__color_backend_stack_int=\count397
\l__pdf_internal_box=\box101
)

LaTeX Warning: Unused global option(s):
    [18pt].

(TAZ_BOOK.aux

LaTeX Warning: Label `FIGC7' multiply defined.


LaTeX Warning: Label `FIGD' multiply defined.

)
\openout1 = `TAZ_BOOK.aux'.

LaTeX Font Info:    Checking defaults for OML/cmm/m/it on input line 251.
LaTeX Font Info:    ... okay on input line 251.
LaTeX Font Info:    Checking defaults for OMS/cmsy/m/n on input line 251.
LaTeX Font Info:    ... okay on input line 251.
LaTeX Font Info:    Checking defaults for OT1/cmr/m/n on input line 251.
LaTeX Font Info:    ... okay on input line 251.
LaTeX Font Info:    Checking defaults for T1/cmr/m/n on input line 251.
LaTeX Font Info:    ... okay on input line 251.
LaTeX Font Info:    Checking defaults for TS1/cmr/m/n on input line 251.
LaTeX Font Info:    ... okay on input line 251.
LaTeX Font Info:    Checking defaults for OMX/cmex/m/n on input line 251.
LaTeX Font Info:    ... okay on input line 251.
LaTeX Font Info:    Checking defaults for U/cmr/m/n on input line 251.
LaTeX Font Info:    ... okay on input line 251.
LaTeX Font Info:    Checking defaults for PD1/pdf/m/n on input line 251.
LaTeX Font Info:    ... okay on input line 251.
LaTeX Font Info:    Checking defaults for PU/pdf/m/n on input line 251.
LaTeX Font Info:    ... okay on input line 251.
LaTeX Font Info:    Checking defaults for LGR/cmr/m/n on input line 251.
LaTeX Font Info:    Trying to load font information for LGR+cmr on input line 2
51.
 (C:\Users\AKAM\AppData\Roaming\MiKTeX\tex/latex/cbfonts-fd\lgrcmr.fd
File: lgrcmr.fd 2017/07/29 v1.2 Greek European Computer Regular
)
LaTeX Font Info:    ... okay on input line 251.

*geometry* driver: auto-detecting
*geometry* detected driver: pdftex
*geometry* verbose mode - [ preamble ] result:
* driver: pdftex
* paper: a4paper
* layout: <same size as paper>
* layoutoffset:(h,v)=(0.0pt,0.0pt)
* modes: twoside 
* h-part:(L,W,R)=(57.81621pt, 496.32924pt, 43.36243pt)
* v-part:(T,H,B)=(57.81621pt, 729.41443pt, 57.81621pt)
* \paperwidth=597.50787pt
* \paperheight=845.04684pt
* \textwidth=496.32924pt
* \textheight=729.41443pt
* \oddsidemargin=-14.45378pt
* \evensidemargin=-28.90756pt
* \topmargin=-44.52127pt
* \headheight=12.0pt
* \headsep=18.06749pt
* \topskip=10.0pt
* \footskip=25.29494pt
* \marginparwidth=115.0pt
* \marginparsep=7.0pt
* \columnsep=10.0pt
* \skip\footins=9.0pt plus 4.0pt minus 2.0pt
* \hoffset=0.0pt
* \voffset=0.0pt
* \mag=1000
* \@twocolumnfalse
* \@twosidetrue
* \@mparswitchtrue
* \@reversemarginfalse
* (1in=72.27pt=25.4mm, 1cm=28.453pt)

(C:\Program Files\MiKTeX\tex/context/base/mkii\supp-pdf.mkii
[Loading MPS to PDF converter (version 2006.09.02).]
\scratchcounter=\count398
\scratchdimen=\dimen336
\scratchbox=\box102
\nofMPsegments=\count399
\nofMParguments=\count400
\everyMPshowfont=\toks68
\MPscratchCnt=\count401
\MPscratchDim=\dimen337
\MPnumerator=\count402
\makeMPintoPDFobject=\count403
\everyMPtoPDFconversion=\toks69
) (C:\Program Files\MiKTeX\tex/latex/epstopdf-pkg\epstopdf-base.sty
Package: epstopdf-base 2020-01-24 v2.11 Base part for package epstopdf
Package epstopdf-base Info: Redefining graphics rule for `.eps' on input line 4
85.

(C:\Program Files\MiKTeX\tex/latex/00miktex\epstopdf-sys.cfg
File: epstopdf-sys.cfg 2021/03/18 v2.0 Configuration of epstopdf for MiKTeX
))
Package caption Info: Begin \AtBeginDocument code.
Package caption Info: float package is loaded.
Package caption Info: hyperref package is loaded.
Package caption Info: listings package is loaded.
Package caption Info: longtable package is loaded.

(C:\Users\AKAM\AppData\Roaming\MiKTeX\tex/latex/caption\ltcaption.sty
Package: ltcaption 2021/01/08 v1.4c longtable captions (AR)
)
Package caption Info: wrapfig package is loaded.
Package caption Info: End \AtBeginDocument code.
Package hyperref Info: Link coloring OFF on input line 251.

(TAZ_BOOK.out) (TAZ_BOOK.out)
\@outlinefile=\write5
\openout5 = `TAZ_BOOK.out'.


(C:\Program Files\MiKTeX\tex/latex/base\textcomp.sty
Package: textcomp 2024/04/24 v2.1b Standard LaTeX package
)
\c@lstlisting=\count404

(C:\Users\AKAM\AppData\Roaming\MiKTeX\tex/latex/pdflscape\pdflscape.sty
Package: pdflscape 2022-10-27 v0.13 Display of landscape pages in PDF

(C:\Users\AKAM\AppData\Roaming\MiKTeX\tex/latex/pdflscape\pdflscape-nometadata.
sty
Package: pdflscape-nometadata 2022-10-28 v0.13 Display of landscape pages in PD
F (HO)
 (C:\Program Files\MiKTeX\tex/latex/graphics\lscape.sty
Package: lscape 2020/05/28 v3.02 Landscape Pages (DPC)
)
Package pdflscape Info: Auto-detected driver: pdftex on input line 81.
))

pdfTeX warning: pdflatex (file ../taz_front_cover.pdf): PDF inclusion: found PD
F version <1.7>, but at most version <1.5> allowed
<../taz_front_cover.pdf, id=254, 596.98032pt x 844.65562pt>
File: ../taz_front_cover.pdf Graphic file (type pdf)
<use ../taz_front_cover.pdf>
Package pdftex.def Info: ../taz_front_cover.pdf  used on input line 257.
(pdftex.def)             Requested size: 596.97885pt x 844.65356pt.


pdfTeX warning: pdflatex (file ../taz_front_cover.pdf): PDF inclusion: found PD
F version <1.7>, but at most version <1.5> allowed
File: ../taz_front_cover.pdf Graphic file (type pdf)
<use ../taz_front_cover.pdf>
Package pdftex.def Info: ../taz_front_cover.pdf  used on input line 257.
(pdftex.def)             Requested size: 596.97885pt x 844.65356pt.


pdfTeX warning: pdflatex (file ../taz_front_cover.pdf): PDF inclusion: found PD
F version <1.7>, but at most version <1.5> allowed


pdfTeX warning: pdflatex (file ../taz_front_cover.pdf): PDF inclusion: found PD
F version <1.7>, but at most version <1.5> allowed
<../taz_front_cover.pdf, id=257, page=1, 596.98032pt x 844.65562pt>
File: ../taz_front_cover.pdf Graphic file (type pdf)
<use ../taz_front_cover.pdf, page 1>
Package pdftex.def Info: ../taz_front_cover.pdf , page1 used on input line 257.

(pdftex.def)             Requested size: 596.97885pt x 844.65356pt.
File: ../taz_front_cover.pdf Graphic file (type pdf)
<use ../taz_front_cover.pdf, page 1>
Package pdftex.def Info: ../taz_front_cover.pdf , page1 used on input line 257.

(pdftex.def)             Requested size: 597.71669pt x 845.69751pt.
File: ../taz_front_cover.pdf Graphic file (type pdf)
<use ../taz_front_cover.pdf, page 1>
Package pdftex.def Info: ../taz_front_cover.pdf , page1 used on input line 257.

(pdftex.def)             Requested size: 597.71669pt x 845.69751pt.
File: ../taz_front_cover.pdf Graphic file (type pdf)
<use ../taz_front_cover.pdf, page 1>
Package pdftex.def Info: ../taz_front_cover.pdf , page1 used on input line 257.

(pdftex.def)             Requested size: 597.71669pt x 845.69751pt.


File: ../taz_front_cover.pdf Graphic file (type pdf)
<use ../taz_front_cover.pdf, page 1>
Package pdftex.def Info: ../taz_front_cover.pdf , page1 used on input line 257.

(pdftex.def)             Requested size: 597.71669pt x 845.69751pt.
[1



 <../taz_front_cover.pdf>]
<resources/pdfs/FrontisMatter.pdf, id=272, 614.295pt x 794.97pt>
File: resources/pdfs/FrontisMatter.pdf Graphic file (type pdf)
<use resources/pdfs/FrontisMatter.pdf>
Package pdftex.def Info: resources/pdfs/FrontisMatter.pdf  used on input line 2
61.
(pdftex.def)             Requested size: 614.29349pt x 794.96806pt.
File: resources/pdfs/FrontisMatter.pdf Graphic file (type pdf)
<use resources/pdfs/FrontisMatter.pdf>
Package pdftex.def Info: resources/pdfs/FrontisMatter.pdf  used on input line 2
61.
(pdftex.def)             Requested size: 614.29349pt x 794.96806pt.
<resources/pdfs/FrontisMatter.pdf, id=275, page=1, 614.295pt x 794.97pt>
File: resources/pdfs/FrontisMatter.pdf Graphic file (type pdf)
<use resources/pdfs/FrontisMatter.pdf, page 1>
Package pdftex.def Info: resources/pdfs/FrontisMatter.pdf , page1 used on input
 line 261.
(pdftex.def)             Requested size: 614.29349pt x 794.96806pt.
File: resources/pdfs/FrontisMatter.pdf Graphic file (type pdf)
<use resources/pdfs/FrontisMatter.pdf, page 1>
Package pdftex.def Info: resources/pdfs/FrontisMatter.pdf , page1 used on input
 line 261.
(pdftex.def)             Requested size: 597.78697pt x 773.60669pt.
File: resources/pdfs/FrontisMatter.pdf Graphic file (type pdf)
<use resources/pdfs/FrontisMatter.pdf, page 1>
Package pdftex.def Info: resources/pdfs/FrontisMatter.pdf , page1 used on input
 line 261.
(pdftex.def)             Requested size: 597.78697pt x 773.60669pt.
File: resources/pdfs/FrontisMatter.pdf Graphic file (type pdf)
<use resources/pdfs/FrontisMatter.pdf, page 1>
Package pdftex.def Info: resources/pdfs/FrontisMatter.pdf , page1 used on input
 line 261.
(pdftex.def)             Requested size: 597.78697pt x 773.60669pt.


File: resources/pdfs/FrontisMatter.pdf Graphic file (type pdf)
<use resources/pdfs/FrontisMatter.pdf, page 1>
Package pdftex.def Info: resources/pdfs/FrontisMatter.pdf , page1 used on input
 line 261.
(pdftex.def)             Requested size: 597.78697pt x 773.60669pt.
[2

 <./resources/pdfs/FrontisMatter.pdf>]
<resources/pdfs/FrontisMatter.pdf, id=305, page=2, 614.295pt x 794.97pt>
File: resources/pdfs/FrontisMatter.pdf Graphic file (type pdf)
<use resources/pdfs/FrontisMatter.pdf, page 2>
Package pdftex.def Info: resources/pdfs/FrontisMatter.pdf , page2 used on input
 line 261.
(pdftex.def)             Requested size: 597.78697pt x 773.60669pt.
File: resources/pdfs/FrontisMatter.pdf Graphic file (type pdf)
<use resources/pdfs/FrontisMatter.pdf, page 2>
Package pdftex.def Info: resources/pdfs/FrontisMatter.pdf , page2 used on input
 line 261.
(pdftex.def)             Requested size: 597.78697pt x 773.60669pt.


File: resources/pdfs/FrontisMatter.pdf Graphic file (type pdf)
<use resources/pdfs/FrontisMatter.pdf, page 2>
Package pdftex.def Info: resources/pdfs/FrontisMatter.pdf , page2 used on input
 line 261.
(pdftex.def)             Requested size: 597.78697pt x 773.60669pt.
[3

 <./resources/pdfs/FrontisMatter.pdf>]
<resources/pdfs/FrontisMatter.pdf, id=324, page=3, 614.295pt x 794.97pt>
File: resources/pdfs/FrontisMatter.pdf Graphic file (type pdf)
<use resources/pdfs/FrontisMatter.pdf, page 3>
Package pdftex.def Info: resources/pdfs/FrontisMatter.pdf , page3 used on input
 line 261.
(pdftex.def)             Requested size: 597.78697pt x 773.60669pt.
File: resources/pdfs/FrontisMatter.pdf Graphic file (type pdf)
<use resources/pdfs/FrontisMatter.pdf, page 3>
Package pdftex.def Info: resources/pdfs/FrontisMatter.pdf , page3 used on input
 line 261.
(pdftex.def)             Requested size: 597.78697pt x 773.60669pt.


File: resources/pdfs/FrontisMatter.pdf Graphic file (type pdf)
<use resources/pdfs/FrontisMatter.pdf, page 3>
Package pdftex.def Info: resources/pdfs/FrontisMatter.pdf , page3 used on input
 line 261.
(pdftex.def)             Requested size: 597.78697pt x 773.60669pt.
[4

 <./resources/pdfs/FrontisMatter.pdf>]
<resources/pdfs/FrontisMatter.pdf, id=341, page=4, 614.295pt x 794.97pt>
File: resources/pdfs/FrontisMatter.pdf Graphic file (type pdf)
<use resources/pdfs/FrontisMatter.pdf, page 4>
Package pdftex.def Info: resources/pdfs/FrontisMatter.pdf , page4 used on input
 line 261.
(pdftex.def)             Requested size: 597.78697pt x 773.60669pt.
File: resources/pdfs/FrontisMatter.pdf Graphic file (type pdf)
<use resources/pdfs/FrontisMatter.pdf, page 4>
Package pdftex.def Info: resources/pdfs/FrontisMatter.pdf , page4 used on input
 line 261.
(pdftex.def)             Requested size: 597.78697pt x 773.60669pt.


File: resources/pdfs/FrontisMatter.pdf Graphic file (type pdf)
<use resources/pdfs/FrontisMatter.pdf, page 4>
Package pdftex.def Info: resources/pdfs/FrontisMatter.pdf , page4 used on input
 line 261.
(pdftex.def)             Requested size: 597.78697pt x 773.60669pt.
[5

 <./resources/pdfs/FrontisMatter.pdf>]
<resources/pdfs/FrontisMatter.pdf, id=347, page=5, 614.295pt x 794.97pt>
File: resources/pdfs/FrontisMatter.pdf Graphic file (type pdf)
<use resources/pdfs/FrontisMatter.pdf, page 5>
Package pdftex.def Info: resources/pdfs/FrontisMatter.pdf , page5 used on input
 line 261.
(pdftex.def)             Requested size: 597.78697pt x 773.60669pt.
File: resources/pdfs/FrontisMatter.pdf Graphic file (type pdf)
<use resources/pdfs/FrontisMatter.pdf, page 5>
Package pdftex.def Info: resources/pdfs/FrontisMatter.pdf , page5 used on input
 line 261.
(pdftex.def)             Requested size: 597.78697pt x 773.60669pt.


File: resources/pdfs/FrontisMatter.pdf Graphic file (type pdf)
<use resources/pdfs/FrontisMatter.pdf, page 5>
Package pdftex.def Info: resources/pdfs/FrontisMatter.pdf , page5 used on input
 line 261.
(pdftex.def)             Requested size: 597.78697pt x 773.60669pt.
[6

 <./resources/pdfs/FrontisMatter.pdf>]
<resources/pdfs/FrontisMatter.pdf, id=360, page=6, 614.295pt x 794.97pt>
File: resources/pdfs/FrontisMatter.pdf Graphic file (type pdf)
<use resources/pdfs/FrontisMatter.pdf, page 6>
Package pdftex.def Info: resources/pdfs/FrontisMatter.pdf , page6 used on input
 line 261.
(pdftex.def)             Requested size: 597.78697pt x 773.60669pt.
File: resources/pdfs/FrontisMatter.pdf Graphic file (type pdf)
<use resources/pdfs/FrontisMatter.pdf, page 6>
Package pdftex.def Info: resources/pdfs/FrontisMatter.pdf , page6 used on input
 line 261.
(pdftex.def)             Requested size: 597.78697pt x 773.60669pt.


File: resources/pdfs/FrontisMatter.pdf Graphic file (type pdf)
<use resources/pdfs/FrontisMatter.pdf, page 6>
Package pdftex.def Info: resources/pdfs/FrontisMatter.pdf , page6 used on input
 line 261.
(pdftex.def)             Requested size: 597.78697pt x 773.60669pt.
[7

 <./resources/pdfs/FrontisMatter.pdf>]
<resources/pdfs/FrontisMatter.pdf, id=375, page=7, 614.295pt x 794.97pt>
File: resources/pdfs/FrontisMatter.pdf Graphic file (type pdf)
<use resources/pdfs/FrontisMatter.pdf, page 7>
Package pdftex.def Info: resources/pdfs/FrontisMatter.pdf , page7 used on input
 line 261.
(pdftex.def)             Requested size: 597.78697pt x 773.60669pt.
File: resources/pdfs/FrontisMatter.pdf Graphic file (type pdf)
<use resources/pdfs/FrontisMatter.pdf, page 7>
Package pdftex.def Info: resources/pdfs/FrontisMatter.pdf , page7 used on input
 line 261.
(pdftex.def)             Requested size: 597.78697pt x 773.60669pt.


File: resources/pdfs/FrontisMatter.pdf Graphic file (type pdf)
<use resources/pdfs/FrontisMatter.pdf, page 7>
Package pdftex.def Info: resources/pdfs/FrontisMatter.pdf , page7 used on input
 line 261.
(pdftex.def)             Requested size: 597.78697pt x 773.60669pt.
[8

 <./resources/pdfs/FrontisMatter.pdf>]
LaTeX Font Info:    Trying to load font information for U+msa on input line 266
.

(C:\Program Files\MiKTeX\tex/latex/amsfonts\umsa.fd
File: umsa.fd 2013/01/14 v3.01 AMS symbols A
)
LaTeX Font Info:    Trying to load font information for U+msb on input line 266
.

(C:\Program Files\MiKTeX\tex/latex/amsfonts\umsb.fd
File: umsb.fd 2013/01/14 v3.01 AMS symbols B
)


pdfTeX warning (ext4): destination with the same identifier (name{page.i}) has 
been already used, duplicate ignored
<to be read again> 
                   \relax 
l.266 
       [1

{C:/Users/AKAM/AppData/Local/MiKTeX/fonts/map/pdftex/pdftex.map}]


pdfTeX warning (ext4): destination with the same identifier (name{page.ii}) has
 been already used, duplicate ignored
<to be read again> 
                   \relax 
l.267 \chapter
              *{Dedication} [2

]
LaTeX Font Info:    Trying to load font information for OMS+cmr on input line 2
74.

(C:\Program Files\MiKTeX\tex/latex/base\omscmr.fd
File: omscmr.fd 2023/04/13 v2.5m Standard LaTeX font definitions
)
LaTeX Font Info:    Font shape `OMS/cmr/m/n' in size <17.28> not available
(Font)              Font shape `OMS/cmsy/m/n' tried instead on input line 274.



pdfTeX warning (ext4): destination with the same identifier (name{page.iii}) ha
s been already used, duplicate ignored
<to be read again> 
                   \relax 
l.285 \tableofcontents
                       [3]


pdfTeX warning (ext4): destination with the same identifier (name{page.iv}) has
 been already used, duplicate ignored
<to be read again> 
                   \relax 
l.285 \tableofcontents
                       [4

] (TAZ_BOOK.toc
Underfull \vbox (badness 1297) has occurred while \output is active []




pdfTeX warning (ext4): destination with the same identifier (name{page.v}) has 
been already used, duplicate ignored
<to be read again> 
                   \relax 
l.23 ...r}{\numberline {8}C: CLEAR}{35}{chapter.8}
                                                  % [5]


pdfTeX warning (ext4): destination with the same identifier (name{page.vi}) has
 been already used, duplicate ignored
<to be read again> 
                   \relax 
l.53 ... {lutalo_2025_rpg}}{91}{subsection.13.3.1}
                                                  % [6])
\tf@toc=\write6
\openout6 = `TAZ_BOOK.toc'.




pdfTeX warning (ext4): destination with the same identifier (name{page.vii}) ha
s been already used, duplicate ignored
<to be read again> 
                   \relax 
l.287 \listoffigures
                     [7]


pdfTeX warning (ext4): destination with the same identifier (name{page.viii}) h
as been already used, duplicate ignored
<to be read again> 
                   \relax 
l.287 \listoffigures
                     [8

] (TAZ_BOOK.lof

[9])
\tf@lof=\write7
\openout7 = `TAZ_BOOK.lof'.



[10] (TAZ_BOOK.lot)
\tf@lot=\write8
\openout8 = `TAZ_BOOK.lot'.



[11

]

[12

]

[13]

[14

]
Underfull \hbox (badness 10000) in paragraph at lines 376--380

 []



[1

]

[2

]
Chapter 1.

Underfull \hbox (badness 10000) in paragraph at lines 391--392

 []

LaTeX Font Info:    Trying to load font information for TS1+cmtt on input line 
399.
(C:\Program Files\MiKTeX\tex/latex/base\ts1cmtt.fd
File: ts1cmtt.fd 2023/04/13 v2.5m Standard LaTeX font definitions
)
LaTeX Font Info:    Trying to load font information for OMS+cmtt on input line 
399.
LaTeX Font Info:    No file OMScmtt.fd. on input line 399.


LaTeX Font Warning: Font shape `OMS/cmtt/m/n' undefined
(Font)              using `OMS/cmsy/m/n' instead
(Font)              for symbol `textbraceleft' on input line 399.

LaTeX Font Info:    Font shape `OMS/cmr/m/n' in size <12> not available
(Font)              Font shape `OMS/cmsy/m/n' tried instead on input line 399.


[3]

[4]

[5]

[6

]
Chapter 2.


[7]
Overfull \hbox (10.94144pt too wide) in paragraph at lines 502--503
[]\OT1/cmr/bx/n/12 The in-struc-tion starts with a sin-gle let-ter from Latin a
l-pha-bet \OT1/cmr/m/n/12 --- $\OML/cmm/m/it/12  [] \OT1/cmr/m/n/12 = \OMS/cmsy
/m/n/12 h\OML/cmm/m/it/12 a; b; c; :::; y; z\OMS/cmsy/m/n/12 i$\OT1/cmr/m/n/12 
,
 []


Underfull \vbox (badness 10000) has occurred while \output is active []



[8]
LaTeX Font Info:    Trying to load font information for LGR+cmtt on input line 
551.
 (C:\Users\AKAM\AppData\Roaming\MiKTeX\tex/latex/cbfonts-fd\lgrcmtt.fd
File: lgrcmtt.fd 2017/07/29 v1.2 Greek European Computer Typewriter
)
Underfull \vbox (badness 10000) has occurred while \output is active []



[9]
Underfull \vbox (badness 10000) has occurred while \output is active []



[10]
Package hyperref Info: bookmark level for unknown lstlisting defaults to 0 on i
nput line 642.

Underfull \vbox (badness 10000) has occurred while \output is active []



[11]

[12]

pdfTeX warning: pdflatex (file ./resources/pdfs/TEA_PROGRAM_EXEC_PROCESS.pdf): 
PDF inclusion: found PDF version <1.7>, but at most version <1.5> allowed
<resources/pdfs/TEA_PROGRAM_EXEC_PROCESS.pdf, id=777, 614.295pt x 794.97pt>
File: resources/pdfs/TEA_PROGRAM_EXEC_PROCESS.pdf Graphic file (type pdf)
<use resources/pdfs/TEA_PROGRAM_EXEC_PROCESS.pdf>
Package pdftex.def Info: resources/pdfs/TEA_PROGRAM_EXEC_PROCESS.pdf  used on i
nput line 704.
(pdftex.def)             Requested size: 446.69328pt x 557.38918pt.
<resources/tea_cs_is.png, id=780, 1027.84pt x 1027.84pt>
File: resources/tea_cs_is.png Graphic file (type png)
<use resources/tea_cs_is.png>
Package pdftex.def Info: resources/tea_cs_is.png  used on input line 719.
(pdftex.def)             Requested size: 446.69328pt x 434.33347pt.


[13 <./resources/pdfs/TEA_PROGRAM_EXEC_PROCESS.pdf>]

[14 <./resources/tea_cs_is.png>]

[15]

[16

]
Chapter 3.
[17]

[18]

[19]

[20

]
Chapter 4.

Underfull \hbox (badness 10000) in paragraph at lines 875--876

 []



[21]
Overfull \hbox (5.3601pt too wide) in paragraph at lines 914--915
[]\OT1/cmr/m/n/12 In [[]] is cov-ered well, the mat-ter of the TEA lan-guage an
d its re-la-tion to the tra-di-tional UNIX/Linux
 []



[22]
Chapter 5.


[23

]

[24

]
Chapter 6.

Underfull \vbox (badness 10000) has occurred while \output is active []



[25]

[26]

[27]

[28

]
Chapter 7.

Underfull \hbox (badness 3058) in paragraph at lines 1077--1078
[]\OT1/cmr/m/n/17.28 Reduce in-put/list to dis-tinct
 []


Underfull \vbox (badness 10000) has occurred while \output is active []



[29]
Underfull \vbox (badness 1748) has occurred while \output is active []



[30]

[31]
Overfull \hbox (25.5006pt too wide) in paragraph at lines 1246--1262
 [][] 
 []



[32]

[33]

[34

]
Chapter 8.

Underfull \hbox (badness 1189) in paragraph at lines 1336--1337
[]\OT1/cmr/m/n/17.28 Guarantee sub-se-quent in-struc-
 []


Underfull \hbox (badness 1033) in paragraph at lines 1337--1338
[]\OT1/cmr/m/n/17.28 Automagically cre-ate and ini-
 []


Underfull \vbox (badness 10000) has occurred while \output is active []



[35]
Underfull \vbox (badness 10000) has occurred while \output is active []



[36]

[37]
Overfull \hbox (314.54082pt too wide) in paragraph at lines 1497--1498
[][][][][][][][][][][][][][][][][][][][][][][][][][][][][][][][][][][][][][][][
][][][][][][][][][][][][][][][][][][][][][][][][][][][][][][][][] 
 []


Overfull \hbox (24.74138pt too wide) in paragraph at lines 1533--1534
[][][][][][][][][][][][][][][][][][][][][][][][] 
 []


Overfull \hbox (12.1414pt too wide) in paragraph at lines 1537--1538
[][][][][][][][][][][][][][][][][][][][][][] 
 []


Overfull \hbox (24.74138pt too wide) in paragraph at lines 1544--1545
[][][][][][][][][][][][][][][][][][][][][][] 
 []


Underfull \vbox (badness 10000) has occurred while \output is active []



[38]
Overfull \vbox (32.54602pt too high) has occurred while \output is active []



[39]
Overfull \hbox (251.54094pt too wide) in paragraph at lines 1560--1561
[][][][][][][][][][][][][][][][][][][][][][][][][][][][][][][][][][][][][][][][
][][][][][][][][][][][][][][][][][][][][][][][][][][][][] 
 []


Overfull \hbox (24.74138pt too wide) in paragraph at lines 1602--1603
[][][][][][][][][][][][][][][][][][][][][][][][] 
 []


Overfull \hbox (49.94133pt too wide) in paragraph at lines 1609--1610
[][][][][][][][][][][][][][][][][][][][][][][][][][] 
 []


Underfull \vbox (badness 10000) has occurred while \output is active []



[40]
Underfull \vbox (badness 10000) has occurred while \output is active []



[41]

[42]

[43]

[44]

Package caption Warning: \setcaptiontype
(caption)                outside box or environment on input line 1859.
See the caption package documentation for explanation.


Package caption Warning: The option `hypcap=true' will be ignored for this
(caption)                particular \caption on input line 1859.
See the caption package documentation for explanation.

<resources/images/nsigil_intro.png, id=1388, 1673.25125pt x 2930.95pt>
File: resources/images/nsigil_intro.png Graphic file (type png)
<use resources/images/nsigil_intro.png>
Package pdftex.def Info: resources/images/nsigil_intro.png  used on input line 
1888.
(pdftex.def)             Requested size: 223.34663pt x 391.18892pt.
<resources/images/nsigil_ossi.png, id=1389, 1673.25125pt x 2930.95pt>
File: resources/images/nsigil_ossi.png Graphic file (type png)
<use resources/images/nsigil_ossi.png>
Package pdftex.def Info: resources/images/nsigil_ossi.png  used on input line 1
894.
(pdftex.def)             Requested size: 223.34663pt x 391.18892pt.


[45]
<resources/images/nsigil_qrcode.png, id=1433, 1673.25125pt x 2930.95pt>
File: resources/images/nsigil_qrcode.png Graphic file (type png)
<use resources/images/nsigil_qrcode.png>
Package pdftex.def Info: resources/images/nsigil_qrcode.png  used on input line
 1905.
(pdftex.def)             Requested size: 249.82793pt x 437.6531pt.

Underfull \vbox (badness 10000) has occurred while \output is active []



[46 <./resources/images/nsigil_intro.png> <./resources/images/nsigil_ossi.png>]


[47 <./resources/images/nsigil_qrcode.png>]
Overfull \hbox (47.47357pt too wide) detected at line 1994
 []$[]  \OML/cmm/m/it/12 vCOORDINATES \OT1/cmr/m/n/12 = \OMS/cmsy/m/n/12 h\OT1/
cmr/m/n/12 (1\OML/cmm/m/it/12 ; vAA\OT1/cmr/m/n/12 )\OML/cmm/m/it/12 ; \OT1/cmr
/m/n/12 (2\OML/cmm/m/it/12 ; vB\OT1/cmr/m/n/12 )\OML/cmm/m/it/12 ; \OT1/cmr/m/n
/12 (3\OML/cmm/m/it/12 ; vC\OT1/cmr/m/n/12 )\OML/cmm/m/it/12 ; \OT1/cmr/m/n/12 
(4\OML/cmm/m/it/12 ; vD\OT1/cmr/m/n/12 )\OML/cmm/m/it/12 ; \OT1/cmr/m/n/12 (5\O
ML/cmm/m/it/12 ; vE\OT1/cmr/m/n/12 )\OML/cmm/m/it/12 ; \OT1/cmr/m/n/12 (6\OML/c
mm/m/it/12 ; vF\OT1/cmr/m/n/12 )\OML/cmm/m/it/12 ; \OT1/cmr/m/n/12 (\OML/cmm/m/
it/12 vAA; \OT1/cmr/m/n/12 1)\OML/cmm/m/it/12 ; \OT1/cmr/m/n/12 (\OML/cmm/m/it/
12 vB; \OT1/cmr/m/n/12 2)\OML/cmm/m/it/12 ; \OT1/cmr/m/n/12 (\OML/cmm/m/it/12 v
C; \OT1/cmr/m/n/12 3)\OML/cmm/m/it/12 ;$ 
 []



[48]

[49]

[50

]
Chapter 9.

Underfull \vbox (badness 10000) has occurred while \output is active []



[51]

[52]
LaTeX Font Info:    Font shape `OMS/cmr/m/n' in size <8> not available
(Font)              Font shape `OMS/cmsy/m/n' tried instead on input line 2203.



[53]
\g__tcobox_out_iow=\write9
\openout9 = `TAZ_BOOK.listing'.

 (TAZ_BOOK.listing)

[54]

[55]

[56

]
Chapter 10.

Underfull \hbox (badness 10000) in paragraph at lines 2322--2323
[]\OT1/cmr/m/n/17.28 Securely pro-cess-ing Ex-ter-
 []


Underfull \vbox (badness 10000) has occurred while \output is active []



[57]

[58]
LaTeX Font Info:    Font shape `OT1/cmtt/bx/n' in size <10> not available
(Font)              Font shape `OT1/cmtt/m/n' tried instead on input line 2397.


Underfull \hbox (badness 10000) in paragraph at lines 2397--2397
[]|\OT1/cmr/bx/n/10 Direct Eval-u-a-tion
 []


Underfull \hbox (badness 10000) in paragraph at lines 2397--2397
[]|\OT1/cmr/bx/n/10 Compilation Re-
 []


Underfull \hbox (badness 1466) in paragraph at lines 2397--2398
[]|\OT1/cmr/bx/n/10 Can Mod-ify Main
 []


Underfull \hbox (badness 10000) in paragraph at lines 2401--2401
[]|\OT1/cmr/m/n/10 No (\OT1/cmtt/m/n/10 system() \OT1/cmr/m/n/10 or
 []


Underfull \hbox (badness 3838) in paragraph at lines 2401--2401
\OT1/cmr/m/n/10 dy-namic load-ing via
 []


Underfull \hbox (badness 6675) in paragraph at lines 2401--2401
[]|\OT1/cmr/m/n/10 Limited (via shared
 []


Underfull \hbox (badness 6001) in paragraph at lines 2401--2401
\OT1/cmr/m/n/10 li-braries or func-tion
 []


Underfull \hbox (badness 10000) in paragraph at lines 2403--2403
[]|\OT1/cmr/m/n/10 No (\OT1/cmtt/m/n/10 system() \OT1/cmr/m/n/10 or
 []


Underfull \hbox (badness 10000) in paragraph at lines 2403--2403
\OT1/cmr/m/n/10 dy-nam-ic/shared li-
 []


Underfull \hbox (badness 3838) in paragraph at lines 2403--2403
\OT1/cmr/m/n/10 link-ing and func-tion
 []


Underfull \hbox (badness 10000) in paragraph at lines 2405--2405
[]|\OT1/cmr/m/n/10 Yes (\OT1/cmtt/m/n/10 erl[]eval\OT1/cmr/m/n/10 ,
 []


Underfull \hbox (badness 10000) in paragraph at lines 2405--2405
[]|\OT1/cmr/m/n/10 Optional (hot code
 []


Underfull \hbox (badness 10000) in paragraph at lines 2407--2407
[]|\OT1/cmr/m/n/10 No (\OT1/cmtt/m/n/10 JavaCompiler\OT1/cmr/m/n/10 ,
 []


Underfull \hbox (badness 10000) in paragraph at lines 2413--2413
[]|\OT1/cmr/m/n/10 Yes (\OT1/cmtt/m/n/10 eval()\OT1/cmr/m/n/10 ,
 []


Underfull \hbox (badness 10000) in paragraph at lines 2413--2413
[]|\OT1/cmr/m/n/10 Yes (mod-i-fies glob-
 []


Underfull \hbox (badness 10000) in paragraph at lines 2415--2415
[]|\OT1/cmr/m/n/10 Yes (\OT1/cmtt/m/n/10 eval()\OT1/cmr/m/n/10 ,
 []


Underfull \hbox (badness 10000) in paragraph at lines 2418--2418
[]|\OT1/cmr/m/n/10 Yes (\OT1/cmtt/m/n/10 e!:, e!:STR,
 []



[59]

[60]
Underfull \vbox (badness 10000) has occurred while \output is active []



[61]
Underfull \vbox (badness 5217) has occurred while \output is active []



[62]
Underfull \vbox (badness 10000) has occurred while \output is active []



[63]
\openout9 = `TAZ_BOOK.listing'.

 (TAZ_BOOK.listing)

[64]
\openout9 = `TAZ_BOOK.listing'.

 (TAZ_BOOK.listing)
\openout9 = `TAZ_BOOK.listing'.

 (TAZ_BOOK.listing)

[65]
<resources/images/self_mod1.jpg, id=1758, 1027.84pt x 1027.84pt>
File: resources/images/self_mod1.jpg Graphic file (type jpg)
<use resources/images/self_mod1.jpg>
Package pdftex.def Info: resources/images/self_mod1.jpg  used on input line 277
4.
(pdftex.def)             Requested size: 223.34663pt x 223.33382pt.
<resources/images/self_mod2.jpg, id=1759, 1027.84pt x 1027.84pt>
File: resources/images/self_mod2.jpg Graphic file (type jpg)
<use resources/images/self_mod2.jpg>
Package pdftex.def Info: resources/images/self_mod2.jpg  used on input line 278
0.
(pdftex.def)             Requested size: 223.34663pt x 223.33382pt.
<resources/images/self_mod3.jpg, id=1760, 1027.84pt x 1027.84pt>
File: resources/images/self_mod3.jpg Graphic file (type jpg)
<use resources/images/self_mod3.jpg>
Package pdftex.def Info: resources/images/self_mod3.jpg  used on input line 279
2.
(pdftex.def)             Requested size: 223.34663pt x 223.33382pt.
<resources/images/hacker.jpg, id=1761, 716.6775pt x 1084.05pt>
File: resources/images/hacker.jpg Graphic file (type jpg)
<use resources/images/hacker.jpg>
Package pdftex.def Info: resources/images/hacker.jpg  used on input line 2798.
(pdftex.def)             Requested size: 223.34663pt x 337.82195pt.

Underfull \vbox (badness 10000) has occurred while \output is active []



[66 <./resources/images/self_mod1.jpg> <./resources/images/self_mod2.jpg>]
Underfull \hbox (badness 10000) in paragraph at lines 2847--2847

 []


Underfull \vbox (badness 10000) has occurred while \output is active []



[67 <./resources/images/self_mod3.jpg> <./resources/images/hacker.jpg>]
Underfull \vbox (badness 10000) has occurred while \output is active []



[68]
\openout9 = `TAZ_BOOK.listing'.

 (TAZ_BOOK.listing)
Underfull \vbox (badness 10000) has occurred while \output is active []



[69]

[70]

[71]

[72

]
Chapter 11.

Underfull \hbox (badness 3078) in paragraph at lines 2989--2990
[]\OT1/cmr/m/n/17.28 Conditionally Jump across a
 []


Underfull \hbox (badness 1253) in paragraph at lines 2993--2994
[]\OT1/cmr/m/n/17.28 Singular or Bi-nary Branch-ing
 []


Underfull \vbox (badness 10000) has occurred while \output is active []



[73]

[74]

pdfTeX warning: pdflatex (file ./resources/pdfs/all_willrich_psychology.pdf): P
DF inclusion: found PDF version <1.7>, but at most version <1.5> allowed
<resources/pdfs/all_willrich_psychology.pdf, id=1916, 597.19106pt x 845.07718pt
>
File: resources/pdfs/all_willrich_psychology.pdf Graphic file (type pdf)
<use resources/pdfs/all_willrich_psychology.pdf>
Package pdftex.def Info: resources/pdfs/all_willrich_psychology.pdf  used on in
put line 3097.
(pdftex.def)             Requested size: 446.69328pt x 376.71776pt.

Underfull \vbox (badness 10000) has occurred while \output is active []



[75]

[76 <./resources/pdfs/all_willrich_psychology.pdf>]

[77]

Package caption Warning: The option `hypcap=true' will be ignored for this
(caption)                particular \caption on input line 3240.
See the caption package documentation for explanation.

<resources/images/zha3.png, id=2043, 673.01437pt x 434.37282pt>
File: resources/images/zha3.png Graphic file (type png)
<use resources/images/zha3.png>
Package pdftex.def Info: resources/images/zha3.png  used on input line 3264.
(pdftex.def)             Requested size: 397.0649pt x 256.2711pt.

Underfull \vbox (badness 10000) has occurred while \output is active []



[78]

[79 <./resources/images/zha3.png>]

[80

]
Chapter 12.

Underfull \vbox (badness 10000) has occurred while \output is active []



[81]

[82]
Underfull \vbox (badness 10000) has occurred while \output is active []



[83]
\openout9 = `TAZ_BOOK.listing'.

 (TAZ_BOOK.listing)
\openout9 = `TAZ_BOOK.listing'.

 (TAZ_BOOK.listing)
\openout9 = `TAZ_BOOK.listing'.

 (TAZ_BOOK.listing)
Underfull \vbox (badness 10000) has occurred while \output is active []



[84]

[85]

[86

]
Chapter 13.

Underfull \hbox (badness 1565) in paragraph at lines 3525--3526
[]\OT1/cmr/m/n/17.28 Help in-tro-duce new-lines into
 []


Underfull \vbox (badness 10000) has occurred while \output is active []



[87]

[88]
\openout9 = `TAZ_BOOK.listing'.

 (TAZ_BOOK.listing)
\openout9 = `TAZ_BOOK.listing'.

 (TAZ_BOOK.listing)
Underfull \vbox (badness 6708) has occurred while \output is active []



[89]

Package hyperref Warning: Token not allowed in a PDF string (Unicode):
(hyperref)                removing `\@ifnextchar' on input line 3696.


Package hyperref Warning: Token not allowed in a PDF string (Unicode):
(hyperref)                removing `subscript' on input line 3696.


Package hyperref Warning: Token not allowed in a PDF string (Unicode):
(hyperref)                removing `subscript' on input line 3696.



pdfTeX warning: pdflatex (file ./resources/pdfs/GAME_STATE_MACHINE---Boobs-N-Tr
aps.pdf): PDF inclusion: found PDF version <1.7>, but at most version <1.5> all
owed
<resources/pdfs/GAME_STATE_MACHINE---Boobs-N-Traps.pdf, id=2241, 716.6775pt x 7
90.87468pt>
File: resources/pdfs/GAME_STATE_MACHINE---Boobs-N-Traps.pdf Graphic file (type 
pdf)
<use resources/pdfs/GAME_STATE_MACHINE---Boobs-N-Traps.pdf>
Package pdftex.def Info: resources/pdfs/GAME_STATE_MACHINE---Boobs-N-Traps.pdf 
 used on input line 3702.
(pdftex.def)             Requested size: 446.69328pt x 475.20958pt.

Underfull \vbox (badness 10000) has occurred while \output is active []



[90]

[91 <./resources/pdfs/GAME_STATE_MACHINE---Boobs-N-Traps.pdf>]

[92]

[93]

[94]

[95]

[96]

[97]

[98]

Package caption Warning: The option `hypcap=true' will be ignored for this
(caption)                particular \caption on input line 4226.
See the caption package documentation for explanation.


Underfull \vbox (badness 10000) has occurred while \output is active []



[99]

[100]
Chapter 14.

Underfull \hbox (badness 10000) in paragraph at lines 4306--4307
[]|\OT1/cmtt/m/n/10 The following signatures and semantics are meant to
 []


Underfull \hbox (badness 10000) in paragraph at lines 4306--4307
\OT1/cmtt/m/n/10 allow for the construction of more sophisticated GUIs
 []


Underfull \hbox (badness 10000) in paragraph at lines 4306--4307
\OT1/cmtt/m/n/10 than would be possible with just I undecorated by the
 []


Underfull \vbox (badness 10000) has occurred while \output is active []



[101

]
\openout9 = `TAZ_BOOK.listing'.

 (TAZ_BOOK.listing)
\openout9 = `TAZ_BOOK.listing'.

 (TAZ_BOOK.listing)
Underfull \vbox (badness 1735) has occurred while \output is active []



[102]
\openout9 = `TAZ_BOOK.listing'.

 (TAZ_BOOK.listing)
\openout9 = `TAZ_BOOK.listing'.

 (TAZ_BOOK.listing)

[103]
\openout9 = `TAZ_BOOK.listing'.

 (TAZ_BOOK.listing)
Underfull \hbox (badness 10000) in paragraph at lines 4505--4505

 []


Underfull \vbox (badness 10000) has occurred while \output is active []



[104]

Package hyperref Warning: Token not allowed in a PDF string (Unicode):
(hyperref)                removing `\@ifnextchar' on input line 4525.


Package hyperref Warning: Token not allowed in a PDF string (Unicode):
(hyperref)                removing `subscript' on input line 4525.


Package hyperref Warning: Token not allowed in a PDF string (Unicode):
(hyperref)                removing `subscript' on input line 4525.

<resources/images/bnt_cli_original.png, id=2915, 403.5075pt x 416.30531pt>
File: resources/images/bnt_cli_original.png Graphic file (type png)
<use resources/images/bnt_cli_original.png>
Package pdftex.def Info: resources/images/bnt_cli_original.png  used on input l
ine 4543.
(pdftex.def)             Requested size: 403.50652pt x 416.30429pt.


[105]
<resources/images/bnt_cli_new.png, id=2922, 371.13657pt x 254.45062pt>
File: resources/images/bnt_cli_new.png Graphic file (type png)
<use resources/images/bnt_cli_new.png>
Package pdftex.def Info: resources/images/bnt_cli_new.png  used on input line 4
552.
(pdftex.def)             Requested size: 371.13565pt x 254.45pt.

Underfull \vbox (badness 10000) has occurred while \output is active []



[106 <./resources/images/bnt_cli_original.png>]
<resources/images/bnt_cli_web.png, id=2930, 355.3275pt x 272.51813pt>
File: resources/images/bnt_cli_web.png Graphic file (type png)
<use resources/images/bnt_cli_web.png>
Package pdftex.def Info: resources/images/bnt_cli_web.png  used on input line 4
564.
(pdftex.def)             Requested size: 355.32661pt x 272.51746pt.


[107 <./resources/images/bnt_cli_new.png> <./resources/images/bnt_cli_web.png>]


[108

]
Chapter 15.
(TAZ_BOOK.bbl

[109]

[110

]

[111])
Underfull \hbox (badness 10000) in paragraph at lines 4625--4625

 []



[112]
<resources/pdfs/AboutAuthor.pdf, id=2983, 614.295pt x 794.97pt>
File: resources/pdfs/AboutAuthor.pdf Graphic file (type pdf)
<use resources/pdfs/AboutAuthor.pdf>
Package pdftex.def Info: resources/pdfs/AboutAuthor.pdf  used on input line 464
4.
(pdftex.def)             Requested size: 505.17802pt x 583.53377pt.

Overfull \hbox (8.84879pt too wide) in paragraph at lines 4644--4644
 [] 
 []


Underfull \vbox (badness 10000) has occurred while \output is active []



[113

]
Overfull \vbox (19.80933pt too high) has occurred while \output is active []



[114 <./resources/pdfs/AboutAuthor.pdf>]

pdfTeX warning: pdflatex (file ../taz_back_cover.pdf): PDF inclusion: found PDF
 version <1.7>, but at most version <1.5> allowed
<../taz_back_cover.pdf, id=3019, 596.98032pt x 844.65562pt>
File: ../taz_back_cover.pdf Graphic file (type pdf)
<use ../taz_back_cover.pdf>
Package pdftex.def Info: ../taz_back_cover.pdf  used on input line 4655.
(pdftex.def)             Requested size: 596.97885pt x 844.65356pt.


pdfTeX warning: pdflatex (file ../taz_back_cover.pdf): PDF inclusion: found PDF
 version <1.7>, but at most version <1.5> allowed
File: ../taz_back_cover.pdf Graphic file (type pdf)
<use ../taz_back_cover.pdf>
Package pdftex.def Info: ../taz_back_cover.pdf  used on input line 4655.
(pdftex.def)             Requested size: 596.97885pt x 844.65356pt.


pdfTeX warning: pdflatex (file ../taz_back_cover.pdf): PDF inclusion: found PDF
 version <1.7>, but at most version <1.5> allowed


pdfTeX warning: pdflatex (file ../taz_back_cover.pdf): PDF inclusion: found PDF
 version <1.7>, but at most version <1.5> allowed
<../taz_back_cover.pdf, id=3022, page=1, 596.98032pt x 844.65562pt>
File: ../taz_back_cover.pdf Graphic file (type pdf)
<use ../taz_back_cover.pdf, page 1>
Package pdftex.def Info: ../taz_back_cover.pdf , page1 used on input line 4655.

(pdftex.def)             Requested size: 596.97885pt x 844.65356pt.
File: ../taz_back_cover.pdf Graphic file (type pdf)
<use ../taz_back_cover.pdf, page 1>
Package pdftex.def Info: ../taz_back_cover.pdf , page1 used on input line 4655.

(pdftex.def)             Requested size: 597.71669pt x 845.69751pt.


[115]
File: ../taz_back_cover.pdf Graphic file (type pdf)
<use ../taz_back_cover.pdf, page 1>
Package pdftex.def Info: ../taz_back_cover.pdf , page1 used on input line 4655.

(pdftex.def)             Requested size: 597.71669pt x 845.69751pt.
File: ../taz_back_cover.pdf Graphic file (type pdf)
<use ../taz_back_cover.pdf, page 1>
Package pdftex.def Info: ../taz_back_cover.pdf , page1 used on input line 4655.

(pdftex.def)             Requested size: 597.71669pt x 845.69751pt.


File: ../taz_back_cover.pdf Graphic file (type pdf)
<use ../taz_back_cover.pdf, page 1>
Package pdftex.def Info: ../taz_back_cover.pdf , page1 used on input line 4655.

(pdftex.def)             Requested size: 597.71669pt x 845.69751pt.
[116

 <../taz_back_cover.pdf>] (TAZ_BOOK.aux)
 ***********
LaTeX2e <2024-06-01> patch level 2
L3 programming layer <2024-07-20>
 ***********


LaTeX Font Warning: Some font shapes were not available, defaults substituted.


LaTeX Warning: There were multiply-defined labels.

Package rerunfilecheck Info: File `TAZ_BOOK.out' has not changed.
(rerunfilecheck)             Checksum: 5535B9CA7F0A27C4F9FBD9E9C70154B3;13110.
 ) 
Here is how much of TeX's memory you used:
 36659 strings out of 473898
 688584 string characters out of 5736297
 2971960 words of memory out of 5000000
 57101 multiletter control sequences out of 15000+600000
 579179 words of font info for 115 fonts, out of 8000000 for 9000
 1141 hyphenation exceptions out of 8191
 98i,21n,101p,2317b,1940s stack positions out of 10000i,1000n,20000p,200000b,200000s

pdfTeX warning (dest): name{Hfootnote.28} has been referenced but does not exis
t, replaced by a fixed one


pdfTeX warning (dest): name{Hfootnote.27} has been referenced but does not exis
t, replaced by a fixed one

 <C:\Users\AKAM\AppData\Local\MiKTeX\fonts/pk/ljfour/jknappen/ec/dpi600\tctt090
0.pk> <C:\Users\AKAM\AppData\Local\MiKTeX\fonts/pk/ljfour/jknappen/ec/dpi600\tc
tt1440.pk> <C:\Users\AKAM\AppData\Local\MiKTeX\fonts/pk/ljfour/jknappen/ec/dpi6
00\tctt1000.pk> <C:\Users\AKAM\AppData\Local\MiKTeX\fonts/pk/ljfour/jknappen/ec
/dpi600\tcrm1200.pk> <C:\Users\AKAM\AppData\Local\MiKTeX\fonts/pk/ljfour/jknapp
en/ec/dpi600\tctt1200.pk><C:/Program Files/MiKTeX/fonts/type1/public/amsfonts/c
m/cmbx10.pfb><C:/Program Files/MiKTeX/fonts/type1/public/amsfonts/cm/cmbx12.pfb
><C:/Program Files/MiKTeX/fonts/type1/public/amsfonts/cm/cmbx8.pfb><C:/Program 
Files/MiKTeX/fonts/type1/public/amsfonts/cm/cmbxti10.pfb><C:/Program Files/MiKT
eX/fonts/type1/public/amsfonts/cm/cmmi10.pfb><C:/Program Files/MiKTeX/fonts/typ
e1/public/amsfonts/cm/cmmi12.pfb><C:/Program Files/MiKTeX/fonts/type1/public/am
sfonts/cm/cmmi5.pfb><C:/Program Files/MiKTeX/fonts/type1/public/amsfonts/cm/cmm
i6.pfb><C:/Program Files/MiKTeX/fonts/type1/public/amsfonts/cm/cmmi7.pfb><C:/Pr
ogram Files/MiKTeX/fonts/type1/public/amsfonts/cm/cmmi8.pfb><C:/Program Files/M
iKTeX/fonts/type1/public/amsfonts/cm/cmr10.pfb><C:/Program Files/MiKTeX/fonts/t
ype1/public/amsfonts/cm/cmr12.pfb><C:/Program Files/MiKTeX/fonts/type1/public/a
msfonts/cm/cmr17.pfb><C:/Program Files/MiKTeX/fonts/type1/public/amsfonts/cm/cm
r6.pfb><C:/Program Files/MiKTeX/fonts/type1/public/amsfonts/cm/cmr7.pfb><C:/Pro
gram Files/MiKTeX/fonts/type1/public/amsfonts/cm/cmr8.pfb><C:/Program Files/MiK
TeX/fonts/type1/public/amsfonts/cm/cmr9.pfb><C:/Program Files/MiKTeX/fonts/type
1/public/amsfonts/cm/cmsy10.pfb><C:/Program Files/MiKTeX/fonts/type1/public/ams
fonts/cm/cmsy8.pfb><C:/Program Files/MiKTeX/fonts/type1/public/amsfonts/cm/cmti
10.pfb><C:/Program Files/MiKTeX/fonts/type1/public/amsfonts/cm/cmti12.pfb><C:/P
rogram Files/MiKTeX/fonts/type1/public/amsfonts/cm/cmti8.pfb><C:/Program Files/
MiKTeX/fonts/type1/public/amsfonts/cm/cmtt10.pfb><C:/Program Files/MiKTeX/fonts
/type1/public/amsfonts/cm/cmtt12.pfb><C:/Program Files/MiKTeX/fonts/type1/publi
c/amsfonts/cm/cmtt8.pfb><C:/Program Files/MiKTeX/fonts/type1/public/amsfonts/cm
/cmtt9.pfb><C:/Users/AKAM/AppData/Roaming/MiKTeX/fonts/type1/public/cbgreek/gtt
n1000.pfb><C:/Program Files/MiKTeX/fonts/type1/public/amsfonts/symbols/msbm10.p
fb>
Output written on TAZ_BOOK.pdf (138 pages, 6293178 bytes).
PDF statistics:
 3557 PDF objects out of 3580 (max. 8388607)
 1832 named destinations out of 2073 (max. 500000)
 709 words of extra memory for PDF output out of 10000 (max. 10000000)

