\BOOKMARK [0][-]{chapter*.6}{\376\377\000L\000i\000s\000t\000\040\000o\000f\000\040\000A\000b\000b\000r\000e\000v\000i\000a\000t\000i\000o\000n\000s}{}% 1
\BOOKMARK [0][-]{chapter.1}{\376\377\000I\000n\000t\000r\000o\000d\000u\000c\000t\000i\000o\000n}{}% 2
\BOOKMARK [1][-]{section.1.1}{\376\377\000E\000s\000s\000e\000n\000t\000i\000a\000l\000\040\000N\000o\000m\000e\000n\000c\000l\000a\000t\000u\000r\000e\000\040\000a\000n\000d\000\040\000C\000o\000n\000c\000e\000p\000t\000s}{chapter.1}% 3
\BOOKMARK [2][-]{subsection.1.1.1}{\376\377\000T\000E\000A\000\040\000C\000o\000m\000m\000a\000n\000d\000\040\000V\000a\000r\000i\000a\000t\000i\000o\000n\000s\000\040\000a\000n\000d\000\040\000Q\000u\000a\000l\000i\000f\000y\000i\000n\000g\000\040\000T\000E\000A\000\040\000C\000o\000m\000m\000a\000n\000d\000s\000\040\000C\000o\000r\000r\000e\000c\000t\000l\000y}{section.1.1}% 4
\BOOKMARK [1][-]{section.1.2}{\376\377\000I\000N\000S\000T\000A\000L\000L\000A\000T\000I\000O\000N\000\040\000a\000n\000d\000\040\000B\000a\000s\000i\000c\000\040\000U\000S\000A\000G\000E\000\040\000I\000n\000s\000t\000r\000u\000c\000t\000i\000o\000n\000s}{chapter.1}% 5
\BOOKMARK [0][-]{chapter.2}{\376\377\000T\000H\000E\000\040\000T\000E\000A\000\040\000L\000A\000N\000G\000U\000A\000G\000E\000\040\000D\000E\000F\000I\000N\000I\000T\000I\000O\000N}{}% 6
\BOOKMARK [1][-]{section.2.1}{\376\377\000T\000E\000A\000\040\000L\000e\000x\000i\000c\000a\000l\000\040\000a\000n\000d\000\040\000S\000y\000n\000t\000a\000x\000\040\000G\000r\000a\000m\000m\000a\000r\000s}{chapter.2}% 7
\BOOKMARK [1][-]{section.2.2}{\376\377\000Q\000u\000i\000r\000k\000s\000\040\000o\000f\000\040\000t\000h\000e\000\040\000T\000E\000A\000\040\000P\000a\000r\000s\000e\000r\000:\000\040\000P\000a\000r\000s\000i\000n\000g\000\040\000a\000n\000d\000\040\000P\000r\000o\000c\000e\000s\000s\000i\000n\000g\000\040\000M\000u\000l\000t\000i\000-\000l\000i\000n\000e\000\040\000T\000I\000\040\000a\000n\000d\000\040\000M\000u\000l\000t\000i\000p\000l\000e\000\040\000T\000I\000\040\000O\000n\000\040\000A\000\040\000S\000i\000n\000g\000l\000e\000\040\000L\000i\000n\000e}{chapter.2}% 8
\BOOKMARK [1][-]{section.2.3}{\376\377\000T\000e\000a\000\040\000I\000n\000s\000t\000r\000u\000c\000t\000i\000o\000n\000\040\000S\000e\000t\000\040\000A\000n\000d\000\040\000T\000h\000e\000\040\000T\000e\000a\000\040\000C\000o\000m\000m\000a\000n\000d\000\040\000P\000r\000i\000m\000i\000t\000i\000v\000e\000\040\000N\000a\000m\000e\000s}{chapter.2}% 9
\BOOKMARK [2][-]{subsection.2.3.1}{\376\377\000T\000h\000e\000\040\000T\000e\000a\000\040\000C\000o\000m\000m\000a\000n\000d\000\040\000N\000a\000m\000i\000n\000g\000\040\000S\000t\000a\000n\000d\000a\000r\000d}{section.2.3}% 10
\BOOKMARK [0][-]{chapter.3}{\376\377\000T\000E\000A\000\040\000R\000E\000G\000U\000L\000A\000R\000\040\000E\000X\000P\000R\000E\000S\000S\000I\000O\000N\000S}{}% 11
\BOOKMARK [0][-]{chapter.4}{\376\377\000T\000E\000A\000\040\000a\000n\000d\000\040\000T\000h\000e\000\040\000M\000a\000t\000h\000e\000m\000a\000t\000i\000c\000s\000\040\000o\000f\000\040\000T\000R\000A\000N\000S\000F\000O\000R\000M\000A\000T\000I\000C\000S}{}% 12
\BOOKMARK [0][-]{chapter.5}{\376\377\000T\000E\000A\000\040\000A\000:\000\040\000T\000O\000\040\000Z\000:\000\040\000C\000O\000M\000M\000A\000N\000D\000\040\000S\000P\000A\000C\000E\000\040\000S\000P\000E\000C\000I\000F\000I\000C\000A\000T\000I\000O\000N\000\040\000\050\000I\000n\000t\000r\000o\000d\000u\000c\000t\000i\000o\000n\000\051}{}% 13
\BOOKMARK [0][-]{chapter.6}{\376\377\000A\000:\000\040\000A\000N\000A\000G\000R\000A\000M\000M\000A\000T\000I\000Z\000E}{}% 14
\BOOKMARK [1][-]{section.6.1}{\376\377\000S\000E\000M\000A\000N\000T\000I\000C\000S\000\040\000o\000f\000\040\000A\000:}{chapter.6}% 15
\BOOKMARK [1][-]{section.6.2}{\376\377\000N\000O\000T\000E\000S\000\040\000a\000b\000o\000u\000t\000\040\000A\000:}{chapter.6}% 16
\BOOKMARK [1][-]{section.6.3}{\376\377\000E\000X\000A\000M\000P\000L\000E\000\040\000A\000P\000P\000L\000I\000C\000A\000T\000I\000O\000N\000S\000\040\000o\000f\000\040\000A\000:}{chapter.6}% 17
\BOOKMARK [2][-]{subsection.6.3.1}{\376\377\000E\000X\000A\000M\000P\000L\000E\000\040\0001\000:\000\040\000H\000O\000M\000E\000\040\000E\000C\000O\000N\000O\000M\000I\000C\000S\000:\000\040\000R\000a\000n\000d\000o\000m\000l\000y\000\040\000P\000i\000c\000k\000\040\000W\000h\000a\000t\000\040\000t\000o\000\040\000C\000o\000o\000k}{section.6.3}% 18
\BOOKMARK [0][-]{chapter.7}{\376\377\000B\000:\000\040\000B\000A\000S\000I\000F\000Y}{}% 19
\BOOKMARK [1][-]{section.7.1}{\376\377\000S\000E\000M\000A\000N\000T\000I\000C\000S\000\040\000o\000f\000\040\000B\000:}{chapter.7}% 20
\BOOKMARK [1][-]{section.7.2}{\376\377\000N\000O\000T\000E\000S\000\040\000a\000b\000o\000u\000t\000\040\000B\000:}{chapter.7}% 21
\BOOKMARK [1][-]{section.7.3}{\376\377\000E\000X\000A\000M\000P\000L\000E\000\040\000A\000P\000P\000L\000I\000C\000A\000T\000I\000O\000N\000S\000\040\000o\000f\000\040\000B\000:}{chapter.7}% 22
\BOOKMARK [2][-]{subsection.7.3.1}{\376\377\000E\000X\000A\000M\000P\000L\000E\000\040\0001\000:\000\040\000N\000U\000M\000E\000R\000I\000C\000A\000L\000\040\000A\000N\000A\000L\000Y\000S\000I\000S\000:\000\040\000C\000o\000m\000p\000u\000t\000e\000\040\000L\000a\000r\000g\000e\000s\000t\000\040\000P\000o\000s\000s\000i\000b\000l\000e\000\040\000o\000-\000S\000S\000I\000\040\000N\000u\000m\000b\000e\000r\000\040\000f\000r\000o\000m\000\040\000S\000e\000v\000e\000r\000a\000l\000\040\000A\000r\000b\000i\000t\000r\000a\000r\000y\000\040\000S\000e\000q\000u\000e\000n\000c\000e\000s}{section.7.3}% 23
\BOOKMARK [0][-]{chapter.8}{\376\377\000C\000:\000\040\000C\000L\000E\000A\000R}{}% 24
\BOOKMARK [1][-]{section.8.1}{\376\377\000S\000E\000M\000A\000N\000T\000I\000C\000S\000\040\000o\000f\000\040\000C\000:}{chapter.8}% 25
\BOOKMARK [1][-]{section.8.2}{\376\377\000N\000O\000T\000E\000S\000\040\000a\000b\000o\000u\000t\000\040\000C\000:}{chapter.8}% 26
\BOOKMARK [1][-]{section.8.3}{\376\377\000E\000X\000A\000M\000P\000L\000E\000\040\000A\000P\000P\000L\000I\000C\000A\000T\000I\000O\000N\000S\000\040\000o\000f\000\040\000C\000:}{chapter.8}% 27
\BOOKMARK [2][-]{subsection.8.3.1}{\376\377\000E\000X\000A\000M\000P\000L\000E\000\040\0001\000:\000\040\000D\000A\000T\000A\000\040\000E\000N\000C\000O\000D\000I\000N\000G\000:\000\040\000T\000h\000e\000\040\000N\000-\000S\000I\000G\000I\000L\000\040\000G\000e\000n\000e\000r\000a\000t\000o\000r\000:\000\040\000p\000r\000i\000n\000t\000\040\000t\000e\000x\000t\000u\000a\000l\000-\000q\000r\000c\000o\000d\000e\000\040\000c\000o\000r\000r\000e\000s\000p\000o\000n\000d\000i\000n\000g\000\040\000t\000o\000\040\000s\000o\000m\000e\000\040\000n\000u\000m\000b\000e\000r\000\040\000N}{section.8.3}% 28
\BOOKMARK [0][-]{chapter.9}{\376\377\000D\000:\000\040\000D\000E\000L\000E\000T\000E}{}% 29
\BOOKMARK [1][-]{section.9.1}{\376\377\000S\000E\000M\000A\000N\000T\000I\000C\000S\000\040\000o\000f\000\040\000D\000:}{chapter.9}% 30
\BOOKMARK [1][-]{section.9.2}{\376\377\000N\000O\000T\000E\000S\000\040\000a\000b\000o\000u\000t\000\040\000D\000:}{chapter.9}% 31
\BOOKMARK [1][-]{section.9.3}{\376\377\000E\000X\000A\000M\000P\000L\000E\000\040\000A\000P\000P\000L\000I\000C\000A\000T\000I\000O\000N\000S\000\040\000o\000f\000\040\000D\000:}{chapter.9}% 32
\BOOKMARK [2][-]{subsection.9.3.1}{\376\377\000E\000X\000A\000M\000P\000L\000E\000\040\0001\000:\000\040\000D\000A\000T\000A\000\040\000M\000I\000N\000I\000N\000G\000:\000\040\000E\000X\000T\000R\000A\000C\000T\000I\000N\000G\000\040\000W\000E\000L\000L\000-\000F\000O\000R\000M\000A\000T\000T\000E\000D\000\040\000T\000E\000L\000E\000P\000H\000O\000N\000E\000\040\000C\000O\000N\000T\000A\000C\000T\000S\000\040\000f\000r\000o\000m\000\040\000T\000E\000X\000T}{section.9.3}% 33
\BOOKMARK [0][-]{chapter.10}{\376\377\000E\000:\000\040\000E\000V\000A\000L\000U\000A\000T\000E}{}% 34
\BOOKMARK [1][-]{section.10.1}{\376\377\000S\000E\000M\000A\000N\000T\000I\000C\000S\000\040\000o\000f\000\040\000E\000:}{chapter.10}% 35
\BOOKMARK [1][-]{section.10.2}{\376\377\000N\000O\000T\000E\000S\000\040\000a\000b\000o\000u\000t\000\040\000E\000:}{chapter.10}% 36
\BOOKMARK [1][-]{section.10.3}{\376\377\000E\000X\000A\000M\000P\000L\000E\000\040\000A\000P\000P\000L\000I\000C\000A\000T\000I\000O\000N\000S\000\040\000o\000f\000\040\000E\000:}{chapter.10}% 37
\BOOKMARK [2][-]{subsection.10.3.1}{\376\377\000E\000X\000A\000M\000P\000L\000E\000\040\0001\000:\000\040\000D\000Y\000N\000A\000M\000I\000C\000\040\000P\000R\000O\000G\000R\000A\000M\000M\000I\000N\000G\000:\000\040\000A\000U\000T\000O\000-\000G\000E\000N\000E\000R\000A\000T\000I\000O\000N\000\040\000o\000f\000\040\000V\000A\000L\000I\000D\000\040\000S\000E\000L\000F\000-\000M\000O\000D\000I\000F\000Y\000I\000N\000G\000\040\000C\000O\000D\000E}{section.10.3}% 38
\BOOKMARK [2][-]{subsection.10.3.2}{\376\377\000E\000X\000A\000M\000P\000L\000E\000\040\0002\000:\000\040\000I\000N\000F\000O\000R\000M\000A\000T\000I\000O\000N\000\040\000S\000E\000C\000U\000R\000I\000T\000Y\000:\000\040\000O\000F\000F\000E\000N\000S\000I\000V\000E\000\040\000T\000E\000A\000-\000V\000I\000R\000U\000S\000\040\000P\000R\000O\000G\000R\000A\000M\000\040\000M\000O\000D\000I\000F\000Y\000I\000N\000G\000\040\000a\000n\000d\000\040\000E\000X\000P\000O\000S\000I\000N\000G\000\040\000A\000\040\000C\000A\000L\000L\000E\000R\000\040\000P\000R\000O\000G\000R\000A\000M\000\040\000v\000i\000a\000\040\000W\000E\000B}{section.10.3}% 39
\BOOKMARK [0][-]{chapter.11}{\376\377\000F\000:\000\040\000F\000O\000R\000K}{}% 40
\BOOKMARK [1][-]{section.11.1}{\376\377\000S\000E\000M\000A\000N\000T\000I\000C\000S\000\040\000o\000f\000\040\000F\000:}{chapter.11}% 41
\BOOKMARK [1][-]{section.11.2}{\376\377\000N\000O\000T\000E\000S\000\040\000a\000b\000o\000u\000t\000\040\000F\000:}{chapter.11}% 42
\BOOKMARK [1][-]{section.11.3}{\376\377\000E\000X\000A\000M\000P\000L\000E\000\040\000A\000P\000P\000L\000I\000C\000A\000T\000I\000O\000N\000S\000\040\000o\000f\000\040\000F\000:}{chapter.11}% 43
\BOOKMARK [2][-]{subsection.11.3.1}{\376\377\000E\000X\000A\000M\000P\000L\000E\000\040\0001\000:\000\040\000C\000O\000M\000P\000U\000T\000A\000T\000I\000O\000N\000A\000L\000\040\000P\000S\000Y\000C\000H\000O\000L\000O\000G\000Y\000:\000\040\000Z\000H\000A\000\040\040\024\000\040\000Z\000E\000E\000\040\000H\000A\000C\000K\000E\000R\000\040\000A\000S\000S\000I\000S\000T\000A\000N\000T\000,\000\040\000a\000\040\000h\000u\000m\000a\000n\000\040\000s\000u\000p\000p\000o\000r\000t\000\040\000a\000s\000s\000i\000s\000t\000a\000n\000t\000\040\000c\000h\000a\000t\000b\000o\000t\000\040\000s\000y\000s\000t\000e\000m}{section.11.3}% 44
\BOOKMARK [0][-]{chapter.12}{\376\377\000G\000:\000\040\000G\000L\000U\000E}{}% 45
\BOOKMARK [1][-]{section.12.1}{\376\377\000S\000E\000M\000A\000N\000T\000I\000C\000S\000\040\000o\000f\000\040\000G\000:}{chapter.12}% 46
\BOOKMARK [1][-]{section.12.2}{\376\377\000N\000O\000T\000E\000S\000\040\000a\000b\000o\000u\000t\000\040\000G\000:}{chapter.12}% 47
\BOOKMARK [1][-]{section.12.3}{\376\377\000E\000X\000A\000M\000P\000L\000E\000\040\000A\000P\000P\000L\000I\000C\000A\000T\000I\000O\000N\000S\000\040\000o\000f\000\040\000G\000:}{chapter.12}% 48
\BOOKMARK [2][-]{subsection.12.3.1}{\376\377\000E\000X\000A\000M\000P\000L\000E\000\040\0001\000:\000\040\000D\000A\000T\000A\000\040\000A\000N\000A\000L\000Y\000S\000I\000S\000:\000\040\000A\000\040\000S\000E\000R\000I\000O\000U\000S\000\040\000W\000O\000R\000D\000\040\000C\000O\000U\000N\000T\000E\000R\000\040\000P\000R\000O\000G\000R\000A\000M}{section.12.3}% 49
\BOOKMARK [0][-]{chapter.13}{\376\377\000H\000:\000\040\000H\000E\000W}{}% 50
\BOOKMARK [1][-]{section.13.1}{\376\377\000S\000E\000M\000A\000N\000T\000I\000C\000S\000\040\000o\000f\000\040\000H\000:}{chapter.13}% 51
\BOOKMARK [1][-]{section.13.2}{\376\377\000N\000O\000T\000E\000S\000\040\000a\000b\000o\000u\000t\000\040\000H\000:}{chapter.13}% 52
\BOOKMARK [1][-]{section.13.3}{\376\377\000E\000X\000A\000M\000P\000L\000E\000\040\000A\000P\000P\000L\000I\000C\000A\000T\000I\000O\000N\000S\000\040\000o\000f\000\040\000H\000:}{chapter.13}% 53
\BOOKMARK [2][-]{subsection.13.3.1}{\376\377\000E\000X\000A\000M\000P\000L\000E\000\040\0001\000:\000\040\000G\000A\000M\000E\000\040\000P\000R\000O\000G\000R\000A\000M\000M\000I\000N\000G\000:\000\040\000A\000\040\000T\000E\000X\000T\000\040\000A\000D\000V\000E\000N\000T\000U\000R\000E\000\040\000G\000A\000M\000E\000:\000\040\000B\000O\000O\000B\000S\000\040\000`\000N\000'\000\040\000T\000R\000A\000P\000S\000l\000u\000t\000a\000l\000o\0002\0000\0002\0005\000r\000p\000g}{section.13.3}% 54
\BOOKMARK [0][-]{chapter.14}{\376\377\000I\000:\000\040\000I\000N\000T\000E\000R\000A\000C\000T}{}% 55
\BOOKMARK [1][-]{section.14.1}{\376\377\000S\000E\000M\000A\000N\000T\000I\000C\000S\000\040\000o\000f\000\040\000I\000:}{chapter.14}% 56
\BOOKMARK [1][-]{section.14.2}{\376\377\000N\000O\000T\000E\000S\000\040\000a\000b\000o\000u\000t\000\040\000I\000:}{chapter.14}% 57
\BOOKMARK [2][-]{subsection.14.2.1}{\376\377\000T\000h\000e\000\040\000I\000*\000.\000.\000\040\000I\000n\000t\000e\000r\000a\000c\000t\000\040\000C\000o\000m\000m\000a\000n\000d\000\040\000E\000X\000T\000E\000N\000S\000I\000O\000N\000S}{section.14.2}% 58
\BOOKMARK [1][-]{section.14.3}{\376\377\000E\000X\000A\000M\000P\000L\000E\000\040\000A\000P\000P\000L\000I\000C\000A\000T\000I\000O\000N\000S\000\040\000o\000f\000\040\000I\000:}{chapter.14}% 59
\BOOKMARK [2][-]{subsection.14.3.1}{\376\377\000E\000X\000A\000M\000P\000L\000E\000\040\0001\000:\000\040\000G\000R\000A\000P\000H\000I\000C\000A\000L\000\040\000G\000A\000M\000E\000\040\000P\000R\000O\000G\000R\000A\000M\000M\000I\000N\000G\000:\000\040\000[\000p\000u\000r\000e\000-\000G\000U\000I\000]\000\040\000T\000E\000X\000T\000\040\000A\000D\000V\000E\000N\000T\000U\000R\000E\000\040\000G\000A\000M\000E\000:\000\040\000B\000O\000O\000B\000S\000\040\000`\000N\000'\000\040\000T\000R\000A\000P\000S\000l\000u\000t\000a\000l\000o\0002\0000\0002\0005\000r\000p\000g}{section.14.3}% 60
\BOOKMARK [2][-]{subsection.14.3.2}{\376\377\000E\000X\000A\000M\000P\000L\000E\000\040\0002\000:\000\040\000C\000O\000M\000P\000U\000T\000A\000T\000I\000O\000N\000A\000L\000\040\000M\000Y\000S\000T\000I\000C\000I\000S\000M\000:\000\040\000T\000h\000e\000\040\000L\000U\000M\000T\000A\000U\000T\000O\000\040\000O\000c\000c\000u\000l\000t\000\040\000L\000a\000n\000g\000u\000a\000g\000e\000\040\000M\000e\000s\000s\000a\000g\000e\000\040\000E\000n\000c\000o\000d\000e\000r}{section.14.3}% 61
\BOOKMARK [0][-]{chapter.15}{\376\377\000J\000:\000\040\000J\000U\000M\000P}{}% 62
\BOOKMARK [1][-]{section.15.1}{\376\377\000S\000E\000M\000A\000N\000T\000I\000C\000S\000\040\000o\000f\000\040\000J\000:}{chapter.15}% 63
\BOOKMARK [1][-]{section.15.2}{\376\377\000N\000O\000T\000E\000S\000\040\000a\000b\000o\000u\000t\000\040\000J\000:}{chapter.15}% 64
\BOOKMARK [1][-]{section.15.3}{\376\377\000E\000X\000A\000M\000P\000L\000E\000\040\000A\000P\000P\000L\000I\000C\000A\000T\000I\000O\000N\000S\000\040\000o\000f\000\040\000J\000:}{chapter.15}% 65
\BOOKMARK [2][-]{subsection.15.3.1}{\376\377\000E\000X\000A\000M\000P\000L\000E\000\040\0001\000:\000\040\000C\000O\000M\000P\000U\000T\000A\000T\000I\000O\000N\000A\000L\000\040\000M\000E\000D\000I\000C\000I\000N\000E\000:\000\040\000T\000H\000E\000\040\000M\000E\000N\000T\000A\000L\000\040\000H\000E\000A\000L\000T\000H\000\040\000S\000E\000L\000F\000-\000A\000N\000A\000L\000Y\000S\000I\000S\000\040\000T\000O\000O\000L}{section.15.3}% 66
\BOOKMARK [0][-]{chapter.16}{\376\377\000K\000:\000\040\000K\000E\000E\000P}{}% 67
\BOOKMARK [1][-]{section.16.1}{\376\377\000S\000E\000M\000A\000N\000T\000I\000C\000S\000\040\000o\000f\000\040\000K\000:}{chapter.16}% 68
\BOOKMARK [1][-]{section.16.2}{\376\377\000N\000O\000T\000E\000S\000\040\000a\000b\000o\000u\000t\000\040\000K\000:}{chapter.16}% 69
\BOOKMARK [1][-]{section.16.3}{\376\377\000E\000X\000A\000M\000P\000L\000E\000\040\000A\000P\000P\000L\000I\000C\000A\000T\000I\000O\000N\000S\000\040\000o\000f\000\040\000K\000:}{chapter.16}% 70
\BOOKMARK [2][-]{subsection.16.3.1}{\376\377\000E\000X\000A\000M\000P\000L\000E\000\040\0001\000:\000\040\000C\000O\000M\000P\000U\000T\000A\000T\000I\000O\000N\000A\000L\000\040\000F\000I\000N\000E\000-\000A\000R\000T\000:\000\040\000S\000K\000I\000R\000T\000\040\000D\000E\000S\000I\000G\000N\000I\000N\000G\000\040\000P\000R\000O\000G\000R\000A\000M}{section.16.3}% 71
\BOOKMARK [0][-]{chapter.17}{\376\377\000L\000:\000\040\000L\000A\000B\000E\000L}{}% 72
\BOOKMARK [1][-]{section.17.1}{\376\377\000S\000E\000M\000A\000N\000T\000I\000C\000S\000\040\000o\000f\000\040\000L\000:}{chapter.17}% 73
\BOOKMARK [1][-]{section.17.2}{\376\377\000N\000O\000T\000E\000S\000\040\000a\000b\000o\000u\000t\000\040\000L\000:}{chapter.17}% 74
\BOOKMARK [1][-]{section.17.3}{\376\377\000E\000X\000A\000M\000P\000L\000E\000\040\000A\000P\000P\000L\000I\000C\000A\000T\000I\000O\000N\000S\000\040\000o\000f\000\040\000L\000:}{chapter.17}% 75
\BOOKMARK [2][-]{subsection.17.3.1}{\376\377\000E\000X\000A\000M\000P\000L\000E\000\040\0001\000:\000\040\000G\000A\000M\000E\000\040\000P\000R\000O\000G\000R\000A\000M\000M\000I\000N\000G\000:\000\040\000T\000E\000X\000T\000-\000B\000A\000S\000E\000D\000\040\000B\000R\000A\000I\000N\000-\000G\000A\000M\000E\000:\000\040\000L\000U\000C\000K\000Y\000\040\0001\0000\0001}{section.17.3}% 76
\BOOKMARK [0][-]{chapter.18}{\376\377\000M\000:\000\040\000M\000I\000R\000R\000O\000R}{}% 77
\BOOKMARK [1][-]{section.18.1}{\376\377\000S\000E\000M\000A\000N\000T\000I\000C\000S\000\040\000o\000f\000\040\000M\000:}{chapter.18}% 78
\BOOKMARK [1][-]{section.18.2}{\376\377\000N\000O\000T\000E\000S\000\040\000a\000b\000o\000u\000t\000\040\000M\000:}{chapter.18}% 79
\BOOKMARK [1][-]{section.18.3}{\376\377\000E\000X\000A\000M\000P\000L\000E\000\040\000A\000P\000P\000L\000I\000C\000A\000T\000I\000O\000N\000S\000\040\000o\000f\000\040\000M\000:}{chapter.18}% 80
\BOOKMARK [2][-]{subsection.18.3.1}{\376\377\000E\000X\000A\000M\000P\000L\000E\000\040\0001\000:\000\040\000C\000O\000M\000P\000U\000T\000A\000T\000I\000O\000N\000A\000L\000\040\000M\000Y\000S\000T\000I\000C\000I\000S\000M\000:\000\040\000T\000h\000e\000\040\000G\000r\000a\000n\000d\000\040\000M\000y\000r\000r\000h\000:\000\040\000M\000Y\000R\000R\000H\000\040\000L\000A\000N\000G\000U\000A\000G\000E\000\040\000T\000r\000a\000n\000s\000f\000o\000r\000m\000e\000r}{section.18.3}% 81
\BOOKMARK [0][-]{chapter.19}{\376\377\000N\000:\000\040\000N\000U\000M\000B\000E\000R}{}% 82
\BOOKMARK [1][-]{section.19.1}{\376\377\000S\000E\000M\000A\000N\000T\000I\000C\000S\000\040\000o\000f\000\040\000N\000:}{chapter.19}% 83
\BOOKMARK [1][-]{section.19.2}{\376\377\000N\000O\000T\000E\000S\000\040\000a\000b\000o\000u\000t\000\040\000N\000:}{chapter.19}% 84
\BOOKMARK [1][-]{section.19.3}{\376\377\000E\000X\000A\000M\000P\000L\000E\000\040\000A\000P\000P\000L\000I\000C\000A\000T\000I\000O\000N\000S\000\040\000o\000f\000\040\000N\000:}{chapter.19}% 85
\BOOKMARK [2][-]{subsection.19.3.1}{\376\377\000E\000X\000A\000M\000P\000L\000E\000\040\0001\000:\000\040\000D\000A\000T\000A\000-\000E\000N\000G\000I\000N\000E\000E\000R\000I\000N\000G\000:\000\040\000G\000E\000N\000E\000R\000A\000T\000I\000N\000G\000\040\000R\000A\000N\000D\000O\000M\000\040\000N\000U\000M\000E\000R\000I\000C\000\040\000D\000A\000T\000A\000S\000E\000T\000S\000\040\000o\000r\000\040\000S\000T\000R\000U\000C\000T\000U\000R\000E\000S\000\040\000C\000O\000N\000F\000O\000R\000M\000I\000N\000G\000\040\000T\000O\000\040\000S\000O\000M\000E\000\040\000P\000A\000T\000T\000E\000R\000N\000\040\000S\000C\000H\000E\000M\000A\000S}{section.19.3}% 86
\BOOKMARK [2][-]{subsection.19.3.2}{\376\377\000E\000X\000A\000M\000P\000L\000E\000\040\0002\000:\000\040\000S\000T\000A\000T\000I\000S\000T\000I\000C\000A\000L\000\040\000A\000N\000A\000L\000Y\000S\000I\000S\000:\000\040\000D\000E\000S\000C\000R\000I\000P\000T\000I\000V\000E\000,\000\040\000E\000X\000P\000L\000O\000R\000A\000T\000O\000R\000Y\000\040\000a\000n\000d\000\040\000P\000R\000E\000D\000I\000C\000T\000I\000V\000E\000\040\000D\000A\000T\000A\000\040\000A\000N\000A\000L\000Y\000Z\000E\000R}{section.19.3}% 87
\BOOKMARK [0][-]{chapter.20}{\376\377\000O\000:\000\040\000O\000R\000D\000E\000R}{}% 88
\BOOKMARK [1][-]{section.20.1}{\376\377\000S\000E\000M\000A\000N\000T\000I\000C\000S\000\040\000o\000f\000\040\000O\000:}{chapter.20}% 89
\BOOKMARK [1][-]{section.20.2}{\376\377\000N\000O\000T\000E\000S\000\040\000a\000b\000o\000u\000t\000\040\000O\000:}{chapter.20}% 90
\BOOKMARK [1][-]{section.20.3}{\376\377\000E\000X\000A\000M\000P\000L\000E\000\040\000A\000P\000P\000L\000I\000C\000A\000T\000I\000O\000N\000S\000\040\000o\000f\000\040\000O\000:}{chapter.20}% 91
\BOOKMARK [2][-]{subsection.20.3.1}{\376\377\000E\000X\000A\000M\000P\000L\000E\000\040\0001\000:\000\040\000S\000T\000A\000T\000I\000S\000T\000I\000C\000A\000L\000\040\000A\000N\000A\000L\000Y\000S\000I\000S\000:\000\040\000T\000h\000e\000\040\000R\000A\000N\000K\000I\000N\000G\000\040\000U\000T\000I\000L\000I\000T\000Y\000\040\000\050\000R\000U\000\051}{section.20.3}% 92
\BOOKMARK [0][-]{chapter.21}{\376\377\000P\000:\000\040\000P\000E\000R\000M\000U\000T\000A\000T\000E}{}% 93
\BOOKMARK [1][-]{section.21.1}{\376\377\000S\000E\000M\000A\000N\000T\000I\000C\000S\000\040\000o\000f\000\040\000P\000:}{chapter.21}% 94
\BOOKMARK [1][-]{section.21.2}{\376\377\000N\000O\000T\000E\000S\000\040\000a\000b\000o\000u\000t\000\040\000P\000:}{chapter.21}% 95
\BOOKMARK [1][-]{section.21.3}{\376\377\000E\000X\000A\000M\000P\000L\000E\000\040\000A\000P\000P\000L\000I\000C\000A\000T\000I\000O\000N\000S\000\040\000o\000f\000\040\000P\000:}{chapter.21}% 96
\BOOKMARK [2][-]{subsection.21.3.1}{\376\377\000E\000X\000A\000M\000P\000L\000E\000\040\0001\000:\000\040\000M\000U\000S\000I\000C\000\040\000\046\000\040\000P\000O\000E\000T\000R\000Y\000:\000\040\000A\000\040\000R\000a\000n\000d\000o\000m\000\040\000V\000O\000W\000E\000L\000\040\000H\000Y\000M\000N\000\040\000G\000e\000n\000e\000r\000a\000t\000o\000r}{section.21.3}% 97
\BOOKMARK [0][-]{chapter.22}{\376\377\000Q\000:\000\040\000Q\000U\000I\000T}{}% 98
\BOOKMARK [1][-]{section.22.1}{\376\377\000S\000E\000M\000A\000N\000T\000I\000C\000S\000\040\000o\000f\000\040\000Q\000:}{chapter.22}% 99
\BOOKMARK [1][-]{section.22.2}{\376\377\000N\000O\000T\000E\000S\000\040\000a\000b\000o\000u\000t\000\040\000Q\000:}{chapter.22}% 100
\BOOKMARK [1][-]{section.22.3}{\376\377\000E\000X\000A\000M\000P\000L\000E\000\040\000A\000P\000P\000L\000I\000C\000A\000T\000I\000O\000N\000S\000\040\000o\000f\000\040\000Q\000:}{chapter.22}% 101
\BOOKMARK [2][-]{subsection.22.3.1}{\376\377\000E\000X\000A\000M\000P\000L\000E\000\040\0001\000:\000\040\000P\000S\000Y\000C\000H\000O\000L\000O\000G\000Y\000\040\000\046\000\040\000A\000S\000T\000R\000O\000L\000O\000G\000Y\000:\000\040\000P\000E\000R\000S\000O\000N\000A\000L\000I\000T\000Y\000\040\000C\000A\000L\000C\000U\000L\000A\000T\000O\000R\000\040}{section.22.3}% 102
\BOOKMARK [0][-]{chapter.23}{\376\377\000R\000:\000\040\000R\000E\000P\000L\000A\000C\000E}{}% 103
\BOOKMARK [1][-]{section.23.1}{\376\377\000S\000E\000M\000A\000N\000T\000I\000C\000S\000\040\000o\000f\000\040\000R\000:}{chapter.23}% 104
\BOOKMARK [1][-]{section.23.2}{\376\377\000N\000O\000T\000E\000S\000\040\000a\000b\000o\000u\000t\000\040\000R\000:}{chapter.23}% 105
\BOOKMARK [2][-]{subsection.23.2.1}{\376\377\000T\000h\000e\000\040\000P\000e\000c\000u\000l\000i\000a\000r\000\040\000S\000i\000d\000e\000\040\000o\000f\000\040\000R\000:\000\040\040\024\000\040\000U\000s\000i\000n\000g\000\040\000R\000:\000\040\000w\000i\000t\000h\000o\000u\000t\000\040\000e\000x\000p\000l\000i\000c\000i\000t\000\040\000a\000r\000g\000u\000m\000e\000n\000t\000s}{section.23.2}% 106
\BOOKMARK [1][-]{section.23.3}{\376\377\000E\000X\000A\000M\000P\000L\000E\000\040\000A\000P\000P\000L\000I\000C\000A\000T\000I\000O\000N\000S\000\040\000o\000f\000\040\000R\000:}{chapter.23}% 107
\BOOKMARK [2][-]{subsection.23.3.1}{\376\377\000E\000X\000A\000M\000P\000L\000E\000\040\0001\000:\000\040\000H\000U\000M\000A\000N\000\040\000S\000U\000P\000P\000O\000R\000T\000:\000\040\000S\000M\000S\000\040\000a\000n\000d\000\040\000T\000E\000X\000T\000\040\000M\000i\000n\000i\000f\000i\000e\000r\000\040\000P\000r\000o\000g\000r\000a\000m\000\040}{section.23.3}% 108
\BOOKMARK [2][-]{subsection.23.3.2}{\376\377\000E\000X\000A\000M\000P\000L\000E\000\040\0002\000:\000\040\000M\000A\000T\000H\000E\000M\000A\000T\000I\000C\000S\000:\000\040\000A\000D\000V\000A\000N\000C\000E\000D\000\040\000M\000A\000T\000H\000E\000M\000A\000T\000I\000C\000S\000\040\000C\000O\000M\000P\000U\000T\000E\000R}{section.23.3}% 109
\BOOKMARK [2][-]{subsection.23.3.3}{\376\377\000E\000X\000A\000M\000P\000L\000E\000\040\0003\000:\000\040\000C\000R\000Y\000P\000T\000O\000G\000R\000A\000P\000H\000Y\000:\000\040\000I\000N\000V\000I\000S\000I\000B\000L\000E\000\040\000T\000E\000X\000T\000\040\000D\000E\000C\000O\000D\000E\000R\000\040}{section.23.3}% 110
\BOOKMARK [0][-]{chapter.24}{\376\377\000S\000:\000\040\000S\000A\000L\000T}{}% 111
\BOOKMARK [1][-]{section.24.1}{\376\377\000S\000E\000M\000A\000N\000T\000I\000C\000S\000\040\000o\000f\000\040\000S\000:}{chapter.24}% 112
\BOOKMARK [1][-]{section.24.2}{\376\377\000N\000O\000T\000E\000S\000\040\000a\000b\000o\000u\000t\000\040\000S\000:}{chapter.24}% 113
\BOOKMARK [1][-]{section.24.3}{\376\377\000E\000X\000A\000M\000P\000L\000E\000\040\000A\000P\000P\000L\000I\000C\000A\000T\000I\000O\000N\000S\000\040\000o\000f\000\040\000S\000:}{chapter.24}% 114
\BOOKMARK [2][-]{subsection.24.3.1}{\376\377\000E\000X\000A\000M\000P\000L\000E\000\040\0001\000:\000\040\000C\000H\000I\000L\000D\000\040\000E\000D\000U\000C\000A\000T\000I\000O\000N\000:\000\040\000T\000h\000e\000\040\000S\000I\000R\000\040\000G\000A\000M\000E}{section.24.3}% 115
\BOOKMARK [0][-]{chapter.25}{\376\377\000T\000:\000\040\000T\000R\000A\000N\000S\000F\000O\000R\000M}{}% 116
\BOOKMARK [1][-]{section.25.1}{\376\377\000S\000E\000M\000A\000N\000T\000I\000C\000S\000\040\000o\000f\000\040\000T\000:}{chapter.25}% 117
\BOOKMARK [1][-]{section.25.2}{\376\377\000N\000O\000T\000E\000S\000\040\000a\000b\000o\000u\000t\000\040\000T\000:}{chapter.25}% 118
\BOOKMARK [1][-]{section.25.3}{\376\377\000E\000X\000A\000M\000P\000L\000E\000\040\000A\000P\000P\000L\000I\000C\000A\000T\000I\000O\000N\000S\000\040\000o\000f\000\040\000T\000:}{chapter.25}% 119
\BOOKMARK [2][-]{subsection.25.3.1}{\376\377\000E\000X\000A\000M\000P\000L\000E\000\040\0001\000:\000\040\000C\000O\000M\000P\000U\000T\000A\000T\000I\000O\000N\000A\000L\000\040\000A\000R\000T\000:\000\040\000A\000b\000s\000t\000r\000a\000c\000t\000\040\000T\000e\000x\000t\000-\000A\000r\000t\000\040\000G\000e\000n\000e\000r\000a\000t\000o\000r}{section.25.3}% 120
\BOOKMARK [0][-]{chapter.26}{\376\377\000U\000:\000\040\000U\000N\000I\000Q\000U\000E\000I\000F\000Y}{}% 121
\BOOKMARK [1][-]{section.26.1}{\376\377\000S\000E\000M\000A\000N\000T\000I\000C\000S\000\040\000o\000f\000\040\000U\000:}{chapter.26}% 122
\BOOKMARK [1][-]{section.26.2}{\376\377\000N\000O\000T\000E\000S\000\040\000a\000b\000o\000u\000t\000\040\000U\000:}{chapter.26}% 123
\BOOKMARK [1][-]{section.26.3}{\376\377\000E\000X\000A\000M\000P\000L\000E\000\040\000A\000P\000P\000L\000I\000C\000A\000T\000I\000O\000N\000S\000\040\000o\000f\000\040\000U\000:}{chapter.26}% 124
\BOOKMARK [2][-]{subsection.26.3.1}{\376\377\000E\000X\000A\000M\000P\000L\000E\000\040\0001\000:\000\040\000C\000O\000M\000P\000U\000T\000A\000T\000I\000O\000N\000A\000L\000\040\000A\000R\000T\000:\000\040\000b\000l\000a\000h\000\040\000b\000l\000a\000h}{section.26.3}% 125
\BOOKMARK [0][-]{chapter.27}{\376\377\000C\000o\000n\000c\000l\000u\000s\000i\000o\000n}{}% 126
\BOOKMARK [0][-]{appendix*.194}{\376\377\000A\000b\000o\000u\000t\000\040\000t\000h\000e\000\040\000I\000n\000v\000e\000n\000t\000o\000r\000\040\000o\000f\000\040\000T\000E\000A}{}% 127
