\BOOKMARK [1][-]{section*.1}{\376\377\000A\000b\000s\000t\000r\000a\000c\000t}{}% 1
\BOOKMARK [1][-]{section.1}{\376\377\0001\000\040\000I\000n\000t\000r\000o\000d\000u\000c\000t\000i\000o\000n}{}% 2
\BOOKMARK [1][-]{section.2}{\376\377\0002\000\040\000D\000e\000s\000i\000g\000n\000\040\000G\000o\000a\000l\000s\000\040\000a\000n\000d\000\040\000R\000a\000t\000i\000o\000n\000a\000l\000e}{}% 3
\BOOKMARK [1][-]{section.3}{\376\377\0003\000\040\000L\000a\000n\000g\000u\000a\000g\000e\000\040\000O\000v\000e\000r\000v\000i\000e\000w}{}% 4
\BOOKMARK [2][-]{subsection.3.1}{\376\377\0003\000.\0001\000\040\000L\000e\000x\000i\000c\000a\000l\000\040\000a\000n\000d\000\040\000S\000y\000n\000t\000a\000c\000t\000i\000c\000\040\000C\000o\000n\000v\000e\000n\000t\000i\000o\000n\000s}{section.3}% 5
\BOOKMARK [2][-]{subsection.3.2}{\376\377\0003\000.\0002\000\040\000C\000o\000m\000m\000a\000n\000d\000\040\000S\000p\000a\000c\000e\000\040\000a\000n\000d\000\040\000Q\000u\000a\000l\000i\000f\000i\000e\000r\000s}{section.3}% 6
\BOOKMARK [1][-]{section.4}{\376\377\0004\000\040\000F\000o\000r\000m\000a\000l\000\040\000S\000e\000m\000a\000n\000t\000i\000c\000s}{}% 7
\BOOKMARK [2][-]{subsection.4.1}{\376\377\0004\000.\0001\000\040\000O\000v\000e\000r\000v\000i\000e\000w\000\040\000a\000n\000d\000\040\000n\000o\000t\000a\000t\000i\000o\000n}{section.4}% 8
\BOOKMARK [2][-]{subsection.4.2}{\376\377\0004\000.\0002\000\040\000S\000e\000q\000u\000e\000n\000c\000e\000-\000t\000r\000a\000n\000s\000f\000o\000r\000m\000e\000r\000\040\000c\000h\000a\000i\000n\000i\000n\000g\000\040\000\050\000i\000n\000f\000o\000r\000m\000a\000l\000\051}{section.4}% 9
\BOOKMARK [2][-]{subsection.4.3}{\376\377\0004\000.\0003\000\040\000S\000m\000a\000l\000l\000-\000s\000t\000e\000p\000\040\000o\000p\000e\000r\000a\000t\000i\000o\000n\000a\000l\000\040\000s\000e\000m\000a\000n\000t\000i\000c\000s}{section.4}% 10
\BOOKMARK [2][-]{subsection.4.4}{\376\377\0004\000.\0004\000\040\000B\000i\000g\000-\000s\000t\000e\000p\000\040\000s\000e\000m\000a\000n\000t\000i\000c\000s\000\040\000\050\000e\000v\000a\000l\000u\000a\000t\000i\000o\000n\000\040\000j\000u\000d\000g\000m\000e\000n\000t\000\051}{section.4}% 11
\BOOKMARK [2][-]{subsection.4.5}{\376\377\0004\000.\0005\000\040\000T\000r\000a\000n\000s\000f\000o\000r\000m\000e\000r\000\040\000c\000l\000a\000s\000s\000i\000f\000i\000c\000a\000t\000i\000o\000n\000\040\000a\000n\000d\000\040\000s\000i\000d\000e\000\040\000e\000f\000f\000e\000c\000t\000s}{section.4}% 12
\BOOKMARK [2][-]{subsection.4.6}{\376\377\0004\000.\0006\000\040\000P\000r\000o\000p\000e\000r\000t\000i\000e\000s}{section.4}% 13
\BOOKMARK [2][-]{subsection.4.7}{\376\377\0004\000.\0007\000\040\000R\000e\000l\000a\000t\000i\000o\000n\000\040\000t\000o\000\040\000T\000r\000a\000n\000s\000f\000o\000r\000m\000a\000t\000i\000c\000s}{section.4}% 14
\BOOKMARK [2][-]{subsection.4.8}{\376\377\0004\000.\0008\000\040\000I\000m\000p\000l\000e\000m\000e\000n\000t\000a\000t\000i\000o\000n\000\040\000n\000o\000t\000e\000s}{section.4}% 15
\BOOKMARK [1][-]{section.5}{\376\377\0005\000\040\000I\000m\000p\000l\000e\000m\000e\000n\000t\000a\000t\000i\000o\000n}{}% 16
\BOOKMARK [2][-]{subsection.5.1}{\376\377\0005\000.\0001\000\040\000R\000e\000f\000e\000r\000e\000n\000c\000e\000\040\000I\000n\000t\000e\000r\000p\000r\000e\000t\000e\000r\000s}{section.5}% 17
\BOOKMARK [2][-]{subsection.5.2}{\376\377\0005\000.\0002\000\040\000P\000e\000r\000s\000i\000s\000t\000e\000n\000t\000\040\000S\000t\000o\000r\000a\000g\000e\000\040\000a\000n\000d\000\040\000W\000e\000b\000\040\000P\000r\000i\000m\000i\000t\000i\000v\000e\000s}{section.5}% 18
\BOOKMARK [1][-]{section.6}{\376\377\0006\000\040\000T\000o\000o\000l\000i\000n\000g\000,\000\040\000E\000c\000o\000s\000y\000s\000t\000e\000m\000,\000\040\000a\000n\000d\000\040\000E\000x\000a\000m\000p\000l\000e\000s}{}% 19
\BOOKMARK [1][-]{section.7}{\376\377\0007\000\040\000E\000v\000a\000l\000u\000a\000t\000i\000o\000n}{}% 20
\BOOKMARK [2][-]{subsection.7.1}{\376\377\0007\000.\0001\000\040\000C\000o\000n\000c\000i\000s\000i\000o\000n}{section.7}% 21
\BOOKMARK [2][-]{subsection.7.2}{\376\377\0007\000.\0002\000\040\000E\000x\000p\000r\000e\000s\000s\000i\000v\000e\000n\000e\000s\000s}{section.7}% 22
\BOOKMARK [2][-]{subsection.7.3}{\376\377\0007\000.\0003\000\040\000P\000e\000r\000f\000o\000r\000m\000a\000n\000c\000e}{section.7}% 23
\BOOKMARK [1][-]{section.8}{\376\377\0008\000\040\000C\000a\000s\000e\000\040\000S\000t\000u\000d\000i\000e\000s}{}% 24
\BOOKMARK [2][-]{subsection.8.1}{\376\377\0008\000.\0001\000\040\000T\000e\000x\000t\000\040\000A\000d\000v\000e\000n\000t\000u\000r\000e\000:\000\040\000B\000o\000o\000b\000s\000\040\000`\000N\000'\000\040\000T\000r\000a\000p\000s}{section.8}% 25
\BOOKMARK [2][-]{subsection.8.2}{\376\377\0008\000.\0002\000\040\000S\000e\000q\000u\000e\000n\000c\000e\000\040\000A\000n\000a\000l\000y\000s\000i\000s\000\040\000a\000n\000d\000\040\000T\000r\000a\000n\000s\000f\000o\000r\000m\000a\000t\000i\000c\000s}{section.8}% 26
\BOOKMARK [2][-]{subsection.8.3}{\376\377\0008\000.\0003\000\040\000C\000h\000a\000t\000b\000o\000t\000\040\000a\000n\000d\000\040\000q\000-\000A\000G\000I\000\040\000P\000r\000o\000t\000o\000t\000y\000p\000i\000n\000g}{section.8}% 27
\BOOKMARK [1][-]{section.9}{\376\377\0009\000\040\000D\000i\000s\000c\000u\000s\000s\000i\000o\000n}{}% 28
\BOOKMARK [2][-]{subsection.9.1}{\376\377\0009\000.\0001\000\040\000S\000t\000r\000e\000n\000g\000t\000h\000s}{section.9}% 29
\BOOKMARK [2][-]{subsection.9.2}{\376\377\0009\000.\0002\000\040\000L\000i\000m\000i\000t\000a\000t\000i\000o\000n\000s\000\040\000a\000n\000d\000\040\000R\000i\000s\000k\000s}{section.9}% 30
\BOOKMARK [1][-]{section.10}{\376\377\0001\0000\000\040\000R\000e\000l\000a\000t\000e\000d\000\040\000W\000o\000r\000k}{}% 31
\BOOKMARK [1][-]{section.11}{\376\377\0001\0001\000\040\000C\000o\000n\000c\000l\000u\000s\000i\000o\000n\000\040\000a\000n\000d\000\040\000F\000u\000t\000u\000r\000e\000\040\000W\000o\000r\000k}{}% 32
\BOOKMARK [2][-]{subsection.11.1}{\376\377\0001\0001\000.\0001\000\040\000R\000e\000s\000u\000l\000t\000\040\0001\000:\000\040\000T\000h\000e\000\040\000E\000m\000p\000t\000y\000\040\000S\000e\000q\000u\000e\000n\000c\000e\000l\000n\000s\000p\000a\000p\000e\000r}{section.11}% 33
\BOOKMARK [2][-]{subsection.11.2}{\376\377\0001\0001\000.\0002\000\040\000R\000e\000s\000u\000l\000t\000\040\0002\000:\000\040\000A\000\040\000S\000y\000m\000b\000o\000l\000\040\000S\000e\000t\000L\000u\000t\000a\000l\000o\0002\0000\0002\0004\000g\000t\000n\000c}{section.11}% 34
\BOOKMARK [2][-]{subsection.11.3}{\376\377\0001\0001\000.\0003\000\040\000R\000e\000s\000u\000l\000t\000\040\0003\000:\000\040\000A\000\040\000S\000e\000q\000u\000e\000n\000c\000e\000l\000n\000s\000p\000a\000p\000e\000r}{section.11}% 35
\BOOKMARK [2][-]{subsection.11.4}{\376\377\0001\0001\000.\0004\000\040\000R\000e\000s\000u\000l\000t\000\040\0004\000:\000\040\000S\000e\000q\000u\000e\000n\000c\000e\000\040\000C\000a\000r\000d\000i\000n\000a\000l\000i\000t\000y\000a\000d\000t\000p\000a\000p\000e\000r\000L\000u\000t\000a\000l\000o\0002\0000\0002\0004\000g\000t\000n\000c}{section.11}% 36
\BOOKMARK [2][-]{subsection.11.5}{\376\377\0001\0001\000.\0005\000\040\000R\000e\000s\000u\000l\000t\000\040\0005\000:\000\040\000A\000\040\000S\000e\000q\000u\000e\000n\000c\000e\000\040\000S\000y\000m\000b\000o\000l\000\040\000S\000e\000t\000o\000s\000s\000i\000p\000a\000p\000e\000r\000L\000u\000t\000a\000l\000o\0002\0000\0002\0004\000g\000t\000n\000c}{section.11}% 37
\BOOKMARK [2][-]{subsection.11.6}{\376\377\0001\0001\000.\0006\000\040\000R\000e\000s\000u\000l\000t\000\040\0006\000:\000\040\000A\000\040\000S\000e\000q\000u\000e\000n\000c\000e\000\040\000T\000r\000a\000n\000s\000f\000o\000r\000m\000a\000t\000i\000o\000n\000t\000r\000a\000n\000s\000f\000o\000r\000m\000a\000t\000i\000c\000s\000l\000n\000s\000p\000a\000p\000e\000r}{section.11}% 38
\BOOKMARK [2][-]{subsection.11.7}{\376\377\0001\0001\000.\0007\000\040\000R\000e\000s\000u\000l\000t\000\040\0007\000:\000\040\000A\000\040\000S\000e\000q\000u\000e\000n\000c\000e\000\040\000T\000r\000a\000n\000s\000f\000o\000r\000m\000e\000r\000L\000u\000t\000a\000l\000o\0002\0000\0002\0005\000t\000r\000a\000n\000s\000p\000s\000y\000t\000r\000a\000n\000s\000f\000o\000r\000m\000a\000t\000i\000c\000s}{section.11}% 39
\BOOKMARK [2][-]{subsection.11.8}{\376\377\0001\0001\000.\0008\000\040\000R\000e\000s\000u\000l\000t\000\040\0008\000:\000\040\000A\000\040\000S\000e\000q\000u\000e\000n\000c\000e\000\040\000F\000i\000l\000t\000e\000r\000t\000r\000a\000n\000s\000f\000o\000r\000m\000a\000t\000i\000c\000s}{section.11}% 40
\BOOKMARK [2][-]{subsection.11.9}{\376\377\0001\0001\000.\0009\000\040\000R\000e\000s\000u\000l\000t\000\040\0009\000:\000\040\000A\000\040\000S\000e\000q\000u\000e\000n\000c\000e\000\040\000G\000e\000n\000e\000r\000a\000t\000o\000r\000t\000r\000a\000n\000s\000f\000o\000r\000m\000a\000t\000i\000c\000s\000l\000u\000t\000a\000l\000o\0002\0000\0002\0005\000t\000r\000a\000n\000s\000f\000o\000r\000m\000a\000t\000i\000c}{section.11}% 41
\BOOKMARK [2][-]{subsection.11.10}{\376\377\0001\0001\000.\0001\0000\000\040\000R\000e\000s\000u\000l\000t\000\040\0001\0000\000:\000\040\000A\000\040\000S\000e\000q\000u\000e\000n\000c\000e\000\040\000S\000a\000m\000p\000l\000e\000r\000l\000u\000t\000a\000l\000o\0002\0000\0002\0005\000t\000r\000a\000n\000s\000g\000e\000n\000e\000t\000i\000c\000s}{section.11}% 42
\BOOKMARK [1][-]{section*.14}{\376\377\000R\000e\000f\000e\000r\000e\000n\000c\000e\000s}{}% 43
