\BOOKMARK [0][-]{chapter.1}{\376\377\000A\000n\000\040\000I\000n\000t\000r\000o\000d\000u\000c\000t\000i\000o\000n\000\040\000t\000o\000\040\000M\000a\000g\000i\000c\000k\000a\000l\000\040\000L\000a\000n\000g\000u\000a\000g\000e\000s}{}% 1
\BOOKMARK [1][-]{section.1.1}{\376\377\000A\000\040\000F\000o\000r\000m\000a\000l\000\040\000a\000n\000d\000\040\000M\000a\000t\000h\000e\000m\000a\000t\000i\000c\000a\000l\000\040\000D\000e\000f\000i\000n\000i\000t\000i\000o\000n\000\040\000o\000f\000\040\000M\000A\000G\000I\000C\000K\000\040\000a\000n\000d\000\040\000a\000\040\000M\000a\000g\000i\000c\000k\000a\000l\000\040\000L\000a\000n\000g\000u\000a\000g\000e}{chapter.1}% 2
\BOOKMARK [0][-]{chapter.2}{\376\377\000L\000A\000N\000G\000u\000a\000g\000e\000\040\000\040\000L\000U\000M\000T\000a\000u\000t\000o}{}% 3
\BOOKMARK [1][-]{section.2.1}{\376\377\000R\000e\000l\000e\000v\000a\000n\000c\000e\000\040\000a\000n\000d\000\040\000M\000A\000G\000I\000C\000K\000A\000L\000\040\000I\000M\000P\000A\000C\000T\000\040\000o\000f\000\040\000t\000h\000e\000\040\000m\000a\000g\000i\000c\000k\000a\000l\000\040\000l\000a\000n\000g\000u\000a\000g\000e\000\040\000L\000U\000M\000T\000A\000U\000T\000O}{chapter.2}% 4
\BOOKMARK [1][-]{section.2.2}{\376\377\000T\000h\000e\000\040\000F\000o\000u\000r\000\040\000S\000u\000b\000t\000l\000e\000t\000i\000e\000s\000\040\000o\000f\000\040\000L\000U\000M\000T\000A\000U\000T\000O}{chapter.2}% 5
\BOOKMARK [1][-]{section.2.3}{\376\377\000F\000O\000U\000R\000\040\000E\000x\000a\000m\000p\000l\000e\000s\000\040\000o\000f\000\040\000A\000p\000p\000l\000y\000i\000n\000g\000\040\000L\000U\000M\000T\000A\000U\000T\000O}{chapter.2}% 6
\BOOKMARK [1][-]{section.2.4}{\376\377\000T\000h\000e\000\040\000L\000U\000M\000T\000A\000U\000T\000O\000\040\000A\000l\000g\000o\000r\000i\000t\000h\000m}{chapter.2}% 7
\BOOKMARK [1][-]{section.2.5}{\376\377\000T\000h\000e\000\040\000L\000U\000M\000T\000A\000U\000T\000O\000\040\000A\000l\000g\000o\000r\000i\000t\000h\000m\000\040\000i\000n\000\040\000T\000E\000A}{chapter.2}% 8
\BOOKMARK [1][-]{section.2.6}{\376\377\000T\000h\000e\000\040\000B\000a\000c\000k\000g\000r\000o\000u\000n\000d\000\040\000o\000f\000\040\000L\000U\000M\000T\000A\000U\000T\000O}{chapter.2}% 9
\BOOKMARK [2][-]{subsection.2.6.1}{\376\377\000T\000h\000e\000\040\000O\000R\000I\000G\000I\000N\000A\000L\000\040\000L\000U\000M\000T\000A\000U\000T\000O\000\040\000A\000l\000g\000o\000r\000i\000t\000h\000m\000\040\000i\000n\000\040\000J\000A\000V\000A\000S\000C\000R\000I\000P\000T}{section.2.6}% 10
\BOOKMARK [2][-]{subsection.2.6.2}{\376\377\000T\000h\000e\000\040\000L\000U\000M\000T\000A\000U\000T\000O\000\040\000A\000l\000g\000o\000r\000i\000t\000h\000m\000\040\000i\000n\000\040\000P\000Y\000T\000H\000O\000N}{section.2.6}% 11
\BOOKMARK [1][-]{section.2.7}{\376\377\000M\000o\000r\000e\000\040\000L\000U\000M\000T\000A\000U\000T\000O\000\040\000S\000p\000e\000l\000l\000s\000\040\000a\000n\000d\000\040\000M\000a\000n\000t\000r\000a\000s\000\040\000f\000r\000o\000m\000\040\000`\000`\000S\000h\000r\000i\000n\000e\000s\000\040\000o\000f\000\040\000T\000h\000e\000\040\000F\000r\000e\000e\000\040\000M\000e\000n\000"\000s\000h\000r\000i\000n\000e\000s\000j\000w\000l}{chapter.2}% 12
\BOOKMARK [2][-]{section*.25}{\376\377\000I\000n\000d\000u\000c\000i\000n\000g\000\040\000T\000r\000a\000n\000c\000e\000\040\000W\000h\000i\000l\000e\000\040\000I\000n\000v\000o\000k\000i\000n\000g\000\040\000S\000o\000l\000a\000r\000\040\000D\000e\000i\000t\000i\000e\000s}{section.2.7}% 13
\BOOKMARK [0][-]{chapter.3}{\376\377\000T\000h\000e\000\040\000G\000r\000a\000n\000d\000\040\000M\000y\000r\000r\000h\000:\000\040\000M\000Y\000R\000R\000H\000\040\000L\000A\000N\000G\000U\000A\000G\000E}{}% 14
\BOOKMARK [1][-]{section.3.1}{\376\377\000T\000h\000e\000\040\000F\000o\000u\000r\000\040\000S\000p\000e\000c\000i\000a\000l\000\040\000P\000r\000o\000p\000e\000r\000t\000i\000e\000s\000\040\000o\000f\000\040\000M\000Y\000R\000R\000H}{chapter.3}% 15
\BOOKMARK [1][-]{section.3.2}{\376\377\000T\000H\000R\000E\000E\000\040\000E\000x\000a\000m\000p\000l\000e\000s\000\040\000o\000f\000\040\000A\000p\000p\000l\000y\000i\000n\000g\000\040\000M\000Y\000R\000R\000H}{chapter.3}% 16
\BOOKMARK [2][-]{subsection.3.2.1}{\376\377\000M\000I\000R\000R\000O\000R\000\040\000R\000e\000v\000e\000r\000s\000a\000l\000\040\000S\000P\000E\000L\000L\000S}{section.3.2}% 17
\BOOKMARK [2][-]{subsection.3.2.2}{\376\377\000N\000A\000M\000E\000S\000\040\000o\000f\000\040\000P\000O\000W\000E\000R\000\040\000a\000n\000d\000\040\000D\000I\000V\000I\000N\000E\000\040\000N\000A\000M\000E\000S}{section.3.2}% 18
\BOOKMARK [2][-]{subsection.3.2.3}{\376\377\000W\000O\000R\000D\000S\000\040\000o\000f\000\040\000P\000O\000W\000E\000R\000,\000\040\000F\000O\000R\000M\000U\000L\000A\000E\000\040\000f\000o\000r\000\040\000B\000L\000A\000C\000K\000\040\000a\000n\000d\000\040\000W\000H\000I\000T\000E\000\040\000M\000A\000G\000I\000C\000K}{section.3.2}% 19
\BOOKMARK [0][-]{chapter.4}{\376\377\000T\000h\000e\000\040\000O\000Z\000I\000N\000\040\000C\000i\000p\000h\000e\000r\000\040\000a\000n\000d\000\040\000M\000a\000g\000i\000c\000k\000a\000l\000\040\000L\000a\000n\000g\000u\000a\000g\000e}{}% 20
\BOOKMARK [1][-]{section.4.1}{\376\377\000S\000o\000m\000e\000\040\000H\000i\000s\000t\000o\000r\000y\000\040\000o\000n\000\040\000U\000s\000e\000\040\000o\000f\000\040\000V\000i\000s\000u\000a\000l\000\040\000L\000a\000n\000g\000u\000a\000g\000e\000s\000\040\000i\000n\000\040\000M\000a\000g\000i\000c\000k}{chapter.4}% 21
\BOOKMARK [2][-]{subsection.4.1.1}{\376\377\000T\000h\000e\000\040\000D\000e\000v\000e\000l\000o\000p\000m\000e\000n\000t\000\040\000o\000f\000\040\000W\000r\000i\000t\000i\000n\000g\000\040\000S\000y\000s\000t\000e\000m\000s\000\040\000a\000n\000d\000\040\000T\000h\000e\000\040\000P\000r\000i\000e\000s\000t\000h\000o\000o\000d\000\040\000o\000f\000\040\000T\000h\000o\000t\000h}{section.4.1}% 22
\BOOKMARK [2][-]{subsection.4.1.2}{\376\377\000M\000o\000d\000e\000r\000n\000\040\000U\000s\000e\000\040\000o\000f\000\040\000V\000i\000s\000u\000a\000l\000\040\000L\000a\000n\000g\000u\000a\000g\000e\000s\000\040\000i\000n\000\040\000M\000a\000g\000i\000c\000k}{section.4.1}% 23
\BOOKMARK [1][-]{section.4.2}{\376\377\000T\000h\000e\000\040\000O\000Z\000I\000N\000\040\000L\000a\000n\000g\000u\000a\000g\000e\000\040\000S\000y\000s\000t\000e\000m}{chapter.4}% 24
\BOOKMARK [1][-]{section.4.3}{\376\377\0005\000\040\000E\000x\000a\000m\000p\000l\000e\000s\000\040\000o\000f\000\040\000A\000p\000p\000l\000y\000i\000n\000g\000\040\000O\000Z\000I\000N}{chapter.4}% 25
\BOOKMARK [2][-]{subsection.4.3.1}{\376\377\000S\000I\000G\000I\000L\000\040\000M\000A\000G\000I\000C\000K\000:\000\040\000T\000h\000e\000\040\000[\000c\000o\000r\000e\000]\000\040\000M\000e\000t\000h\000o\000d\000\040\000o\000f\000\040\000C\000h\000a\000o\000s\000\040\000M\000a\000g\000i\000c\000k\000\040\000i\000n\000\040\000B\000r\000i\000e\000f}{section.4.3}% 26
\BOOKMARK [2][-]{subsection.4.3.2}{\376\377\000E\000X\000A\000M\000P\000L\000E\000\040\0001\000:\000\040\000A\000P\000P\000L\000Y\000I\000N\000G\000\040\000S\000I\000G\000I\000L\000\040\000M\000A\000G\000I\000C\000K\000\040\000u\000s\000i\000n\000g\000\040\000T\000h\000e\000\040\000O\000Z\000I\000N\000\040\000L\000a\000n\000g\000u\000a\000g\000e}{section.4.3}% 27
\BOOKMARK [3][-]{section*.66}{\376\377\000O\000Z\000I\000N\000\040\000M\000A\000G\000I\000C\000K}{subsection.4.3.2}% 28
\BOOKMARK [2][-]{subsection.4.3.3}{\376\377\000E\000X\000A\000M\000P\000L\000E\000\040\0002\000:\000\040\000U\000s\000i\000n\000g\000\040\000T\000h\000e\000\040\000O\000Z\000I\000N\000\040\000L\000a\000n\000g\000u\000a\000g\000e\000\040\000t\000o\000\040\000C\000r\000e\000a\000t\000e\000\040\000T\000A\000L\000I\000S\000M\000A\000N\000S\000,\000\040\000C\000H\000A\000R\000M\000S\000\040\000o\000r\000\040\000P\000E\000N\000D\000A\000N\000T\000S}{section.4.3}% 29
\BOOKMARK [2][-]{subsection.4.3.4}{\376\377\000E\000X\000A\000M\000P\000L\000E\000\040\0003\000:\000\040\000U\000s\000i\000n\000g\000\040\000T\000h\000e\000\040\000O\000Z\000I\000N\000\040\000L\000a\000n\000g\000u\000a\000g\000e\000\040\000t\000o\000\040\000C\000r\000e\000a\000t\000e\000\040\000S\000E\000R\000V\000I\000T\000O\000R\000S\000\040\000o\000r\000\040\000S\000E\000R\000V\000A\000N\000T\000\040\000S\000P\000I\000R\000I\000T\000S}{section.4.3}% 30
\BOOKMARK [2][-]{subsection.4.3.5}{\376\377\000E\000X\000A\000M\000P\000L\000E\000\040\0004\000:\000\040\000U\000s\000i\000n\000g\000\040\000T\000h\000e\000\040\000O\000Z\000I\000N\000\040\000L\000a\000n\000g\000u\000a\000g\000e\000\040\000t\000o\000\040\000E\000X\000O\000R\000C\000I\000S\000E\000\040\000T\000h\000e\000\040\000M\000I\000N\000D}{section.4.3}% 31
\BOOKMARK [2][-]{subsection.4.3.6}{\376\377\000E\000X\000A\000M\000P\000L\000E\000\040\0005\000:\000\040\000U\000s\000i\000n\000g\000\040\000T\000h\000e\000\040\000O\000Z\000I\000N\000\040\000L\000a\000n\000g\000u\000a\000g\000e\000\040\000t\000o\000\040\000E\000X\000P\000R\000E\000S\000S\000\040\000E\000G\000G\000R\000E\000G\000O\000R\000E\000S}{section.4.3}% 32
\BOOKMARK [0][-]{chapter.5}{\376\377\000T\000h\000e\000\040\000M\000E\000D\000I\000N\000A\000\040\000C\000i\000p\000h\000e\000r\000\040\000a\000n\000d\000\040\000M\000a\000g\000i\000c\000k\000a\000l\000\040\000L\000a\000n\000g\000u\000a\000g\000e}{}% 33
\BOOKMARK [1][-]{section.5.1}{\376\377\0003\000\040\000E\000x\000a\000m\000p\000l\000e\000s\000\040\000o\000f\000\040\000A\000p\000p\000l\000y\000i\000n\000g\000\040\000M\000E\000D\000I\000N\000A}{chapter.5}% 34
\BOOKMARK [2][-]{subsection.5.1.1}{\376\377\000E\000X\000A\000M\000P\000L\000E\000\040\0001\000:\000\040\000U\000s\000i\000n\000g\000\040\000T\000h\000e\000\040\000M\000E\000D\000I\000N\000A\000\040\000L\000a\000n\000g\000u\000a\000g\000e\000\040\000t\000o\000\040\000C\000r\000e\000a\000t\000e\000\040\000T\000A\000L\000I\000S\000M\000A\000N\000I\000C\000\040\000o\000r\000\040\000M\000A\000G\000I\000C\000K\000A\000L\000\040\000B\000E\000L\000T\000S}{section.5.1}% 35
\BOOKMARK [2][-]{subsection.5.1.2}{\376\377\000E\000X\000A\000M\000P\000L\000E\000\040\0002\000:\000\040\000U\000s\000i\000n\000g\000\040\000T\000h\000e\000\040\000M\000E\000D\000I\000N\000A\000\040\000L\000a\000n\000g\000u\000a\000g\000e\000\040\000t\000o\000\040\000H\000I\000D\000E\000\040\000C\000O\000D\000E\000S\000\040\000a\000n\000d\000\040\000P\000A\000S\000S\000W\000O\000R\000D\000S\000\040\000i\000n\000\040\000P\000U\000B\000L\000I\000C}{section.5.1}% 36
\BOOKMARK [2][-]{subsection.5.1.3}{\376\377\000E\000X\000A\000M\000P\000L\000E\000\040\0003\000:\000\040\000U\000s\000i\000n\000g\000\040\000T\000h\000e\000\040\000M\000E\000D\000I\000N\000A\000\040\000L\000a\000n\000g\000u\000a\000g\000e\000\040\000t\000o\000\040\000R\000E\000A\000D\000\040\000o\000r\000\040\000D\000I\000V\000I\000N\000E\000\040\000M\000E\000S\000S\000A\000G\000E\000s\000\040\000f\000r\000o\000m\000\040\000N\000A\000T\000U\000R\000E}{section.5.1}% 37
\BOOKMARK [1][-]{section.5.2}{\376\377\000T\000h\000e\000\040\000M\000E\000D\000I\000N\000A\000\040\000L\000a\000n\000g\000u\000a\000g\000e\000\040\000S\000y\000s\000t\000e\000m}{chapter.5}% 38
\BOOKMARK [0][-]{chapter.6}{\376\377\000C\000O\000N\000C\000L\000U\000S\000I\000O\000N}{}% 39
\BOOKMARK [0][-]{appendix.1.A}{\376\377\000A\000p\000p\000e\000n\000d\000i\000x\000\040\000A\000p\000p\000l\000y\000i\000n\000g\000\040\000T\000R\000A\000N\000S\000F\000O\000R\000M\000A\000T\000I\000C\000S\000\040\000i\000n\000\040\000M\000A\000G\000I\000C\000K}{}% 40
\BOOKMARK [1][-]{section.1.A.1}{\376\377\000T\000h\000e\000\040\000B\000a\000s\000i\000c\000\040\000M\000o\000d\000a\000l\000\040\000S\000e\000q\000u\000e\000n\000c\000e\000\040\000S\000t\000a\000t\000i\000s\000t\000i\000c\000\040\000\050\000B\000M\000S\000S\000\051}{appendix.1.A}% 41
\BOOKMARK [2][-]{section*.122}{\376\377\000C\000o\000m\000p\000u\000t\000i\000n\000g\000\040\000t\000h\000e\000\040\000B\000M\000S\000S\000\040\000u\000s\000i\000n\000g\000\040\000a\000\040\000R\000a\000n\000k\000\040\000F\000u\000n\000c\000t\000i\000o\000n}{section.1.A.1}% 42
\BOOKMARK [1][-]{section.1.A.2}{\376\377\000T\000h\000e\000\040\000P\000o\000s\000i\000t\000i\000o\000n\000a\000l\000\040\000M\000o\000d\000a\000l\000\040\000S\000e\000q\000u\000e\000n\000c\000e\000\040\000S\000t\000a\000t\000i\000s\000t\000i\000c\000\040\000\050\000P\000M\000S\000S\000\051}{appendix.1.A}% 43
\BOOKMARK [1][-]{section.1.A.3}{\376\377\000F\000u\000r\000t\000h\000e\000r\000\040\000A\000n\000a\000l\000y\000s\000i\000s\000\040\000a\000n\000d\000\040\000C\000o\000m\000p\000a\000r\000i\000s\000o\000n\000\040\000o\000f\000\040\000M\000S\000S\000,\000\040\000B\000M\000S\000S\000\040\000a\000n\000d\000\040\000P\000M\000S\000S}{appendix.1.A}% 44
\BOOKMARK [0][-]{appendix.1.B}{\376\377\000A\000p\000p\000e\000n\000d\000i\000x\000\040\000B\000r\000i\000e\000f\000\040\000D\000e\000t\000o\000u\000r\000:\000\040\000M\000o\000d\000e\000r\000n\000\040\000C\000H\000A\000O\000S\000\040\000M\000A\000G\000I\000C\000K}{}% 45
\BOOKMARK [1][-]{section.1.B.1}{\376\377\000C\000o\000r\000e\000\040\000P\000r\000a\000c\000t\000i\000c\000e\000s\000\040\000i\000n\000\040\000C\000o\000n\000t\000e\000m\000p\000o\000r\000a\000r\000y\000\040\000S\000e\000t\000t\000i\000n\000g\000s}{appendix.1.B}% 46
\BOOKMARK [1][-]{section.1.B.2}{\376\377\000C\000o\000n\000t\000r\000a\000s\000t\000s\000\040\000w\000i\000t\000h\000\040\000T\000r\000a\000d\000i\000t\000i\000o\000n\000a\000l\000\040\000S\000y\000s\000t\000e\000m\000s}{appendix.1.B}% 47
\BOOKMARK [2][-]{subsection.1.B.2.1}{\376\377\000K\000a\000b\000b\000a\000l\000a\000h}{section.1.B.2}% 48
\BOOKMARK [2][-]{subsection.1.B.2.2}{\376\377\000V\000o\000o\000d\000o\000o\000/\000V\000o\000d\000o\000u}{section.1.B.2}% 49
\BOOKMARK [2][-]{subsection.1.B.2.3}{\376\377\000C\000e\000r\000e\000m\000o\000n\000i\000a\000l\000\040\000M\000a\000g\000i\000c\000k}{section.1.B.2}% 50
\BOOKMARK [2][-]{subsection.1.B.2.4}{\376\377\000S\000p\000i\000r\000i\000t\000u\000a\000l\000i\000s\000m}{section.1.B.2}% 51
\BOOKMARK [2][-]{subsection.1.B.2.5}{\376\377\000P\000s\000i\000o\000n\000i\000c\000s}{section.1.B.2}% 52
\BOOKMARK [2][-]{subsection.1.B.2.6}{\376\377\000A\000l\000c\000h\000e\000m\000y}{section.1.B.2}% 53
\BOOKMARK [1][-]{section.1.B.3}{\376\377\000C\000o\000n\000t\000e\000x\000t\000s\000\040\000o\000f\000\040\000P\000r\000a\000c\000t\000i\000c\000e}{appendix.1.B}% 54
\BOOKMARK [0][-]{appendix.1.C}{\376\377\000A\000p\000p\000e\000n\000d\000i\000x\000\040\000M\000O\000R\000E\000\040\000S\000T\000A\000N\000D\000A\000R\000D\000\040\000S\000E\000A\000L\000S\000\040\000\050\000G\000*\000D\000\051\000:\000\040\000G\000r\000a\000n\000d\000\040\000O\000r\000d\000e\000r\000\040\000D\000i\000v\000i\000n\000e\000\040\000S\000E\000T}{}% 55
\BOOKMARK [0][-]{appendix*.133}{\376\377\000B\000O\000N\000U\000S\000:\000\040\000T\000h\000e\000\040\000M\000I\000T\000I\000\040\000M\000a\000g\000i\000c\000k\000a\000l\000\040\000L\000a\000n\000g\000u\000a\000g\000e}{}% 56
\BOOKMARK [0][-]{appendix*.141}{\376\377\000B\000O\000N\000U\000S\000:\000\040\000C\000C\000M\000:\000\040\000C\000A\000N\000D\000L\000E\000\040\000C\000H\000A\000O\000S\000\040\000M\000A\000G\000I\000C\000K}{}% 57
\BOOKMARK [0][-]{appendix*.142}{\376\377\000B\000O\000N\000U\000S\000:\000\040\000P\000O\000E\000T\000R\000Y\000\040\000a\000n\000d\000\040\000H\000Y\000M\000N\000S\000\040\000f\000o\000r\000\040\000C\000O\000D\000E}{}% 58
\BOOKMARK [1][-]{section.6.1}{\376\377\000I\000J\000U\000K\000A\000\040\000\050\000i\000n\000\040\000C\000W\000E\000Z\000I\000/\000R\000u\000n\000y\000o\000r\000o\000-\000R\000u\000n\000y\000a\000k\000i\000t\000a\000r\000a\000\051}{appendix*.142}% 59
\BOOKMARK [1][-]{section.6.2}{\376\377\000I\000J\000U\000K\000A\000/\000J\000U\000K\000I\000L\000A\000\040\000\050\000i\000n\000\040\000G\000A\000N\000D\000A\000/\000L\000u\000g\000a\000n\000d\000a\000\051}{appendix*.142}% 60
\BOOKMARK [1][-]{section.6.3}{\376\377\000I\000J\000U\000K\000A\000/\000R\000E\000C\000A\000L\000L\000\040\000\050\000i\000n\000\040\000E\000n\000g\000l\000i\000s\000h\000\051}{appendix*.142}% 61
\BOOKMARK [0][-]{appendix*.159}{\376\377\000B\000O\000N\000U\000S\000:\000\040\000H\000O\000W\000\040\000T\000O\000\040\000M\000A\000K\000E\000\040\000t\000h\000e\000\040\000M\000O\000S\000T\000\040\000o\000f\000\040\000t\000h\000i\000s\000\040\000B\000O\000O\000K\000?}{}% 62
