This is pdfTeX, Version 3.141592653-2.6-1.40.26 (MiKTeX 24.4) (preloaded format=pdflatex 2025.9.25)  14 NOV 2025 20:33
entering extended mode
 restricted \write18 enabled.
 %&-line parsing enabled.
**./grimoire_lumtauto.tex
(grimoire_lumtauto.tex
LaTeX2e <2024-06-01> patch level 2
L3 programming layer <2024-07-20>
(C:\Program Files\MiKTeX\tex/latex/base\article.cls
Document Class: article 2024/02/08 v1.4n Standard LaTeX document class
(C:\Program Files\MiKTeX\tex/latex/base\size12.clo
File: size12.clo 2024/02/08 v1.4n Standard LaTeX file (size option)
)
\c@part=\count194
\c@section=\count195
\c@subsection=\count196
\c@subsubsection=\count197
\c@paragraph=\count198
\c@subparagraph=\count199
\c@figure=\count266
\c@table=\count267
\abovecaptionskip=\skip49
\belowcaptionskip=\skip50
\bibindent=\dimen141
)
(C:\Users\AKAM\AppData\Roaming\MiKTeX\tex/latex/geometry\geometry.sty
Package: geometry 2020/01/02 v5.9 Page Geometry

(C:\Program Files\MiKTeX\tex/latex/graphics\keyval.sty
Package: keyval 2022/05/29 v1.15 key=value parser (DPC)
\KV@toks@=\toks17
)
(C:\Program Files\MiKTeX\tex/generic/iftex\ifvtex.sty
Package: ifvtex 2019/10/25 v1.7 ifvtex legacy package. Use iftex instead.

(C:\Program Files\MiKTeX\tex/generic/iftex\iftex.sty
Package: iftex 2022/02/03 v1.0f TeX engine tests
))
\Gm@cnth=\count268
\Gm@cntv=\count269
\c@Gm@tempcnt=\count270
\Gm@bindingoffset=\dimen142
\Gm@wd@mp=\dimen143
\Gm@odd@mp=\dimen144
\Gm@even@mp=\dimen145
\Gm@layoutwidth=\dimen146
\Gm@layoutheight=\dimen147
\Gm@layouthoffset=\dimen148
\Gm@layoutvoffset=\dimen149
\Gm@dimlist=\toks18

(C:\Users\AKAM\AppData\Roaming\MiKTeX\tex/latex/geometry\geometry.cfg))
(C:\Program Files\MiKTeX\tex/latex/hyperref\hyperref.sty
Package: hyperref 2024-07-10 v7.01j Hypertext links for LaTeX

(C:\Users\AKAM\AppData\Roaming\MiKTeX\tex/latex/kvsetkeys\kvsetkeys.sty
Package: kvsetkeys 2022-10-05 v1.19 Key value parser (HO)
)
(C:\Users\AKAM\AppData\Roaming\MiKTeX\tex/generic/kvdefinekeys\kvdefinekeys.sty
Package: kvdefinekeys 2019-12-19 v1.6 Define keys (HO)
) (C:\Users\AKAM\AppData\Roaming\MiKTeX\tex/generic/pdfescape\pdfescape.sty
Package: pdfescape 2019/12/09 v1.15 Implements pdfTeX's escape features (HO)

(C:\Users\AKAM\AppData\Roaming\MiKTeX\tex/generic/ltxcmds\ltxcmds.sty
Package: ltxcmds 2023-12-04 v1.26 LaTeX kernel commands for general use (HO)
)
(C:\Program Files\MiKTeX\tex/generic/pdftexcmds\pdftexcmds.sty
Package: pdftexcmds 2020-06-27 v0.33 Utility functions of pdfTeX for LuaTeX (HO
)

(C:\Users\AKAM\AppData\Roaming\MiKTeX\tex/generic/infwarerr\infwarerr.sty
Package: infwarerr 2019/12/03 v1.5 Providing info/warning/error messages (HO)
)
Package pdftexcmds Info: \pdf@primitive is available.
Package pdftexcmds Info: \pdf@ifprimitive is available.
Package pdftexcmds Info: \pdfdraftmode found.
))
(C:\Users\AKAM\AppData\Roaming\MiKTeX\tex/latex/hycolor\hycolor.sty
Package: hycolor 2020-01-27 v1.10 Color options for hyperref/bookmark (HO)
)
(C:\Program Files\MiKTeX\tex/latex/hyperref\nameref.sty
Package: nameref 2023-11-26 v2.56 Cross-referencing by name of section

(C:\Users\AKAM\AppData\Roaming\MiKTeX\tex/latex/refcount\refcount.sty
Package: refcount 2019/12/15 v3.6 Data extraction from label references (HO)
)
(C:\Users\AKAM\AppData\Roaming\MiKTeX\tex/generic/gettitlestring\gettitlestring
.sty
Package: gettitlestring 2019/12/15 v1.6 Cleanup title references (HO)
 (C:\Users\AKAM\AppData\Roaming\MiKTeX\tex/latex/kvoptions\kvoptions.sty
Package: kvoptions 2022-06-15 v3.15 Key value format for package options (HO)
))
\c@section@level=\count271
) (C:\Program Files\MiKTeX\tex/latex/etoolbox\etoolbox.sty
Package: etoolbox 2020/10/05 v2.5k e-TeX tools for LaTeX (JAW)
\etb@tempcnta=\count272
)
(C:\Users\AKAM\AppData\Roaming\MiKTeX\tex/generic/stringenc\stringenc.sty
Package: stringenc 2019/11/29 v1.12 Convert strings between diff. encodings (HO
)
)
\@linkdim=\dimen150
\Hy@linkcounter=\count273
\Hy@pagecounter=\count274

(C:\Program Files\MiKTeX\tex/latex/hyperref\pd1enc.def
File: pd1enc.def 2024-07-10 v7.01j Hyperref: PDFDocEncoding definition (HO)
Now handling font encoding PD1 ...
... no UTF-8 mapping file for font encoding PD1
)
(C:\Users\AKAM\AppData\Roaming\MiKTeX\tex/generic/intcalc\intcalc.sty
Package: intcalc 2019/12/15 v1.3 Expandable calculations with integers (HO)
)
\Hy@SavedSpaceFactor=\count275

(C:\Program Files\MiKTeX\tex/latex/hyperref\puenc.def
File: puenc.def 2024-07-10 v7.01j Hyperref: PDF Unicode definition (HO)
Now handling font encoding PU ...
... no UTF-8 mapping file for font encoding PU
)
Package hyperref Info: Hyper figures OFF on input line 4157.
Package hyperref Info: Link nesting OFF on input line 4162.
Package hyperref Info: Hyper index ON on input line 4165.
Package hyperref Info: Plain pages OFF on input line 4172.
Package hyperref Info: Backreferencing OFF on input line 4177.
Package hyperref Info: Implicit mode ON; LaTeX internals redefined.
Package hyperref Info: Bookmarks ON on input line 4424.
\c@Hy@tempcnt=\count276

(C:\Program Files\MiKTeX\tex/latex/url\url.sty
\Urlmuskip=\muskip17
Package: url 2013/09/16  ver 3.4  Verb mode for urls, etc.
)
LaTeX Info: Redefining \url on input line 4763.
\XeTeXLinkMargin=\dimen151

(C:\Users\AKAM\AppData\Roaming\MiKTeX\tex/generic/bitset\bitset.sty
Package: bitset 2019/12/09 v1.3 Handle bit-vector datatype (HO)

(C:\Users\AKAM\AppData\Roaming\MiKTeX\tex/generic/bigintcalc\bigintcalc.sty
Package: bigintcalc 2019/12/15 v1.5 Expandable calculations on big integers (HO
)
))
\Fld@menulength=\count277
\Field@Width=\dimen152
\Fld@charsize=\dimen153
Package hyperref Info: Hyper figures OFF on input line 6042.
Package hyperref Info: Link nesting OFF on input line 6047.
Package hyperref Info: Hyper index ON on input line 6050.
Package hyperref Info: backreferencing OFF on input line 6057.
Package hyperref Info: Link coloring OFF on input line 6062.
Package hyperref Info: Link coloring with OCG OFF on input line 6067.
Package hyperref Info: PDF/A mode OFF on input line 6072.

(C:\Program Files\MiKTeX\tex/latex/base\atbegshi-ltx.sty
Package: atbegshi-ltx 2021/01/10 v1.0c Emulation of the original atbegshi
package with kernel methods
)
\Hy@abspage=\count278
\c@Item=\count279
\c@Hfootnote=\count280
)
Package hyperref Info: Driver (autodetected): hpdftex.

(C:\Program Files\MiKTeX\tex/latex/hyperref\hpdftex.def
File: hpdftex.def 2024-07-10 v7.01j Hyperref driver for pdfTeX

(C:\Program Files\MiKTeX\tex/latex/base\atveryend-ltx.sty
Package: atveryend-ltx 2020/08/19 v1.0a Emulation of the original atveryend pac
kage
with kernel methods
)
\Fld@listcount=\count281
\c@bookmark@seq@number=\count282

(C:\Users\AKAM\AppData\Roaming\MiKTeX\tex/latex/rerunfilecheck\rerunfilecheck.s
ty
Package: rerunfilecheck 2022-07-10 v1.10 Rerun checks for auxiliary files (HO)

(C:\Users\AKAM\AppData\Roaming\MiKTeX\tex/generic/uniquecounter\uniquecounter.s
ty
Package: uniquecounter 2019/12/15 v1.4 Provide unlimited unique counter (HO)
)
Package uniquecounter Info: New unique counter `rerunfilecheck' on input line 2
85.
)
\Hy@SectionHShift=\skip51
) (C:\Users\AKAM\AppData\Roaming\MiKTeX\tex/latex/parskip\parskip.sty
Package: parskip 2021-03-14 v2.0h non-zero parskip adjustments
)
(C:\Users\AKAM\AppData\Roaming\MiKTeX\tex/latex/ulem\ulem.sty
\UL@box=\box52
\UL@hyphenbox=\box53
\UL@skip=\skip52
\UL@hook=\toks19
\UL@height=\dimen154
\UL@pe=\count283
\UL@pixel=\dimen155
\ULC@box=\box54
Package: ulem 2019/11/18
\ULdepth=\dimen156
)
(C:\Program Files\MiKTeX\tex/latex/appendix\appendix.sty
Package: appendix 2020/02/08 v1.2c extra appendix facilities
\c@@pps=\count284
\c@@ppsavesec=\count285
\c@@ppsaveapp=\count286
)
(C:\Program Files\MiKTeX\tex/latex/graphics\graphicx.sty
Package: graphicx 2021/09/16 v1.2d Enhanced LaTeX Graphics (DPC,SPQR)

(C:\Program Files\MiKTeX\tex/latex/graphics\graphics.sty
Package: graphics 2024/05/23 v1.4g Standard LaTeX Graphics (DPC,SPQR)

(C:\Program Files\MiKTeX\tex/latex/graphics\trig.sty
Package: trig 2023/12/02 v1.11 sin cos tan (DPC)
)
(C:\Program Files\MiKTeX\tex/latex/graphics-cfg\graphics.cfg
File: graphics.cfg 2016/06/04 v1.11 sample graphics configuration
)
Package graphics Info: Driver file: pdftex.def on input line 106.

(C:\Program Files\MiKTeX\tex/latex/graphics-def\pdftex.def
File: pdftex.def 2024/04/13 v1.2c Graphics/color driver for pdftex
))
\Gin@req@height=\dimen157
\Gin@req@width=\dimen158
)
(C:\Users\AKAM\AppData\Roaming\MiKTeX\tex/latex/caption\caption.sty
Package: caption 2023/08/05 v3.6o Customizing captions (AR)

(C:\Users\AKAM\AppData\Roaming\MiKTeX\tex/latex/caption\caption3.sty
Package: caption3 2023/07/31 v2.4d caption3 kernel (AR)
\caption@tempdima=\dimen159
\captionmargin=\dimen160
\caption@leftmargin=\dimen161
\caption@rightmargin=\dimen162
\caption@width=\dimen163
\caption@indent=\dimen164
\caption@parindent=\dimen165
\caption@hangindent=\dimen166
Package caption Info: Standard document class detected.
)
\c@caption@flags=\count287
\c@continuedfloat=\count288
Package caption Info: hyperref package is loaded.
)
(C:\Users\AKAM\AppData\Roaming\MiKTeX\tex/latex/float\float.sty
Package: float 2001/11/08 v1.3d Float enhancements (AL)
\c@float@type=\count289
\float@exts=\toks20
\float@box=\box55
\@float@everytoks=\toks21
\@floatcapt=\box56
)
(C:\Users\AKAM\AppData\Roaming\MiKTeX\tex/latex/caption\subcaption.sty
Package: subcaption 2023/07/28 v1.6b Sub-captions (AR)
Package caption Info: New subtype `subfigure' on input line 238.
\c@subfigure=\count290
Package caption Info: New subtype `subtable' on input line 238.
\c@subtable=\count291
)
(C:\Program Files\MiKTeX\tex/latex/xcolor\xcolor.sty
Package: xcolor 2023/11/15 v3.01 LaTeX color extensions (UK)

(C:\Program Files\MiKTeX\tex/latex/graphics-cfg\color.cfg
File: color.cfg 2016/01/02 v1.6 sample color configuration
)
Package xcolor Info: Driver file: pdftex.def on input line 274.

(C:\Program Files\MiKTeX\tex/latex/graphics\mathcolor.ltx)
Package xcolor Info: Model `cmy' substituted by `cmy0' on input line 1350.
Package xcolor Info: Model `hsb' substituted by `rgb' on input line 1354.
Package xcolor Info: Model `RGB' extended on input line 1366.
Package xcolor Info: Model `HTML' substituted by `rgb' on input line 1368.
Package xcolor Info: Model `Hsb' substituted by `hsb' on input line 1369.
Package xcolor Info: Model `tHsb' substituted by `hsb' on input line 1370.
Package xcolor Info: Model `HSB' substituted by `hsb' on input line 1371.
Package xcolor Info: Model `Gray' substituted by `gray' on input line 1372.
Package xcolor Info: Model `wave' substituted by `hsb' on input line 1373.
)
(C:\Users\AKAM\AppData\Roaming\MiKTeX\tex/generic/soul\soul.sty
Package: soul 2023-06-14 v3.1 Permit use of UTF-8 characters in soul (HO)

(C:\Users\AKAM\AppData\Roaming\MiKTeX\tex/generic/soul\soul-ori.sty
Package: soul-ori 2023-06-14 v3.1 letterspacing/underlining (mf)
\SOUL@word=\toks22
\SOUL@lasttoken=\toks23
\SOUL@syllable=\toks24
\SOUL@cmds=\toks25
\SOUL@buffer=\toks26
\SOUL@token=\toks27
\SOUL@syllgoal=\dimen167
\SOUL@syllwidth=\dimen168
\SOUL@charkern=\dimen169
\SOUL@hyphkern=\dimen170
\SOUL@dimen=\dimen171
\SOUL@dimeni=\dimen172
\SOUL@minus=\count292
\SOUL@comma=\count293
\SOUL@apo=\count294
\SOUL@grave=\count295
\SOUL@spaceskip=\skip53
\SOUL@ttwidth=\dimen173
\SOUL@uldp=\dimen174
\SOUL@ulht=\dimen175
)
(C:\Users\AKAM\AppData\Roaming\MiKTeX\tex/generic/etexcmds\etexcmds.sty
Package: etexcmds 2019/12/15 v1.7 Avoid name clashes with e-TeX commands (HO)
))
(C:\Program Files\MiKTeX\tex/latex/colortbl\colortbl.sty
Package: colortbl 2024/10/29 v1.0k Color table columns (DPC)

(C:\Program Files\MiKTeX\tex/latex/tools\array.sty
Package: array 2024/06/14 v2.6d Tabular extension package (FMi)
\col@sep=\dimen176
\ar@mcellbox=\box57
\extrarowheight=\dimen177
\NC@list=\toks28
\extratabsurround=\skip54
\backup@length=\skip55
\ar@cellbox=\box58
)
\everycr=\toks29
\minrowclearance=\skip56
\rownum=\count296
)
(C:\Program Files\MiKTeX\tex/latex/tcolorbox\tcolorbox.sty
Package: tcolorbox 2025/09/09 version 6.8.0 text color boxes

(C:\Program Files\MiKTeX\tex/latex/pgf/frontendlayer\tikz.sty
(C:\Program Files\MiKTeX\tex/latex/pgf/basiclayer\pgf.sty
(C:\Program Files\MiKTeX\tex/latex/pgf/utilities\pgfrcs.sty
(C:\Program Files\MiKTeX\tex/generic/pgf/utilities\pgfutil-common.tex
\pgfutil@everybye=\toks30
\pgfutil@tempdima=\dimen178
\pgfutil@tempdimb=\dimen179
)
(C:\Program Files\MiKTeX\tex/generic/pgf/utilities\pgfutil-latex.def
\pgfutil@abb=\box59
)
(C:\Program Files\MiKTeX\tex/generic/pgf/utilities\pgfrcs.code.tex
(C:\Program Files\MiKTeX\tex/generic/pgf\pgf.revision.tex)
Package: pgfrcs 2023-01-15 v3.1.10 (3.1.10)
))
Package: pgf 2023-01-15 v3.1.10 (3.1.10)

(C:\Program Files\MiKTeX\tex/latex/pgf/basiclayer\pgfcore.sty
(C:\Program Files\MiKTeX\tex/latex/pgf/systemlayer\pgfsys.sty
(C:\Program Files\MiKTeX\tex/generic/pgf/systemlayer\pgfsys.code.tex
Package: pgfsys 2023-01-15 v3.1.10 (3.1.10)

(C:\Program Files\MiKTeX\tex/generic/pgf/utilities\pgfkeys.code.tex
\pgfkeys@pathtoks=\toks31
\pgfkeys@temptoks=\toks32

(C:\Program Files\MiKTeX\tex/generic/pgf/utilities\pgfkeyslibraryfiltered.code.
tex
\pgfkeys@tmptoks=\toks33
))
\pgf@x=\dimen180
\pgf@y=\dimen181
\pgf@xa=\dimen182
\pgf@ya=\dimen183
\pgf@xb=\dimen184
\pgf@yb=\dimen185
\pgf@xc=\dimen186
\pgf@yc=\dimen187
\pgf@xd=\dimen188
\pgf@yd=\dimen189
\w@pgf@writea=\write3
\r@pgf@reada=\read2
\c@pgf@counta=\count297
\c@pgf@countb=\count298
\c@pgf@countc=\count299
\c@pgf@countd=\count300
\t@pgf@toka=\toks34
\t@pgf@tokb=\toks35
\t@pgf@tokc=\toks36
\pgf@sys@id@count=\count301
 (C:\Program Files\MiKTeX\tex/generic/pgf/systemlayer\pgf.cfg
File: pgf.cfg 2023-01-15 v3.1.10 (3.1.10)
)
Driver file for pgf: pgfsys-pdftex.def

(C:\Program Files\MiKTeX\tex/generic/pgf/systemlayer\pgfsys-pdftex.def
File: pgfsys-pdftex.def 2023-01-15 v3.1.10 (3.1.10)

(C:\Program Files\MiKTeX\tex/generic/pgf/systemlayer\pgfsys-common-pdf.def
File: pgfsys-common-pdf.def 2023-01-15 v3.1.10 (3.1.10)
)))
(C:\Program Files\MiKTeX\tex/generic/pgf/systemlayer\pgfsyssoftpath.code.tex
File: pgfsyssoftpath.code.tex 2023-01-15 v3.1.10 (3.1.10)
\pgfsyssoftpath@smallbuffer@items=\count302
\pgfsyssoftpath@bigbuffer@items=\count303
)
(C:\Program Files\MiKTeX\tex/generic/pgf/systemlayer\pgfsysprotocol.code.tex
File: pgfsysprotocol.code.tex 2023-01-15 v3.1.10 (3.1.10)
))
(C:\Program Files\MiKTeX\tex/generic/pgf/basiclayer\pgfcore.code.tex
Package: pgfcore 2023-01-15 v3.1.10 (3.1.10)

(C:\Program Files\MiKTeX\tex/generic/pgf/math\pgfmath.code.tex
(C:\Program Files\MiKTeX\tex/generic/pgf/math\pgfmathutil.code.tex)
(C:\Program Files\MiKTeX\tex/generic/pgf/math\pgfmathparser.code.tex
\pgfmath@dimen=\dimen190
\pgfmath@count=\count304
\pgfmath@box=\box60
\pgfmath@toks=\toks37
\pgfmath@stack@operand=\toks38
\pgfmath@stack@operation=\toks39
)
(C:\Program Files\MiKTeX\tex/generic/pgf/math\pgfmathfunctions.code.tex)
(C:\Program Files\MiKTeX\tex/generic/pgf/math\pgfmathfunctions.basic.code.tex)
(C:\Program Files\MiKTeX\tex/generic/pgf/math\pgfmathfunctions.trigonometric.co
de.tex)
(C:\Program Files\MiKTeX\tex/generic/pgf/math\pgfmathfunctions.random.code.tex)

(C:\Program Files\MiKTeX\tex/generic/pgf/math\pgfmathfunctions.comparison.code.
tex)
(C:\Program Files\MiKTeX\tex/generic/pgf/math\pgfmathfunctions.base.code.tex)
(C:\Program Files\MiKTeX\tex/generic/pgf/math\pgfmathfunctions.round.code.tex)
(C:\Program Files\MiKTeX\tex/generic/pgf/math\pgfmathfunctions.misc.code.tex)
(C:\Program Files\MiKTeX\tex/generic/pgf/math\pgfmathfunctions.integerarithmeti
cs.code.tex) (C:\Program Files\MiKTeX\tex/generic/pgf/math\pgfmathcalc.code.tex
) (C:\Program Files\MiKTeX\tex/generic/pgf/math\pgfmathfloat.code.tex
\c@pgfmathroundto@lastzeros=\count305
))
(C:\Program Files\MiKTeX\tex/generic/pgf/math\pgfint.code.tex)
(C:\Program Files\MiKTeX\tex/generic/pgf/basiclayer\pgfcorepoints.code.tex
File: pgfcorepoints.code.tex 2023-01-15 v3.1.10 (3.1.10)
\pgf@picminx=\dimen191
\pgf@picmaxx=\dimen192
\pgf@picminy=\dimen193
\pgf@picmaxy=\dimen194
\pgf@pathminx=\dimen195
\pgf@pathmaxx=\dimen196
\pgf@pathminy=\dimen197
\pgf@pathmaxy=\dimen198
\pgf@xx=\dimen199
\pgf@xy=\dimen256
\pgf@yx=\dimen257
\pgf@yy=\dimen258
\pgf@zx=\dimen259
\pgf@zy=\dimen260
)
(C:\Program Files\MiKTeX\tex/generic/pgf/basiclayer\pgfcorepathconstruct.code.t
ex
File: pgfcorepathconstruct.code.tex 2023-01-15 v3.1.10 (3.1.10)
\pgf@path@lastx=\dimen261
\pgf@path@lasty=\dimen262
)
(C:\Program Files\MiKTeX\tex/generic/pgf/basiclayer\pgfcorepathusage.code.tex
File: pgfcorepathusage.code.tex 2023-01-15 v3.1.10 (3.1.10)
\pgf@shorten@end@additional=\dimen263
\pgf@shorten@start@additional=\dimen264
)
(C:\Program Files\MiKTeX\tex/generic/pgf/basiclayer\pgfcorescopes.code.tex
File: pgfcorescopes.code.tex 2023-01-15 v3.1.10 (3.1.10)
\pgfpic=\box61
\pgf@hbox=\box62
\pgf@layerbox@main=\box63
\pgf@picture@serial@count=\count306
)
(C:\Program Files\MiKTeX\tex/generic/pgf/basiclayer\pgfcoregraphicstate.code.te
x
File: pgfcoregraphicstate.code.tex 2023-01-15 v3.1.10 (3.1.10)
\pgflinewidth=\dimen265
)
(C:\Program Files\MiKTeX\tex/generic/pgf/basiclayer\pgfcoretransformations.code
.tex
File: pgfcoretransformations.code.tex 2023-01-15 v3.1.10 (3.1.10)
\pgf@pt@x=\dimen266
\pgf@pt@y=\dimen267
\pgf@pt@temp=\dimen268
) (C:\Program Files\MiKTeX\tex/generic/pgf/basiclayer\pgfcorequick.code.tex
File: pgfcorequick.code.tex 2023-01-15 v3.1.10 (3.1.10)
) (C:\Program Files\MiKTeX\tex/generic/pgf/basiclayer\pgfcoreobjects.code.tex
File: pgfcoreobjects.code.tex 2023-01-15 v3.1.10 (3.1.10)
)
(C:\Program Files\MiKTeX\tex/generic/pgf/basiclayer\pgfcorepathprocessing.code.
tex
File: pgfcorepathprocessing.code.tex 2023-01-15 v3.1.10 (3.1.10)
) (C:\Program Files\MiKTeX\tex/generic/pgf/basiclayer\pgfcorearrows.code.tex
File: pgfcorearrows.code.tex 2023-01-15 v3.1.10 (3.1.10)
\pgfarrowsep=\dimen269
) (C:\Program Files\MiKTeX\tex/generic/pgf/basiclayer\pgfcoreshade.code.tex
File: pgfcoreshade.code.tex 2023-01-15 v3.1.10 (3.1.10)
\pgf@max=\dimen270
\pgf@sys@shading@range@num=\count307
\pgf@shadingcount=\count308
)
(C:\Program Files\MiKTeX\tex/generic/pgf/basiclayer\pgfcoreimage.code.tex
File: pgfcoreimage.code.tex 2023-01-15 v3.1.10 (3.1.10)
)
(C:\Program Files\MiKTeX\tex/generic/pgf/basiclayer\pgfcoreexternal.code.tex
File: pgfcoreexternal.code.tex 2023-01-15 v3.1.10 (3.1.10)
\pgfexternal@startupbox=\box64
)
(C:\Program Files\MiKTeX\tex/generic/pgf/basiclayer\pgfcorelayers.code.tex
File: pgfcorelayers.code.tex 2023-01-15 v3.1.10 (3.1.10)
)
(C:\Program Files\MiKTeX\tex/generic/pgf/basiclayer\pgfcoretransparency.code.te
x
File: pgfcoretransparency.code.tex 2023-01-15 v3.1.10 (3.1.10)
) (C:\Program Files\MiKTeX\tex/generic/pgf/basiclayer\pgfcorepatterns.code.tex
File: pgfcorepatterns.code.tex 2023-01-15 v3.1.10 (3.1.10)
) (C:\Program Files\MiKTeX\tex/generic/pgf/basiclayer\pgfcorerdf.code.tex
File: pgfcorerdf.code.tex 2023-01-15 v3.1.10 (3.1.10)
)))
(C:\Program Files\MiKTeX\tex/generic/pgf/modules\pgfmoduleshapes.code.tex
File: pgfmoduleshapes.code.tex 2023-01-15 v3.1.10 (3.1.10)
\pgfnodeparttextbox=\box65
)
(C:\Program Files\MiKTeX\tex/generic/pgf/modules\pgfmoduleplot.code.tex
File: pgfmoduleplot.code.tex 2023-01-15 v3.1.10 (3.1.10)
)
(C:\Program Files\MiKTeX\tex/latex/pgf/compatibility\pgfcomp-version-0-65.sty
Package: pgfcomp-version-0-65 2023-01-15 v3.1.10 (3.1.10)
\pgf@nodesepstart=\dimen271
\pgf@nodesepend=\dimen272
)
(C:\Program Files\MiKTeX\tex/latex/pgf/compatibility\pgfcomp-version-1-18.sty
Package: pgfcomp-version-1-18 2023-01-15 v3.1.10 (3.1.10)
)) (C:\Program Files\MiKTeX\tex/latex/pgf/utilities\pgffor.sty
(C:\Program Files\MiKTeX\tex/latex/pgf/utilities\pgfkeys.sty
(C:\Program Files\MiKTeX\tex/generic/pgf/utilities\pgfkeys.code.tex))
(C:\Program Files\MiKTeX\tex/latex/pgf/math\pgfmath.sty
(C:\Program Files\MiKTeX\tex/generic/pgf/math\pgfmath.code.tex))
(C:\Program Files\MiKTeX\tex/generic/pgf/utilities\pgffor.code.tex
Package: pgffor 2023-01-15 v3.1.10 (3.1.10)
\pgffor@iter=\dimen273
\pgffor@skip=\dimen274
\pgffor@stack=\toks40
\pgffor@toks=\toks41
))
(C:\Program Files\MiKTeX\tex/generic/pgf/frontendlayer/tikz\tikz.code.tex
Package: tikz 2023-01-15 v3.1.10 (3.1.10)

(C:\Program Files\MiKTeX\tex/generic/pgf/libraries\pgflibraryplothandlers.code.
tex
File: pgflibraryplothandlers.code.tex 2023-01-15 v3.1.10 (3.1.10)
\pgf@plot@mark@count=\count309
\pgfplotmarksize=\dimen275
)
\tikz@lastx=\dimen276
\tikz@lasty=\dimen277
\tikz@lastxsaved=\dimen278
\tikz@lastysaved=\dimen279
\tikz@lastmovetox=\dimen280
\tikz@lastmovetoy=\dimen281
\tikzleveldistance=\dimen282
\tikzsiblingdistance=\dimen283
\tikz@figbox=\box66
\tikz@figbox@bg=\box67
\tikz@tempbox=\box68
\tikz@tempbox@bg=\box69
\tikztreelevel=\count310
\tikznumberofchildren=\count311
\tikznumberofcurrentchild=\count312
\tikz@fig@count=\count313
 (C:\Program Files\MiKTeX\tex/generic/pgf/modules\pgfmodulematrix.code.tex
File: pgfmodulematrix.code.tex 2023-01-15 v3.1.10 (3.1.10)
\pgfmatrixcurrentrow=\count314
\pgfmatrixcurrentcolumn=\count315
\pgf@matrix@numberofcolumns=\count316
)
\tikz@expandcount=\count317

(C:\Program Files\MiKTeX\tex/generic/pgf/frontendlayer/tikz/libraries\tikzlibra
rytopaths.code.tex
File: tikzlibrarytopaths.code.tex 2023-01-15 v3.1.10 (3.1.10)
))) (C:\Program Files\MiKTeX\tex/latex/tools\verbatim.sty
Package: verbatim 2024-01-22 v1.5x LaTeX2e package for verbatim enhancements
\every@verbatim=\toks42
\verbatim@line=\toks43
\verbatim@in@stream=\read3
)
(C:\Program Files\MiKTeX\tex/latex/environ\environ.sty
Package: environ 2014/05/04 v0.3 A new way to define environments

(C:\Program Files\MiKTeX\tex/latex/trimspaces\trimspaces.sty
Package: trimspaces 2009/09/17 v1.1 Trim spaces around a token list
)
\@envbody=\toks44
)
\tcb@titlebox=\box70
\tcb@upperbox=\box71
\tcb@lowerbox=\box72
\tcb@phantombox=\box73
\c@tcbbreakpart=\count318
\c@tcblayer=\count319
\c@tcolorbox@number=\count320
\l__tcobox_tmpa_box=\box74
\l__tcobox_tmpa_dim=\dimen284
\tcb@temp=\box75
\tcb@temp=\box76
\tcb@temp=\box77
\tcb@temp=\box78
)
(C:\Program Files\MiKTeX\tex/latex/tcolorbox\tcblistings.code.tex
Library (tcolorbox): 'tcblistings.code.tex' version '6.8.0'
(C:\Program Files\MiKTeX\tex/latex/listings\listings.sty
\lst@mode=\count321
\lst@gtempboxa=\box79
\lst@token=\toks45
\lst@length=\count322
\lst@currlwidth=\dimen285
\lst@column=\count323
\lst@pos=\count324
\lst@lostspace=\dimen286
\lst@width=\dimen287
\lst@newlines=\count325
\lst@lineno=\count326
\lst@maxwidth=\dimen288

(C:\Program Files\MiKTeX\tex/latex/listings\lstpatch.sty
File: lstpatch.sty 2024/05/25 1.10b (Carsten Heinz)
)
(C:\Program Files\MiKTeX\tex/latex/listings\lstmisc.sty
File: lstmisc.sty 2024/05/25 1.10b (Carsten Heinz)
\c@lstnumber=\count327
\lst@skipnumbers=\count328
\lst@framebox=\box80
)
(C:\Program Files\MiKTeX\tex/latex/listings\listings.cfg
File: listings.cfg 2024/05/25 1.10b listings configuration
))
Package: listings 2024/05/25 1.10b (Carsten Heinz)

(C:\Program Files\MiKTeX\tex/latex/tcolorbox\tcblistingscore.code.tex
Library (tcolorbox): 'tcblistingscore.code.tex' version '6.8.0'
(C:\Program Files\MiKTeX\tex/latex/tcolorbox\tcbprocessing.code.tex
Library (tcolorbox): 'tcbprocessing.code.tex' version '6.8.0'
)
\c@tcblisting=\count329
)) (C:\Program Files\MiKTeX\tex/latex/tcolorbox\tcbskins.code.tex
Library (tcolorbox): 'tcbskins.code.tex' version '6.8.0'
(C:\Users\AKAM\AppData\Roaming\MiKTeX\tex/latex/tikzfill\tikzfill.image.sty
Package: tikzfill.image 2023/08/08 v1.0.1 Image filling library for TikZ

(C:\Users\AKAM\AppData\Roaming\MiKTeX\tex/latex/tikzfill\tikzfill-common.sty
Package: tikzfill-common 2023/08/08 v1.0.1 Auxiliary code for tikzfill
)
(C:\Users\AKAM\AppData\Roaming\MiKTeX\tex/latex/tikzfill\tikzlibraryfill.image.
code.tex
File: tikzlibraryfill.image.code.tex 2023/08/08 v1.0.1 Image filling library
\l__tikzfill_img_box=\box81
)) (C:\Program Files\MiKTeX\tex/latex/tcolorbox\tcbskinsjigsaw.code.tex
Library (tcolorbox): 'tcbskinsjigsaw.code.tex' version '6.8.0'
)) (C:\Program Files\MiKTeX\tex/latex/tcolorbox\tcbbreakable.code.tex
Library (tcolorbox): 'tcbbreakable.code.tex' version '6.8.0'
(C:\Users\AKAM\AppData\Roaming\MiKTeX\tex/latex/pdfcol\pdfcol.sty
Package: pdfcol 2022-09-21 v1.7 Handle new color stacks for pdfTeX (HO)
)
Package pdfcol Info: New color stack `tcb@breakable' = 1 on input line 23.
\tcb@testbox=\box82
\tcb@totalupperbox=\box83
\tcb@totallowerbox=\box84
)
(C:\Program Files\MiKTeX\tex/latex/amsmath\amsmath.sty
Package: amsmath 2024/05/23 v2.17q AMS math features
\@mathmargin=\skip57

For additional information on amsmath, use the `?' option.
(C:\Program Files\MiKTeX\tex/latex/amsmath\amstext.sty
Package: amstext 2021/08/26 v2.01 AMS text

(C:\Program Files\MiKTeX\tex/latex/amsmath\amsgen.sty
File: amsgen.sty 1999/11/30 v2.0 generic functions
\@emptytoks=\toks46
\ex@=\dimen289
))
(C:\Program Files\MiKTeX\tex/latex/amsmath\amsbsy.sty
Package: amsbsy 1999/11/29 v1.2d Bold Symbols
\pmbraise@=\dimen290
)
(C:\Program Files\MiKTeX\tex/latex/amsmath\amsopn.sty
Package: amsopn 2022/04/08 v2.04 operator names
)
\inf@bad=\count330
LaTeX Info: Redefining \frac on input line 233.
\uproot@=\count331
\leftroot@=\count332
LaTeX Info: Redefining \overline on input line 398.
LaTeX Info: Redefining \colon on input line 409.
\classnum@=\count333
\DOTSCASE@=\count334
LaTeX Info: Redefining \ldots on input line 495.
LaTeX Info: Redefining \dots on input line 498.
LaTeX Info: Redefining \cdots on input line 619.
\Mathstrutbox@=\box85
\strutbox@=\box86
LaTeX Info: Redefining \big on input line 721.
LaTeX Info: Redefining \Big on input line 722.
LaTeX Info: Redefining \bigg on input line 723.
LaTeX Info: Redefining \Bigg on input line 724.
\big@size=\dimen291
LaTeX Font Info:    Redeclaring font encoding OML on input line 742.
LaTeX Font Info:    Redeclaring font encoding OMS on input line 743.
\macc@depth=\count335
LaTeX Info: Redefining \bmod on input line 904.
LaTeX Info: Redefining \pmod on input line 909.
LaTeX Info: Redefining \smash on input line 939.
LaTeX Info: Redefining \relbar on input line 969.
LaTeX Info: Redefining \Relbar on input line 970.
\c@MaxMatrixCols=\count336
\dotsspace@=\muskip18
\c@parentequation=\count337
\dspbrk@lvl=\count338
\tag@help=\toks47
\row@=\count339
\column@=\count340
\maxfields@=\count341
\andhelp@=\toks48
\eqnshift@=\dimen292
\alignsep@=\dimen293
\tagshift@=\dimen294
\tagwidth@=\dimen295
\totwidth@=\dimen296
\lineht@=\dimen297
\@envbody=\toks49
\multlinegap=\skip58
\multlinetaggap=\skip59
\mathdisplay@stack=\toks50
LaTeX Info: Redefining \[ on input line 2953.
LaTeX Info: Redefining \] on input line 2954.
)
(C:\Program Files\MiKTeX\tex/latex/amsfonts\amssymb.sty
Package: amssymb 2013/01/14 v3.01 AMS font symbols

(C:\Program Files\MiKTeX\tex/latex/amsfonts\amsfonts.sty
Package: amsfonts 2013/01/14 v3.01 Basic AMSFonts support
\symAMSa=\mathgroup4
\symAMSb=\mathgroup5
LaTeX Font Info:    Redeclaring math symbol \hbar on input line 98.
LaTeX Font Info:    Overwriting math alphabet `\mathfrak' in version `bold'
(Font)                  U/euf/m/n --> U/euf/b/n on input line 106.
))
(C:\Users\AKAM\AppData\Roaming\MiKTeX\tex/latex/amscls\amsthm.sty
Package: amsthm 2020/05/29 v2.20.6
\thm@style=\toks51
\thm@bodyfont=\toks52
\thm@headfont=\toks53
\thm@notefont=\toks54
\thm@headpunct=\toks55
\thm@preskip=\skip60
\thm@postskip=\skip61
\thm@headsep=\skip62
\dth@everypar=\toks56
)
\c@comp=\count342
\c@theo=\count343
\c@defn=\count344
\c@lem=\count345
\c@prop=\count346
\c@axiom=\count347
\c@post=\count348
\c@trans=\count349
\c@transf=\count350
\c@law=\count351
\c@prob=\count352
\c@soln=\count353
\c@alg=\count354

(C:\Users\AKAM\AppData\Roaming\MiKTeX\tex/latex/pdfpages\pdfpages.sty
Package: pdfpages 2024/08/20 v0.6b Insert pages of external PDF documents (AM)

(C:\Program Files\MiKTeX\tex/latex/base\ifthen.sty
Package: ifthen 2024/03/16 v1.1e Standard LaTeX ifthen package (DPC)
)
(C:\Program Files\MiKTeX\tex/latex/tools\calc.sty
Package: calc 2023/07/08 v4.3 Infix arithmetic (KKT,FJ)
\calc@Acount=\count355
\calc@Bcount=\count356
\calc@Adimen=\dimen298
\calc@Bdimen=\dimen299
\calc@Askip=\skip63
\calc@Bskip=\skip64
LaTeX Info: Redefining \setlength on input line 80.
LaTeX Info: Redefining \addtolength on input line 81.
\calc@Ccount=\count357
\calc@Cskip=\skip65
)
(C:\Users\AKAM\AppData\Roaming\MiKTeX\tex/latex/eso-pic\eso-pic.sty
Package: eso-pic 2023/05/03 v3.0c eso-pic (RN)
\ESO@tempdima=\dimen300
\ESO@tempdimb=\dimen301
)
\AM@pagewidth=\dimen302
\AM@pageheight=\dimen303
\AM@fboxrule=\dimen304

(C:\Users\AKAM\AppData\Roaming\MiKTeX\tex/latex/pdfpages\pppdftex.def
File: pppdftex.def 2024/08/20 v0.6b Pdfpages driver for pdfTeX (AM)
)
\pdfpages@includegraphics@status=\count358
\AM@pagebox=\box87
\AM@global@opts=\toks57
\AM@pagecnt=\count359
\AM@toc@title=\toks58
\AM@lof@heading=\toks59
\c@AM@survey=\count360
\AM@templatesizebox=\box88
)
(C:\Program Files\MiKTeX\tex/latex/l3backend\l3backend-pdftex.def
File: l3backend-pdftex.def 2024-05-08 L3 backend support: PDF output (pdfTeX)
\l__color_backend_stack_int=\count361
\l__pdf_internal_box=\box89
)
(grimoire_lumtauto.aux

LaTeX Warning: Label `FIGCONJ1' multiply defined.


LaTeX Warning: Label `FIG2' multiply defined.

)
Runaway argument?
{\contentsline {section}{\numberline { 
! File ended while scanning use of \@writefile.
<inserted text> 
                \par 
l.234 \begin{document}
                      
I suspect you have forgotten a `}', causing me
to read past where you wanted me to stop.
I'll try to recover; but if the error is serious,
you'd better type `E' or `X' now and fix your file.

\openout1 = `grimoire_lumtauto.aux'.

LaTeX Font Info:    Checking defaults for OML/cmm/m/it on input line 234.
LaTeX Font Info:    ... okay on input line 234.
LaTeX Font Info:    Checking defaults for OMS/cmsy/m/n on input line 234.
LaTeX Font Info:    ... okay on input line 234.
LaTeX Font Info:    Checking defaults for OT1/cmr/m/n on input line 234.
LaTeX Font Info:    ... okay on input line 234.
LaTeX Font Info:    Checking defaults for T1/cmr/m/n on input line 234.
LaTeX Font Info:    ... okay on input line 234.
LaTeX Font Info:    Checking defaults for TS1/cmr/m/n on input line 234.
LaTeX Font Info:    ... okay on input line 234.
LaTeX Font Info:    Checking defaults for OMX/cmex/m/n on input line 234.
LaTeX Font Info:    ... okay on input line 234.
LaTeX Font Info:    Checking defaults for U/cmr/m/n on input line 234.
LaTeX Font Info:    ... okay on input line 234.
LaTeX Font Info:    Checking defaults for PD1/pdf/m/n on input line 234.
LaTeX Font Info:    ... okay on input line 234.
LaTeX Font Info:    Checking defaults for PU/pdf/m/n on input line 234.
LaTeX Font Info:    ... okay on input line 234.
*geometry* driver: auto-detecting
*geometry* detected driver: pdftex
*geometry* verbose mode - [ preamble ] result:
* driver: pdftex
* paper: a4paper
* layout: <same size as paper>
* layoutoffset:(h,v)=(0.0pt,0.0pt)
* modes: 
* h-part:(L,W,R)=(89.62709pt, 418.25368pt, 89.6271pt)
* v-part:(T,H,B)=(42.67912pt, 759.6886pt, 42.67912pt)
* \paperwidth=597.50787pt
* \paperheight=845.04684pt
* \textwidth=418.25368pt
* \textheight=759.6886pt
* \oddsidemargin=17.3571pt
* \evensidemargin=17.3571pt
* \topmargin=-66.59087pt
* \headheight=12.0pt
* \headsep=25.0pt
* \topskip=12.0pt
* \footskip=30.0pt
* \marginparwidth=35.0pt
* \marginparsep=10.0pt
* \columnsep=10.0pt
* \skip\footins=10.8pt plus 4.0pt minus 2.0pt
* \hoffset=0.0pt
* \voffset=0.0pt
* \mag=1000
* \@twocolumnfalse
* \@twosidefalse
* \@mparswitchfalse
* \@reversemarginfalse
* (1in=72.27pt=25.4mm, 1cm=28.453pt)

Package hyperref Info: Link coloring OFF on input line 234.
(grimoire_lumtauto.out) (grimoire_lumtauto.out)
\@outlinefile=\write4
\openout4 = `grimoire_lumtauto.out'.


Couldn't patch \deferred@thm@head!
(C:\Program Files\MiKTeX\tex/context/base/mkii\supp-pdf.mkii
[Loading MPS to PDF converter (version 2006.09.02).]
\scratchcounter=\count362
\scratchdimen=\dimen305
\scratchbox=\box90
\nofMPsegments=\count363
\nofMParguments=\count364
\everyMPshowfont=\toks60
\MPscratchCnt=\count365
\MPscratchDim=\dimen306
\MPnumerator=\count366
\makeMPintoPDFobject=\count367
\everyMPtoPDFconversion=\toks61
) (C:\Program Files\MiKTeX\tex/latex/epstopdf-pkg\epstopdf-base.sty
Package: epstopdf-base 2020-01-24 v2.11 Base part for package epstopdf
Package epstopdf-base Info: Redefining graphics rule for `.eps' on input line 4
85.

(C:\Program Files\MiKTeX\tex/latex/00miktex\epstopdf-sys.cfg
File: epstopdf-sys.cfg 2021/03/18 v2.0 Configuration of epstopdf for MiKTeX
))
Package caption Info: Begin \AtBeginDocument code.
Package caption Info: float package is loaded.
Package caption Info: listings package is loaded.
Package caption Info: End \AtBeginDocument code.
\c@lstlisting=\count368

(C:\Users\AKAM\AppData\Roaming\MiKTeX\tex/latex/pdflscape\pdflscape.sty
Package: pdflscape 2022-10-27 v0.13 Display of landscape pages in PDF

(C:\Users\AKAM\AppData\Roaming\MiKTeX\tex/latex/pdflscape\pdflscape-nometadata.
sty
Package: pdflscape-nometadata 2022-10-28 v0.13 Display of landscape pages in PD
F (HO)
 (C:\Program Files\MiKTeX\tex/latex/graphics\lscape.sty
Package: lscape 2020/05/28 v3.02 Landscape Pages (DPC)
)
Package pdflscape Info: Auto-detected driver: pdftex on input line 81.
))

pdfTeX warning: pdflatex (file ./resources/front_cover.pdf): PDF inclusion: fou
nd PDF version <1.7>, but at most version <1.5> allowed
<resources/front_cover.pdf, id=6, 596.98032pt x 844.65562pt>
File: resources/front_cover.pdf Graphic file (type pdf)
<use resources/front_cover.pdf>
Package pdftex.def Info: resources/front_cover.pdf  used on input line 237.
(pdftex.def)             Requested size: 596.97885pt x 844.65356pt.


pdfTeX warning: pdflatex (file ./resources/front_cover.pdf): PDF inclusion: fou
nd PDF version <1.7>, but at most version <1.5> allowed
File: resources/front_cover.pdf Graphic file (type pdf)
<use resources/front_cover.pdf>
Package pdftex.def Info: resources/front_cover.pdf  used on input line 237.
(pdftex.def)             Requested size: 596.97885pt x 844.65356pt.


pdfTeX warning: pdflatex (file ./resources/front_cover.pdf): PDF inclusion: fou
nd PDF version <1.7>, but at most version <1.5> allowed


pdfTeX warning: pdflatex (file ./resources/front_cover.pdf): PDF inclusion: fou
nd PDF version <1.7>, but at most version <1.5> allowed
<resources/front_cover.pdf, id=9, page=1, 596.98032pt x 844.65562pt>
File: resources/front_cover.pdf Graphic file (type pdf)
<use resources/front_cover.pdf, page 1>
Package pdftex.def Info: resources/front_cover.pdf , page1 used on input line 2
37.
(pdftex.def)             Requested size: 596.97885pt x 844.65356pt.
File: resources/front_cover.pdf Graphic file (type pdf)
<use resources/front_cover.pdf, page 1>
Package pdftex.def Info: resources/front_cover.pdf , page1 used on input line 2
37.
(pdftex.def)             Requested size: 597.71669pt x 845.69751pt.
File: resources/front_cover.pdf Graphic file (type pdf)
<use resources/front_cover.pdf, page 1>
Package pdftex.def Info: resources/front_cover.pdf , page1 used on input line 2
37.
(pdftex.def)             Requested size: 597.71669pt x 845.69751pt.
File: resources/front_cover.pdf Graphic file (type pdf)
<use resources/front_cover.pdf, page 1>
Package pdftex.def Info: resources/front_cover.pdf , page1 used on input line 2
37.
(pdftex.def)             Requested size: 597.71669pt x 845.69751pt.


File: resources/front_cover.pdf Graphic file (type pdf)
<use resources/front_cover.pdf, page 1>
Package pdftex.def Info: resources/front_cover.pdf , page1 used on input line 2
37.
(pdftex.def)             Requested size: 597.71669pt x 845.69751pt.
[1


 <./resources/front_cover.pdf>]
LaTeX Font Info:    Trying to load font information for U+msa on input line 240
.

(C:\Program Files\MiKTeX\tex/latex/amsfonts\umsa.fd
File: umsa.fd 2013/01/14 v3.01 AMS symbols A
)
LaTeX Font Info:    Trying to load font information for U+msb on input line 240
.

(C:\Program Files\MiKTeX\tex/latex/amsfonts\umsb.fd
File: umsb.fd 2013/01/14 v3.01 AMS symbols B
)

LaTeX Warning: Citation `crowley1948magick' on page 2 undefined on input line 2
40.


LaTeX Warning: Citation `cli_tttt' on page 2 undefined on input line 246.


LaTeX Warning: Citation `lutalo_2025_trans_genetics' on page 2 undefined on inp
ut line 247.



[2{C:/Users/AKAM/AppData/Local/MiKTeX/fonts/map/pdftex/pdftex.map}]
Underfull \hbox (badness 10000) in paragraph at lines 250--253

 []



pdfTeX warning: pdflatex (file ./resources/emblem_ion.pdf): PDF inclusion: foun
d PDF version <1.7>, but at most version <1.5> allowed
<resources/emblem_ion.pdf, id=47, 364.48169pt x 353.40028pt>
File: resources/emblem_ion.pdf Graphic file (type pdf)
<use resources/emblem_ion.pdf>
Package pdftex.def Info: resources/emblem_ion.pdf  used on input line 257.
(pdftex.def)             Requested size: 291.58574pt x 282.7206pt.

LaTeX Warning: Citation `Lutalo2025_transformatics_thesis' on page 3 undefined 
on input line 269.


LaTeX Warning: Citation `lutalo_2025_trans_genetics' on page 3 undefined on inp
ut line 269.


LaTeX Warning: Citation `wikipedia_theistic_satanism' on page 3 undefined on in
put line 269.


LaTeX Warning: Citation `copilot_assistant' on page 3 undefined on input line 2
69.


LaTeX Warning: Citation `wikipedia_theistic_satanism' on page 3 undefined on in
put line 269.



[3 <./resources/emblem_ion.pdf>]

LaTeX Warning: Citation `Lutalo2024_3c' on page 4 undefined on input line 271.


Underfull \hbox (badness 10000) in paragraph at lines 280--281
[]\OT1/cmtt/m/n/12 Programming languages create a medium via which one can
 []


Underfull \hbox (badness 10000) in paragraph at lines 280--281
\OT1/cmtt/m/n/12 define and execute orders with certain effects at will,
 []


Underfull \hbox (badness 10000) in paragraph at lines 280--281
\OT1/cmtt/m/n/12 and certainly so. Basing on how language underlies the
 []


Underfull \hbox (badness 10000) in paragraph at lines 280--281
\OT1/cmtt/m/n/12 ability for humans to formulate and share thoughts with
 []


Underfull \hbox (badness 10000) in paragraph at lines 280--281
\OT1/cmtt/m/n/12 each other, we also see how the use of certain special
 []


Underfull \hbox (badness 10000) in paragraph at lines 280--281
\OT1/cmtt/m/n/12 languages underlies man's ability to command and control
 []


LaTeX Warning: Citation `butler1952magic' on page 4 undefined on input line 288
.


LaTeX Warning: Citation `crowley1929magick' on page 4 undefined on input line 2
88.


LaTeX Warning: Citation `Lutalo2024_3c' on page 4 undefined on input line 288.


Underfull \hbox (badness 10000) in paragraph at lines 297--299
[]\OT1/cmtt/m/n/12 Basically, we see how it is indeed language, or rather,
 []


Underfull \hbox (badness 10000) in paragraph at lines 297--299
\OT1/cmtt/m/n/12 its use via communication --- a willful application
 []


Underfull \hbox (badness 10000) in paragraph at lines 297--299
\OT1/cmtt/m/n/12 of language, that makes possible the creation and
 []


LaTeX Warning: Citation `Lutalo2024_3c' on page 4 undefined on input line 309.


LaTeX Warning: Citation `cassiel1990encyclopedia' on page 4 undefined on input 
line 309.


LaTeX Warning: Citation `crowley1929magick' on page 4 undefined on input line 3
09.


LaTeX Warning: Citation `crowley1929magick' on page 4 undefined on input line 3
09.


Underfull \hbox (badness 10000) in paragraph at lines 320--321
[]\OT1/cmtt/m/n/12 Magick is the Science and Art of causing Change to
 []



[4]

LaTeX Warning: Citation `agrippa2014occult' on page 5 undefined on input line 3
29.


LaTeX Warning: Citation `lutalo_2025_definitions' on page 5 undefined on input 
line 331.


Underfull \hbox (badness 10000) in paragraph at lines 341--342
[]\OT1/cmtt/m/n/12 The science and art of causing change (in
 []


Underfull \hbox (badness 10000) in paragraph at lines 341--342
\OT1/cmtt/m/n/12 consciousness) to occur in conformity with will, using
 []


Underfull \hbox (badness 10000) in paragraph at lines 341--342
\OT1/cmtt/m/n/12 means not currently understood by traditional Western
 []


LaTeX Warning: Citation `kraig2010modern' on page 5 undefined on input line 344
.


LaTeX Warning: Citation `kraig2010modern' on page 5 undefined on input line 350
.


Underfull \hbox (badness 10000) in paragraph at lines 360--361
[]\OT1/cmtt/m/n/12 The Highest, most Absolute, and most Divine Knowledge
 []


Underfull \hbox (badness 10000) in paragraph at lines 360--361
\OT1/cmtt/m/n/12 of Natural Philosophy, advanced in its works and wonderful
 []


Underfull \hbox (badness 10000) in paragraph at lines 360--361
\OT1/cmtt/m/n/12 operations by a right understanding of the inward and
 []


Underfull \hbox (badness 10000) in paragraph at lines 360--361
\OT1/cmtt/m/n/12 occult virtue of things; so that true Agents being applied
 []


Underfull \hbox (badness 10000) in paragraph at lines 360--361
\OT1/cmtt/m/n/12 to proper Patients, strange and admirable effects will
 []


LaTeX Warning: Citation `mathers1904goetia' on page 5 undefined on input line 3
63.


LaTeX Warning: Citation `agrippa2014occult' on page 5 undefined on input line 3
69.


LaTeX Warning: Citation `wordweb_assistant' on page 5 undefined on input line 3
69.


LaTeX Warning: Citation `FasanoSequeira2017' on page 5 undefined on input line 
369.


LaTeX Warning: Citation `wordweb_assistant' on page 5 undefined on input line 3
69.



[5]
Underfull \hbox (badness 10000) in paragraph at lines 381--382
[]\OT1/cmtt/m/n/12 The enhancement of the probabilities/likelihood of a
 []


LaTeX Warning: Citation `Carroll1995' on page 6 undefined on input line 384.


LaTeX Warning: Citation `Lutalo2023_metaphysics' on page 6 undefined on input l
ine 390.


LaTeX Warning: Citation `Lutalo2025transpsy' on page 6 undefined on input line 
434.


LaTeX Warning: Citation `Lutalo2023_metaphysics' on page 6 undefined on input l
ine 434.


Underfull \hbox (badness 10000) in paragraph at lines 434--434

 []


Underfull \hbox (badness 10000) in paragraph at lines 434--434

 []


Underfull \hbox (badness 10000) in paragraph at lines 434--434

 []


Underfull \hbox (badness 10000) in paragraph at lines 434--434

 []


Overfull \hbox (6.79999pt too wide) in paragraph at lines 434--436
[][] 
 []


Underfull \hbox (badness 10000) in paragraph at lines 434--436

 []



[6]

LaTeX Warning: Citation `Lutalo2025_transformatics_thesis' on page 7 undefined 
on input line 437.


LaTeX Warning: Citation `lutalo_2025_trans_genetics' on page 7 undefined on inp
ut line 437.


Overfull \hbox (23.23071pt too wide) in paragraph at lines 437--438
\OT1/cmr/m/n/12 sult" --- a \OT1/cmr/m/it/12 willed out-come\OT1/cmr/m/n/12 , t
hat es-sen-tially is en-coded in the lan-guage of transformatics[[]]
 []


Underfull \hbox (badness 10000) in paragraph at lines 440--441

 []


LaTeX Warning: Citation `lutalo_2025_definitions' on page 7 undefined on input 
line 451.


LaTeX Warning: Citation `Carroll1995' on page 7 undefined on input line 451.


LaTeX Warning: Citation `carroll2010octavo' on page 7 undefined on input line 4
51.



[7]
Underfull \hbox (badness 10000) in paragraph at lines 463--464
[]\OT1/cmtt/m/n/12 By ``intentional" I mean ``willed". But even
 []


Underfull \hbox (badness 10000) in paragraph at lines 463--464
\OT1/cmtt/m/n/12 unintentional acts so seeming are not truly so. Thus,
 []


LaTeX Warning: Citation `crowley1929magick' on page 8 undefined on input line 4
66.


Underfull \hbox (badness 10000) in paragraph at lines 471--472

 []


LaTeX Warning: Citation `newjerusalem1985' on page 8 undefined on input line 49
0.



[8]

pdfTeX warning: pdflatex (file ./resources/iona.pdf): PDF inclusion: found PDF 
version <1.7>, but at most version <1.5> allowed
<resources/iona.pdf, id=137, 364.48169pt x 353.40028pt>
File: resources/iona.pdf Graphic file (type pdf)
<use resources/iona.pdf>
Package pdftex.def Info: resources/iona.pdf  used on input line 498.
(pdftex.def)             Requested size: 291.58574pt x 282.7206pt.


pdfTeX warning: pdflatex (file ./resources/lumtauto_slogan.pdf): PDF inclusion:
 found PDF version <1.7>, but at most version <1.5> allowed
<resources/lumtauto_slogan.pdf, id=138, 663.43857pt x 125.5089pt>
File: resources/lumtauto_slogan.pdf Graphic file (type pdf)
<use resources/lumtauto_slogan.pdf>
Package pdftex.def Info: resources/lumtauto_slogan.pdf  used on input line 507.

(pdftex.def)             Requested size: 418.25368pt x 79.12846pt.

Package hyperref Warning: Token not allowed in a PDF string (Unicode):
(hyperref)                removing `math shift' on input line 511.


Package hyperref Warning: Token not allowed in a PDF string (Unicode):
(hyperref)                removing `\rightarrow' on input line 511.


Package hyperref Warning: Token not allowed in a PDF string (Unicode):
(hyperref)                removing `math shift' on input line 511.

LaTeX Font Info:    Font shape `OT1/cmtt/bx/n' in size <12> not available
(Font)              Font shape `OT1/cmtt/m/n' tried instead on input line 514.


[9 <./resources/iona.pdf> <./resources/lumtauto_slogan.pdf>]
Underfull \hbox (badness 10000) in paragraph at lines 523--524

 []


Underfull \hbox (badness 10000) in paragraph at lines 535--536

 []


Overfull \hbox (17.88513pt too wide) detected at line 568
 []$[]  \OMS/cmsy/m/n/12 8\OML/cmm/m/it/12  \OMS/cmsy/m/n/12 2 \OT1/cmr/m/n/12
 ^^B[]  =[]\OMS/cmsy/m/n/12 )  \OML/cmm/m/it/12 ^^L \OMS/cmsy/m/n/12 2 \OT1/cmr
/m/n/12 
[]  =[]\OMS/cmsy/m/n/12 )  []$ []  
 []



[10]

[11]

LaTeX Warning: Citation `Lutalo2025transpsy' on page 12 undefined on input line
 605.


LaTeX Warning: Citation `newjerusalem1985' on page 12 undefined on input line 6
08.


LaTeX Warning: Citation `newjerusalem1985' on page 12 undefined on input line 6
08.


Underfull \hbox (badness 10000) in paragraph at lines 608--609

 []


Overfull \hbox (31.02122pt too wide) in paragraph at lines 613--623
[]\OT1/cmtt/m/n/12 Our Father in heaven, may your name be held holy, your kingd
om come,
 []


Overfull \hbox (18.67122pt too wide) in paragraph at lines 613--623
\OT1/cmtt/m/n/12 your will be done, on earth as in heaven. Give us today our da
ily
 []


Overfull \hbox (0.14621pt too wide) in paragraph at lines 613--623
\OT1/cmtt/m/n/12 bread. And forgive us our debts, as we have forgiven those who

 []


Overfull \hbox (24.84622pt too wide) in paragraph at lines 613--623
\OT1/cmtt/m/n/12 are in debt to us. And do not put us to the test, but save us 
from
 []



[12]
Underfull \hbox (badness 10000) in paragraph at lines 628--629

 []


Overfull \hbox (31.02122pt too wide) in paragraph at lines 632--642
[]\OT1/cmtt/m/n/12 Ear Fugsor im souvom, nub bear muno yo solw selb, bear pimtw
en xeno,
 []


Overfull \hbox (18.67122pt too wide) in paragraph at lines 632--642
\OT1/cmtt/m/n/12 bear dill yo wemo, em ourgs uh im souvom. Tivo ah gewub ear wu
ilb
 []


Overfull \hbox (0.14621pt too wide) in paragraph at lines 632--642
\OT1/cmtt/m/n/12 yrouw. Umw fertivo ah ear woygh, uh do suvo fertivom gseho dse

 []


Overfull \hbox (24.84622pt too wide) in paragraph at lines 632--642
\OT1/cmtt/m/n/12 uro im woyg ge ah. Umw we meg kag ah ge gso gohg, yag huvo ah 
fren
 []


LaTeX Warning: Citation `newjerusalem1985' on page 13 undefined on input line 6
47.


LaTeX Warning: Citation `newjerusalem1985' on page 13 undefined on input line 6
47.


Underfull \hbox (badness 10000) in paragraph at lines 647--648

 []


Underfull \hbox (badness 10000) in paragraph at lines 658--659

 []



[13]
Underfull \hbox (badness 10000) in paragraph at lines 672--673

 []


Overfull \hbox (48.69167pt too wide) in paragraph at lines 677--678
[]\OT1/cmtt/m/n/20.74 Imi geso yotimemimet Tewa xarougow souvom
 []


LaTeX Warning: Citation `LaVey1969' on page 14 undefined on input line 683.


LaTeX Warning: Citation `LaVey1969' on page 14 undefined on input line 683.

<resources/lumtauto.jpg, id=219, 1541.76pt x 1027.84pt>
File: resources/lumtauto.jpg Graphic file (type jpg)
<use resources/lumtauto.jpg>
Package pdftex.def Info: resources/lumtauto.jpg  used on input line 704.
(pdftex.def)             Requested size: 376.42575pt x 250.93687pt.

Overfull \hbox (12.4pt too wide) in paragraph at lines 700--708
[][] 
 []



[14]
Underfull \hbox (badness 10000) in paragraph at lines 717--718

 []


Overfull \hbox (61.61942pt too wide) in paragraph at lines 723--724
[]\OT1/cmr/bx/it/12 COMPUTE \OT1/cmr/m/it/12 list of mir-rored vow-els, \OT1/cm
tt/m/it/12 list[]vowels[]mirror \OT1/cmr/m/it/12 = \OT1/cmtt/m/it/12 reversed(l
ist[]vowels)\OT1/cmr/m/it/12 . 
 []


Overfull \hbox (30.58589pt too wide) in paragraph at lines 729--730
\OML/cmm/m/it/12 v[]$ \OT1/cmr/m/it/12 at in-dex $\OML/cmm/m/it/12 i$ \OT1/cmr/
m/it/12 in that list, with an-other char-ac-ter, $\OML/cmm/m/it/12 v[]$ \OT1/cm
r/m/it/12 from \OT1/cmtt/m/it/12 list[]vowels[]mirror\OT1/cmr/m/it/12 ,
 []


Overfull \hbox (8.37656pt too wide) in paragraph at lines 737--738
[]\OT1/cmr/bx/it/12 INITIALIZE \OT1/cmtt/m/it/12 list[]a[]z[]lumtauto \OT1/cmr/
m/it/12 by cloning \OT1/cmtt/m/it/12 list[]a[]z[]intermediate\OT1/cmr/m/it/12 .
 
 []


Underfull \hbox (badness 10000) in paragraph at lines 738--739

 []



[15 <./resources/lumtauto.jpg>]
Overfull \hbox (5.5401pt too wide) in paragraph at lines 759--760
[]\OT1/cmr/bx/it/12 COMPUTE \OT1/cmr/m/it/12 re-sul-tant, trans-formed/-trans-l
ated mes-sage, \OT1/cmtt/m/it/12 msg[]lumtauto \OT1/cmr/m/it/12 thus: 
 []


Overfull \hbox (1.98259pt too wide) in paragraph at lines 766--767
[]\OT1/cmr/bx/it/12 COMPUTE \OT1/cmr/m/it/12 the cor-re-spond-ing mir-ror let-t
er po-si-tion $\OML/cmm/m/it/12 k \OT1/cmr/m/n/12 =$ \OT1/cmtt/m/it/12 index($\
OML/cmm/m/it/12 c[]$
 []


LaTeX Warning: Citation `cli_tttt' on page 16 undefined on input line 787.


LaTeX Warning: Citation `Lutalo2024TEATAZ' on page 16 undefined on input line 7
87.



[16]

[17]

Package caption Warning: \setcaptiontype
(caption)                outside box or environment on input line 895.
See the caption package documentation for explanation.


Package caption Warning: The option `hypcap=true' will be ignored for this
(caption)                particular \caption on input line 895.
See the caption package documentation for explanation.


Underfull \hbox (badness 10000) in paragraph at lines 905--906
[][]$\OT1/cmtt/m/n/12 https : / / tea . nuchwezi . com / ?i = put + your + mess
age + here & fc = https : / / gist .
 []


Underfull \hbox (badness 10000) in paragraph at lines 905--906
\OT1/cmtt/m/n/12 githubusercontent . com / mcnemesis / ae9d6226d49f5a8601a84241
a08f07c8 /
 []



[18]

[19]

Package caption Warning: The option `hypcap=true' will be ignored for this
(caption)                particular \caption on input line 1000.
See the caption package documentation for explanation.


LaTeX Warning: Citation `nuchweziCrypto' on page 20 undefined on input line 100
7.


LaTeX Warning: Citation `nuchweziCrypto' on page 20 undefined on input line 100
7.


LaTeX Warning: Citation `shrinesjwl' on page 20 undefined on input line 1015.


LaTeX Warning: Citation `shrinesjwl' on page 20 undefined on input line 1015.



[20]
<resources/illustration_trudy_olga_spirit_fight_2.jpg, id=493, 1541.76pt x 1027
.84pt>
File: resources/illustration_trudy_olga_spirit_fight_2.jpg Graphic file (type j
pg)
<use resources/illustration_trudy_olga_spirit_fight_2.jpg>
Package pdftex.def Info: resources/illustration_trudy_olga_spirit_fight_2.jpg  
used on input line 1046.
(pdftex.def)             Requested size: 376.42575pt x 250.93687pt.

Overfull \hbox (12.4pt too wide) in paragraph at lines 1042--1052
[][] 
 []


LaTeX Warning: Citation `shrinesjwl' on page 21 undefined on input line 1056.


Underfull \hbox (badness 10000) in paragraph at lines 1056--1057

 []

\g__tcobox_out_iow=\write5
\openout5 = `grimoire_lumtauto.listing'.

(grimoire_lumtauto.listing)

[21 <./resources/illustration_trudy_olga_spirit_fight_2.jpg>]
Underfull \hbox (badness 10000) in paragraph at lines 1087--1100
[]\OT1/cmtt/m/n/12 I bind you in the name of Ruhanga and all the spirits of nat
ure and
 []


Underfull \hbox (badness 10000) in paragraph at lines 1087--1100
\OT1/cmtt/m/n/12 my ancestors here present. I bind you regardless of whether yo
u
 []


Underfull \hbox (badness 10000) in paragraph at lines 1087--1100
\OT1/cmtt/m/n/12 are here in spirit, mind or body. I bind you and cut from you 
all
 []


Underfull \hbox (badness 10000) in paragraph at lines 1087--1100
\OT1/cmtt/m/n/12 sources of power that are Animusting you right now, in the nam
e of
 []


Underfull \hbox (badness 10000) in paragraph at lines 1087--1100
\OT1/cmtt/m/n/12 the Most Powerful Ruhanga! I hurl you into an eternal prison, 
I
 []


Underfull \hbox (badness 10000) in paragraph at lines 1087--1100
\OT1/cmtt/m/n/12 cut you to shreds, I summon thunder and fire that eats at the 
body,
 []


Underfull \hbox (badness 10000) in paragraph at lines 1087--1100
\OT1/cmtt/m/n/12 mind and spirit to strike and deprive you of all your strength
 and
 []


Underfull \hbox (badness 10000) in paragraph at lines 1087--1100
\OT1/cmtt/m/n/12 health. I summon the hungriest of hell's spirits to feast on y
ou.
 []


Underfull \hbox (badness 10000) in paragraph at lines 1087--1100
\OT1/cmtt/m/n/12 I bind and destroy you in God's most holy, unknown names! Righ
t
 []


Underfull \hbox (badness 10000) in paragraph at lines 1087--1100
\OT1/cmtt/m/n/12 Here, Right Now! Be Gone, Be Gone from this place and time Rig
ht
 []


LaTeX Warning: Citation `jung1964symbols' on page 22 undefined on input line 11
05.


LaTeX Warning: Citation `shrinesjwl' on page 22 undefined on input line 1105.


LaTeX Warning: Citation `wordweb_assistant' on page 22 undefined on input line 
1111.


Underfull \hbox (badness 10000) in paragraph at lines 1111--1112

 []



[22]
\openout5 = `grimoire_lumtauto.listing'.

 (grimoire_lumtauto.listing)

[23]
<resources/illustration_trudy_olga_spirit_fight.jpg, id=570, 1541.76pt x 1027.8
4pt>
File: resources/illustration_trudy_olga_spirit_fight.jpg Graphic file (type jpg
)
<use resources/illustration_trudy_olga_spirit_fight.jpg>
Package pdftex.def Info: resources/illustration_trudy_olga_spirit_fight.jpg  us
ed on input line 1179.
(pdftex.def)             Requested size: 376.42575pt x 250.93687pt.

Overfull \hbox (12.4pt too wide) in paragraph at lines 1175--1185
[][] 
 []


LaTeX Warning: Citation `nuchweziCrypto' on page 24 undefined on input line 119
1.


Underfull \hbox (badness 10000) in paragraph at lines 1191--1192

 []

LaTeX Font Info:    Trying to load font information for OMS+cmr on input line 1
197.
(C:\Program Files\MiKTeX\tex/latex/base\omscmr.fd
File: omscmr.fd 2023/04/13 v2.5m Standard LaTeX font definitions
)
LaTeX Font Info:    Font shape `OMS/cmr/m/n' in size <12> not available
(Font)              Font shape `OMS/cmsy/m/n' tried instead on input line 1197.

LaTeX Font Info:    Trying to load font information for OML+cmr on input line 1
207.

(C:\Program Files\MiKTeX\tex/latex/base\omlcmr.fd
File: omlcmr.fd 2023/04/13 v2.5m Standard LaTeX font definitions
)
LaTeX Font Info:    Font shape `OML/cmr/m/n' in size <12> not available
(Font)              Font shape `OML/cmm/m/it' tried instead on input line 1207.



[24 <./resources/illustration_trudy_olga_spirit_fight.jpg>]

[25]

Package caption Warning: The option `hypcap=true' will be ignored for this
(caption)                particular \caption on input line 1253.
See the caption package documentation for explanation.

(C:\Program Files\MiKTeX\tex/latex/listings\lstlang1.sty
File: lstlang1.sty 2024/05/25 1.10b listings language file
)

[26]

Package caption Warning: The option `hypcap=true' will be ignored for this
(caption)                particular \caption on input line 1300.
See the caption package documentation for explanation.


LaTeX Warning: Citation `shrinesjwl' on page 27 undefined on input line 1306.


Package hyperref Warning: Token not allowed in a PDF string (Unicode):
(hyperref)                removing `\@ifnextchar' on input line 1306.


Underfull \hbox (badness 10000) in paragraph at lines 1316--1317
[]\OT1/cmtt/m/n/12 A traditional spell is often rather like poetry, in
 []


Underfull \hbox (badness 10000) in paragraph at lines 1316--1317
\OT1/cmtt/m/n/12 that the power can manifest even though the reasons
 []


Underfull \hbox (badness 10000) in paragraph at lines 1316--1317
\OT1/cmtt/m/n/12 for its working remain a mystery. It is best to keep a
 []


LaTeX Warning: Citation `farrar1990spells' on page 27 undefined on input line 1
319.


Underfull \hbox (badness 10000) in paragraph at lines 1333--1334
[]\OT1/cmtt/m/n/12 The formulae, actions and objects or substances they
 []


Underfull \hbox (badness 10000) in paragraph at lines 1333--1334
\OT1/cmtt/m/n/12 involve many have many different purposes. Sometimes
 []


Underfull \hbox (badness 10000) in paragraph at lines 1333--1334
\OT1/cmtt/m/n/12 they may be, frankly, just to impress the uninitiated.
 []


Underfull \hbox (badness 10000) in paragraph at lines 1333--1334
\OT1/cmtt/m/n/12 Sometimes they may be a distorted memory of something
 []


Underfull \hbox (badness 10000) in paragraph at lines 1333--1334
\OT1/cmtt/m/n/12 which originally had a physically, psychologically or
 []


Underfull \hbox (badness 10000) in paragraph at lines 1333--1334
\OT1/cmtt/m/n/12 psychically practical reason. And even oftener they
 []


Underfull \hbox (badness 10000) in paragraph at lines 1333--1334
\OT1/cmtt/m/n/12 may be calling upon a symbolism, whether conscious or
 []


Underfull \hbox (badness 10000) in paragraph at lines 1333--1334
\OT1/cmtt/m/n/12 unconscious, which aids the inter-level communication...
 []


Underfull \hbox (badness 10000) in paragraph at lines 1333--1334
\OT1/cmtt/m/n/12 What one should not do is to dismiss them out of hand
 []


Underfull \hbox (badness 10000) in paragraph at lines 1333--1334
\OT1/cmtt/m/n/12 just because the reason for their form is not immediately
 []


Underfull \hbox (badness 10000) in paragraph at lines 1333--1334
\OT1/cmtt/m/n/12 obvious to rational analysis. You may find that they
 []


Underfull \hbox (badness 10000) in paragraph at lines 1333--1334
\OT1/cmtt/m/n/12 work though you don't know why --- that the power of
 []


Underfull \hbox (badness 10000) in paragraph at lines 1333--1334
\OT1/cmtt/m/n/12 their symbology is buried too deeply in your personal
 []


Underfull \hbox (badness 10000) in paragraph at lines 1333--1334
\OT1/cmtt/m/n/12 Unconscious (or even in the Collective Unconscious) for
 []


LaTeX Warning: Citation `farrar1990spells' on page 27 undefined on input line 1
336.



[27]
<resources/conjurer.jpg, id=695, 1798.72pt x 1027.84pt>
File: resources/conjurer.jpg Graphic file (type jpg)
<use resources/conjurer.jpg>
Package pdftex.def Info: resources/conjurer.jpg  used on input line 1350.
(pdftex.def)             Requested size: 376.42575pt x 215.09996pt.

Overfull \hbox (12.4pt too wide) in paragraph at lines 1346--1356
[][] 
 []


LaTeX Warning: Citation `shrinesjwl' on page 28 undefined on input line 1359.

\openout5 = `grimoire_lumtauto.listing'.

(grimoire_lumtauto.listing)

[28 <./resources/conjurer.jpg>]
\openout5 = `grimoire_lumtauto.listing'.


Underfull \hbox (badness 1635) in paragraph at lines 1390--1390
[]\OT1/cmr/m/n/20.74 A Uni-ver-sal Vi-sion CON-JU-RA-TION Spell
 []

(grimoire_lumtauto.listing)
<resources/conjurer_4.jpg, id=707, 1252.68pt x 835.12pt>
File: resources/conjurer_4.jpg Graphic file (type jpg)
<use resources/conjurer_4.jpg>
Package pdftex.def Info: resources/conjurer_4.jpg  used on input line 1401.
(pdftex.def)             Requested size: 376.42575pt x 250.9457pt.

Overfull \hbox (12.4pt too wide) in paragraph at lines 1397--1407
[][] 
 []



[29]

LaTeX Warning: Citation `shrinesjwl' on page 30 undefined on input line 1410.



[30 <./resources/conjurer_4.jpg>]

LaTeX Warning: Citation `shrinesjwl' on page 31 undefined on input line 1429.

\openout5 = `grimoire_lumtauto.listing'.

(grimoire_lumtauto.listing)

pdfTeX warning: pdflatex (file ./resources/maiu_sigil.pdf): PDF inclusion: foun
d PDF version <1.7>, but at most version <1.5> allowed
<resources/maiu_sigil.pdf, id=735, 277.9986pt x 718.60468pt>
File: resources/maiu_sigil.pdf Graphic file (type pdf)
<use resources/maiu_sigil.pdf>
Package pdftex.def Info: resources/maiu_sigil.pdf  used on input line 1456.
(pdftex.def)             Requested size: 222.39917pt x 574.88452pt.


[31]

pdfTeX warning: pdflatex (file ./resources/myrrh_slogan.pdf): PDF inclusion: fo
und PDF version <1.7>, but at most version <1.5> allowed
<resources/myrrh_slogan.pdf, id=749, 621.28107pt x 126.4725pt>
File: resources/myrrh_slogan.pdf Graphic file (type pdf)
<use resources/myrrh_slogan.pdf>
Package pdftex.def Info: resources/myrrh_slogan.pdf  used on input line 1465.
(pdftex.def)             Requested size: 418.25368pt x 85.14525pt.

Underfull \hbox (badness 10000) in paragraph at lines 1474--1475

 []



[32 <./resources/maiu_sigil.pdf> <./resources/myrrh_slogan.pdf>]

Package caption Warning: The option `hypcap=true' will be ignored for this
(caption)                particular \caption on input line 1495.
See the caption package documentation for explanation.


LaTeX Warning: Citation `lutalo2024tea' on page 33 undefined on input line 1502
.


LaTeX Warning: Citation `lutalo2020dnap' on page 33 undefined on input line 151
2.


LaTeX Warning: Hyper reference `FIGTEAMYRRH' on page 33 undefined on input line
 1527.


LaTeX Warning: Reference `FIGTEAMYRRH' on page 33 undefined on input line 1527.




[33]
Underfull \hbox (badness 10000) in paragraph at lines 1542--1543

 []


LaTeX Warning: Citation `Lutalo2024TEATAZ' on page 34 undefined on input line 1
545.


LaTeX Warning: Citation `wordweb_assistant' on page 34 undefined on input line 
1545.


LaTeX Warning: Citation `newjerusalem1985' on page 34 undefined on input line 1
545.


Underfull \hbox (badness 10000) in paragraph at lines 1547--1548

 []



[34]
Underfull \hbox (badness 10000) in paragraph at lines 1594--1595

 []


Underfull \hbox (badness 10000) in paragraph at lines 1604--1605

 []


Overfull \hbox (58.42921pt too wide) detected at line 1622
 []$[]  \OMS/cmsy/m/n/12 8\OML/cmm/m/it/12  \OMS/cmsy/m/n/12 2 \OT1/cmr/m/n/12
 ^^B[]  =[]\OMS/cmsy/m/n/12 )  \OML/cmm/m/it/12 ^^L \OMS/cmsy/m/n/12 2 \OT1/cmr
/m/n/12 
[]  =[]\OMS/cmsy/m/n/12 )  []$ []  
 []



[35]

LaTeX Warning: Citation `transformatics' on page 36 undefined on input line 162
5.


LaTeX Warning: Citation `kraig2010modern' on page 36 undefined on input line 16
41.


LaTeX Warning: Citation `farrar1990spells' on page 36 undefined on input line 1
642.



[36]

Package caption Warning: The option `hypcap=true' will be ignored for this
(caption)                particular \caption on input line 1659.
See the caption package documentation for explanation.


LaTeX Warning: Hyper reference `FIGTEAMYRRH' on page 37 undefined on input line
 1666.


LaTeX Warning: Reference `FIGTEAMYRRH' on page 37 undefined on input line 1666.



LaTeX Warning: Hyper reference `FIGTEAMYRRHFIN' on page 37 undefined on input l
ine 1666.


LaTeX Warning: Reference `FIGTEAMYRRHFIN' on page 37 undefined on input line 16
66.


Underfull \hbox (badness 10000) in paragraph at lines 1671--1672
[][]$\OT1/cmtt/m/n/12 https : / / tea . nuchwezi . com / ?i = hello + world & f
c = https : / / gist .
 []


Underfull \hbox (badness 10000) in paragraph at lines 1671--1672
\OT1/cmtt/m/n/12 githubusercontent . com / mcnemesis / 89a8030ba026977574930f87
273fedd0 /
 []


LaTeX Warning: Hyper reference `TRANSFMYRRH' on page 37 undefined on input line
 1682.


LaTeX Warning: Reference `TRANSFMYRRH' on page 37 undefined on input line 1682.



LaTeX Warning: Citation `farrar1990spells' on page 37 undefined on input line 1
682.


Underfull \hbox (badness 10000) in paragraph at lines 1693--1694
[]\OT1/cmtt/m/n/12 Susa Morgan Black sends us another way of ensuring the
 []


Underfull \hbox (badness 10000) in paragraph at lines 1693--1694
\OT1/cmtt/m/n/12 Boomerang Effect and deflecting bad energy back to the
 []


Underfull \hbox (badness 10000) in paragraph at lines 1695--1696
[]\OT1/cmtt/m/n/12 `Take a special hand-held mirror,' she says, `and
 []


Underfull \hbox (badness 10000) in paragraph at lines 1695--1696
\OT1/cmtt/m/n/12 simply turn completely around with the mirror reflecting
 []


Underfull \hbox (badness 10000) in paragraph at lines 1710--1711
[]\OT1/cmtt/m/n/12 We have used mirrors for this purpose ourselves when
 []


Underfull \hbox (badness 10000) in paragraph at lines 1710--1711
\OT1/cmtt/m/n/12 we have known who was working against us, and in what
 []


Underfull \hbox (badness 10000) in paragraph at lines 1710--1711
\OT1/cmtt/m/n/12 direction he or she lived. We would put a mirror in a
 []


Underfull \hbox (badness 10000) in paragraph at lines 1710--1711
\OT1/cmtt/m/n/12 suitable window facing outwards in that direction, willing
 []


LaTeX Warning: Citation `farrar1990spells' on page 37 undefined on input line 1
713.



[37]
\openout5 = `grimoire_lumtauto.listing'.

 (grimoire_lumtauto.listing)

LaTeX Warning: Citation `kraig2010modern' on page 38 undefined on input line 17
40.



[38]
Underfull \hbox (badness 10000) in paragraph at lines 1755--1756
[]\OT1/cmtt/m/n/12 STEP THREE. Step forward with the left foot. At the
 []


Underfull \hbox (badness 10000) in paragraph at lines 1755--1756
\OT1/cmtt/m/n/12 same time thrust your hands forward so that they point at
 []


Underfull \hbox (badness 10000) in paragraph at lines 1755--1756
\OT1/cmtt/m/n/12 the exact middle of the glowing blue pentagram in front of
 []


Underfull \hbox 