This is pdfTeX, Version 3.141592653-2.6-1.40.26 (MiKTeX 24.4) (preloaded format=pdflatex 2024.9.26)  19 SEP 2025 08:01
entering extended mode
 restricted \write18 enabled.
 %&-line parsing enabled.
**./TAZ_BOOK.tex
(TAZ_BOOK.tex
LaTeX2e <2024-06-01> patch level 2
L3 programming layer <2024-07-20>
(C:\Program Files\MiKTeX\tex/latex/base\book.cls
Document Class: book 2024/02/08 v1.4n Standard LaTeX document class
(C:\Program Files\MiKTeX\tex/latex/base\bk10.clo
File: bk10.clo 2024/02/08 v1.4n Standard LaTeX file (size option)
)
\c@part=\count194
\c@chapter=\count195
\c@section=\count196
\c@subsection=\count197
\c@subsubsection=\count198
\c@paragraph=\count199
\c@subparagraph=\count266
\c@figure=\count267
\c@table=\count268
\abovecaptionskip=\skip49
\belowcaptionskip=\skip50
\bibindent=\dimen141
)
(C:\Program Files\MiKTeX\tex/latex/graphics\graphicx.sty
Package: graphicx 2021/09/16 v1.2d Enhanced LaTeX Graphics (DPC,SPQR)

(C:\Program Files\MiKTeX\tex/latex/graphics\keyval.sty
Package: keyval 2022/05/29 v1.15 key=value parser (DPC)
\KV@toks@=\toks17
)
(C:\Program Files\MiKTeX\tex/latex/graphics\graphics.sty
Package: graphics 2024/05/23 v1.4g Standard LaTeX Graphics (DPC,SPQR)

(C:\Program Files\MiKTeX\tex/latex/graphics\trig.sty
Package: trig 2023/12/02 v1.11 sin cos tan (DPC)
)
(C:\Program Files\MiKTeX\tex/latex/graphics-cfg\graphics.cfg
File: graphics.cfg 2016/06/04 v1.11 sample graphics configuration
)
Package graphics Info: Driver file: pdftex.def on input line 106.

(C:\Program Files\MiKTeX\tex/latex/graphics-def\pdftex.def
File: pdftex.def 2024/04/13 v1.2c Graphics/color driver for pdftex
))
\Gin@req@height=\dimen142
\Gin@req@width=\dimen143
)
(C:\Users\AKAM\AppData\Roaming\MiKTeX\tex/latex/pdfpages\pdfpages.sty
Package: pdfpages 2024/08/20 v0.6b Insert pages of external PDF documents (AM)

(C:\Program Files\MiKTeX\tex/latex/base\ifthen.sty
Package: ifthen 2024/03/16 v1.1e Standard LaTeX ifthen package (DPC)
)
(C:\Program Files\MiKTeX\tex/latex/tools\calc.sty
Package: calc 2023/07/08 v4.3 Infix arithmetic (KKT,FJ)
\calc@Acount=\count269
\calc@Bcount=\count270
\calc@Adimen=\dimen144
\calc@Bdimen=\dimen145
\calc@Askip=\skip51
\calc@Bskip=\skip52
LaTeX Info: Redefining \setlength on input line 80.
LaTeX Info: Redefining \addtolength on input line 81.
\calc@Ccount=\count271
\calc@Cskip=\skip53
)
(C:\Users\AKAM\AppData\Roaming\MiKTeX\tex/latex/eso-pic\eso-pic.sty
Package: eso-pic 2023/05/03 v3.0c eso-pic (RN)
\ESO@tempdima=\dimen146
\ESO@tempdimb=\dimen147

(C:\Program Files\MiKTeX\tex/latex/xcolor\xcolor.sty
Package: xcolor 2023/11/15 v3.01 LaTeX color extensions (UK)

(C:\Program Files\MiKTeX\tex/latex/graphics-cfg\color.cfg
File: color.cfg 2016/01/02 v1.6 sample color configuration
)
Package xcolor Info: Driver file: pdftex.def on input line 274.

(C:\Program Files\MiKTeX\tex/latex/graphics\mathcolor.ltx)
Package xcolor Info: Model `cmy' substituted by `cmy0' on input line 1350.
Package xcolor Info: Model `hsb' substituted by `rgb' on input line 1354.
Package xcolor Info: Model `RGB' extended on input line 1366.
Package xcolor Info: Model `HTML' substituted by `rgb' on input line 1368.
Package xcolor Info: Model `Hsb' substituted by `hsb' on input line 1369.
Package xcolor Info: Model `tHsb' substituted by `hsb' on input line 1370.
Package xcolor Info: Model `HSB' substituted by `hsb' on input line 1371.
Package xcolor Info: Model `Gray' substituted by `gray' on input line 1372.
Package xcolor Info: Model `wave' substituted by `hsb' on input line 1373.
))
\AM@pagewidth=\dimen148
\AM@pageheight=\dimen149
\AM@fboxrule=\dimen150

(C:\Users\AKAM\AppData\Roaming\MiKTeX\tex/latex/pdfpages\pppdftex.def
File: pppdftex.def 2024/08/20 v0.6b Pdfpages driver for pdfTeX (AM)
)
\pdfpages@includegraphics@status=\count272
\AM@pagebox=\box52
\AM@global@opts=\toks18
\AM@pagecnt=\count273
\AM@toc@title=\toks19
\AM@lof@heading=\toks20
\c@AM@survey=\count274
\AM@templatesizebox=\box53
)
(C:\Users\AKAM\AppData\Roaming\MiKTeX\tex/latex/geometry\geometry.sty
Package: geometry 2020/01/02 v5.9 Page Geometry

(C:\Program Files\MiKTeX\tex/generic/iftex\ifvtex.sty
Package: ifvtex 2019/10/25 v1.7 ifvtex legacy package. Use iftex instead.

(C:\Program Files\MiKTeX\tex/generic/iftex\iftex.sty
Package: iftex 2022/02/03 v1.0f TeX engine tests
))
\Gm@cnth=\count275
\Gm@cntv=\count276
\c@Gm@tempcnt=\count277
\Gm@bindingoffset=\dimen151
\Gm@wd@mp=\dimen152
\Gm@odd@mp=\dimen153
\Gm@even@mp=\dimen154
\Gm@layoutwidth=\dimen155
\Gm@layoutheight=\dimen156
\Gm@layouthoffset=\dimen157
\Gm@layoutvoffset=\dimen158
\Gm@dimlist=\toks21

(C:\Users\AKAM\AppData\Roaming\MiKTeX\tex/latex/geometry\geometry.cfg))
(C:\Program Files\MiKTeX\tex/latex/l3backend\l3backend-pdftex.def
File: l3backend-pdftex.def 2024-05-08 L3 backend support: PDF output (pdfTeX)
\l__color_backend_stack_int=\count278
\l__pdf_internal_box=\box54
)
(TAZ_BOOK.aux)
\openout1 = `TAZ_BOOK.aux'.

LaTeX Font Info:    Checking defaults for OML/cmm/m/it on input line 7.
LaTeX Font Info:    ... okay on input line 7.
LaTeX Font Info:    Checking defaults for OMS/cmsy/m/n on input line 7.
LaTeX Font Info:    ... okay on input line 7.
LaTeX Font Info:    Checking defaults for OT1/cmr/m/n on input line 7.
LaTeX Font Info:    ... okay on input line 7.
LaTeX Font Info:    Checking defaults for T1/cmr/m/n on input line 7.
LaTeX Font Info:    ... okay on input line 7.
LaTeX Font Info:    Checking defaults for TS1/cmr/m/n on input line 7.
LaTeX Font Info:    ... okay on input line 7.
LaTeX Font Info:    Checking defaults for OMX/cmex/m/n on input line 7.
LaTeX Font Info:    ... okay on input line 7.
LaTeX Font Info:    Checking defaults for U/cmr/m/n on input line 7.
LaTeX Font Info:    ... okay on input line 7.
 (C:\Program Files\MiKTeX\tex/context/base/mkii\supp-pdf.mkii
[Loading MPS to PDF converter (version 2006.09.02).]
\scratchcounter=\count279
\scratchdimen=\dimen159
\scratchbox=\box55
\nofMPsegments=\count280
\nofMParguments=\count281
\everyMPshowfont=\toks22
\MPscratchCnt=\count282
\MPscratchDim=\dimen160
\MPnumerator=\count283
\makeMPintoPDFobject=\count284
\everyMPtoPDFconversion=\toks23
) (C:\Program Files\MiKTeX\tex/latex/epstopdf-pkg\epstopdf-base.sty
Package: epstopdf-base 2020-01-24 v2.11 Base part for package epstopdf
Package epstopdf-base Info: Redefining graphics rule for `.eps' on input line 4
85.

(C:\Program Files\MiKTeX\tex/latex/00miktex\epstopdf-sys.cfg
File: epstopdf-sys.cfg 2021/03/18 v2.0 Configuration of epstopdf for MiKTeX
))
(C:\Users\AKAM\AppData\Roaming\MiKTeX\tex/latex/pdflscape\pdflscape.sty
Package: pdflscape 2022-10-27 v0.13 Display of landscape pages in PDF

(C:\Users\AKAM\AppData\Roaming\MiKTeX\tex/latex/pdflscape\pdflscape-nometadata.
sty
Package: pdflscape-nometadata 2022-10-28 v0.13 Display of landscape pages in PD
F (HO)
 (C:\Program Files\MiKTeX\tex/latex/graphics\lscape.sty
Package: lscape 2020/05/28 v3.02 Landscape Pages (DPC)
)
Package pdflscape Info: Auto-detected driver: pdftex on input line 81.
))
*geometry* driver: auto-detecting
*geometry* detected driver: pdftex
*geometry* verbose mode - [ preamble ] result:
* driver: pdftex
* paper: a4paper
* layout: <same size as paper>
* layoutoffset:(h,v)=(0.0pt,0.0pt)
* modes: twoside 
* h-part:(L,W,R)=(71.70166pt, 418.25368pt, 107.55254pt)
* v-part:(T,H,B)=(101.40665pt, 591.5302pt, 152.11pt)
* \paperwidth=597.50787pt
* \paperheight=845.04684pt
* \textwidth=418.25368pt
* \textheight=591.5302pt
* \oddsidemargin=-0.56833pt
* \evensidemargin=35.28255pt
* \topmargin=-0.93083pt
* \headheight=12.0pt
* \headsep=18.06749pt
* \topskip=10.0pt
* \footskip=25.29494pt
* \marginparwidth=115.0pt
* \marginparsep=7.0pt
* \columnsep=10.0pt
* \skip\footins=9.0pt plus 4.0pt minus 2.0pt
* \hoffset=0.0pt
* \voffset=0.0pt
* \mag=1000
* \@twocolumnfalse
* \@twosidetrue
* \@mparswitchtrue
* \@reversemarginfalse
* (1in=72.27pt=25.4mm, 1cm=28.453pt)



pdfTeX warning: pdflatex (file ./taz_front_cover.pdf): PDF inclusion: found PDF
 version <1.7>, but at most version <1.5> allowed
<taz_front_cover.pdf, id=1, 596.98032pt x 844.65562pt>
File: taz_front_cover.pdf Graphic file (type pdf)
<use taz_front_cover.pdf>
Package pdftex.def Info: taz_front_cover.pdf  used on input line 9.
(pdftex.def)             Requested size: 596.97885pt x 844.65356pt.


pdfTeX warning: pdflatex (file ./taz_front_cover.pdf): PDF inclusion: found PDF
 version <1.7>, but at most version <1.5> allowed
File: taz_front_cover.pdf Graphic file (type pdf)
<use taz_front_cover.pdf>
Package pdftex.def Info: taz_front_cover.pdf  used on input line 9.
(pdftex.def)             Requested size: 596.97885pt x 844.65356pt.


pdfTeX warning: pdflatex (file ./taz_front_cover.pdf): PDF inclusion: found PDF
 version <1.7>, but at most version <1.5> allowed


pdfTeX warning: pdflatex (file ./taz_front_cover.pdf): PDF inclusion: found PDF
 version <1.7>, but at most version <1.5> allowed
<taz_front_cover.pdf, id=4, page=1, 596.98032pt x 844.65562pt>
File: taz_front_cover.pdf Graphic file (type pdf)
<use taz_front_cover.pdf, page 1>
Package pdftex.def Info: taz_front_cover.pdf , page1 used on input line 9.
(pdftex.def)             Requested size: 596.97885pt x 844.65356pt.
File: taz_front_cover.pdf Graphic file (type pdf)
<use taz_front_cover.pdf, page 1>
Package pdftex.def Info: taz_front_cover.pdf , page1 used on input line 9.
(pdftex.def)             Requested size: 597.71669pt x 845.69751pt.
File: taz_front_cover.pdf Graphic file (type pdf)
<use taz_front_cover.pdf, page 1>
Package pdftex.def Info: taz_front_cover.pdf , page1 used on input line 9.
(pdftex.def)             Requested size: 597.71669pt x 845.69751pt.
File: taz_front_cover.pdf Graphic file (type pdf)
<use taz_front_cover.pdf, page 1>
Package pdftex.def Info: taz_front_cover.pdf , page1 used on input line 9.
(pdftex.def)             Requested size: 597.71669pt x 845.69751pt.


File: taz_front_cover.pdf Graphic file (type pdf)
<use taz_front_cover.pdf, page 1>
Package pdftex.def Info: taz_front_cover.pdf , page1 used on input line 9.
(pdftex.def)             Requested size: 597.71669pt x 845.69751pt.
[1


 <./taz_front_cover.pdf>]
<THE TAZ Manuscript-v19SEPT2025.pdf, id=18, 614.295pt x 794.97pt>
File: THE TAZ Manuscript-v19SEPT2025.pdf Graphic file (type pdf)
<use THE TAZ Manuscript-v19SEPT2025.pdf>
Package pdftex.def Info: THE TAZ Manuscript-v19SEPT2025.pdf  used on input line
 11.
(pdftex.def)             Requested size: 614.29349pt x 794.96806pt.
File: THE TAZ Manuscript-v19SEPT2025.pdf Graphic file (type pdf)
<use THE TAZ Manuscript-v19SEPT2025.pdf>
Package pdftex.def Info: THE TAZ Manuscript-v19SEPT2025.pdf  used on input line
 11.
(pdftex.def)             Requested size: 614.29349pt x 794.96806pt.
<THE TAZ Manuscript-v19SEPT2025.pdf, id=21, page=1, 614.295pt x 794.97pt>
File: THE TAZ Manuscript-v19SEPT2025.pdf Graphic file (type pdf)
<use THE TAZ Manuscript-v19SEPT2025.pdf, page 1>
Package pdftex.def Info: THE TAZ Manuscript-v19SEPT2025.pdf , page1 used on inp
ut line 11.
(pdftex.def)             Requested size: 614.29349pt x 794.96806pt.
File: THE TAZ Manuscript-v19SEPT2025.pdf Graphic file (type pdf)
<use THE TAZ Manuscript-v19SEPT2025.pdf, page 1>
Package pdftex.def Info: THE TAZ Manuscript-v19SEPT2025.pdf , page1 used on inp
ut line 11.
(pdftex.def)             Requested size: 597.78697pt x 773.60669pt.
File: THE TAZ Manuscript-v19SEPT2025.pdf Graphic file (type pdf)
<use THE TAZ Manuscript-v19SEPT2025.pdf, page 1>
Package pdftex.def Info: THE TAZ Manuscript-v19SEPT2025.pdf , page1 used on inp
ut line 11.
(pdftex.def)             Requested size: 597.78697pt x 773.60669pt.
File: THE TAZ Manuscript-v19SEPT2025.pdf Graphic file (type pdf)
<use THE TAZ Manuscript-v19SEPT2025.pdf, page 1>
Package pdftex.def Info: THE TAZ Manuscript-v19SEPT2025.pdf , page1 used on inp
ut line 11.
(pdftex.def)             Requested size: 597.78697pt x 773.60669pt.


File: THE TAZ Manuscript-v19SEPT2025.pdf Graphic file (type pdf)
<use THE TAZ Manuscript-v19SEPT2025.pdf, page 1>
Package pdftex.def Info: THE TAZ Manuscript-v19SEPT2025.pdf , page1 used on inp
ut line 11.
(pdftex.def)             Requested size: 597.78697pt x 773.60669pt.
[2

 <./THE TAZ Manuscript-v19SEPT2025.pdf>]
<THE TAZ Manuscript-v19SEPT2025.pdf, id=67, page=2, 614.295pt x 794.97pt>
File: THE TAZ Manuscript-v19SEPT2025.pdf Graphic file (type pdf)
<use THE TAZ Manuscript-v19SEPT2025.pdf, page 2>
Package pdftex.def Info: THE TAZ Manuscript-v19SEPT2025.pdf , page2 used on inp
ut line 11.
(pdftex.def)             Requested size: 597.78697pt x 773.60669pt.
File: THE TAZ Manuscript-v19SEPT2025.pdf Graphic file (type pdf)
<use THE TAZ Manuscript-v19SEPT2025.pdf, page 2>
Package pdftex.def Info: THE TAZ Manuscript-v19SEPT2025.pdf , page2 used on inp
ut line 11.
(pdftex.def)             Requested size: 597.78697pt x 773.60669pt.


File: THE TAZ Manuscript-v19SEPT2025.pdf Graphic file (type pdf)
<use THE TAZ Manuscript-v19SEPT2025.pdf, page 2>
Package pdftex.def Info: THE TAZ Manuscript-v19SEPT2025.pdf , page2 used on inp
ut line 11.
(pdftex.def)             Requested size: 597.78697pt x 773.60669pt.
[3

 <./THE TAZ Manuscript-v19SEPT2025.pdf>]
<THE TAZ Manuscript-v19SEPT2025.pdf, id=72, page=3, 614.295pt x 794.97pt>
File: THE TAZ Manuscript-v19SEPT2025.pdf Graphic file (type pdf)
<use THE TAZ Manuscript-v19SEPT2025.pdf, page 3>
Package pdftex.def Info: THE TAZ Manuscript-v19SEPT2025.pdf , page3 used on inp
ut line 11.
(pdftex.def)             Requested size: 597.78697pt x 773.60669pt.
File: THE TAZ Manuscript-v19SEPT2025.pdf Graphic file (type pdf)
<use THE TAZ Manuscript-v19SEPT2025.pdf, page 3>
Package pdftex.def Info: THE TAZ Manuscript-v19SEPT2025.pdf , page3 used on inp
ut line 11.
(pdftex.def)             Requested size: 597.78697pt x 773.60669pt.


File: THE TAZ Manuscript-v19SEPT2025.pdf Graphic file (type pdf)
<use THE TAZ Manuscript-v19SEPT2025.pdf, page 3>
Package pdftex.def Info: THE TAZ Manuscript-v19SEPT2025.pdf , page3 used on inp
ut line 11.
(pdftex.def)             Requested size: 597.78697pt x 773.60669pt.
[4

 <./THE TAZ Manuscript-v19SEPT2025.pdf>]
<THE TAZ Manuscript-v19SEPT2025.pdf, id=87, page=4, 614.295pt x 794.97pt>
File: THE TAZ Manuscript-v19SEPT2025.pdf Graphic file (type pdf)
<use THE TAZ Manuscript-v19SEPT2025.pdf, page 4>
Package pdftex.def Info: THE TAZ Manuscript-v19SEPT2025.pdf , page4 used on inp
ut line 11.
(pdftex.def)             Requested size: 597.78697pt x 773.60669pt.
File: THE TAZ Manuscript-v19SEPT2025.pdf Graphic file (type pdf)
<use THE TAZ Manuscript-v19SEPT2025.pdf, page 4>
Package pdftex.def Info: THE TAZ Manuscript-v19SEPT2025.pdf , page4 used on inp
ut line 11.
(pdftex.def)             Requested size: 597.78697pt x 773.60669pt.


File: THE TAZ Manuscript-v19SEPT2025.pdf Graphic file (type pdf)
<use THE TAZ Manuscript-v19SEPT2025.pdf, page 4>
Package pdftex.def Info: THE TAZ Manuscript-v19SEPT2025.pdf , page4 used on inp
ut line 11.
(pdftex.def)             Requested size: 597.78697pt x 773.60669pt.
[5

 <./THE TAZ Manuscript-v19SEPT2025.pdf>]
<THE TAZ Manuscript-v19SEPT2025.pdf, id=92, page=5, 614.295pt x 794.97pt>
File: THE TAZ Manuscript-v19SEPT2025.pdf Graphic file (type pdf)
<use THE TAZ Manuscript-v19SEPT2025.pdf, page 5>
Package pdftex.def Info: THE TAZ Manuscript-v19SEPT2025.pdf , page5 used on inp
ut line 11.
(pdftex.def)             Requested size: 597.78697pt x 773.60669pt.
File: THE TAZ Manuscript-v19SEPT2025.pdf Graphic file (type pdf)
<use THE TAZ Manuscript-v19SEPT2025.pdf, page 5>
Package pdftex.def Info: THE TAZ Manuscript-v19SEPT2025.pdf , page5 used on inp
ut line 11.
(pdftex.def)             Requested size: 597.78697pt x 773.60669pt.


File: THE TAZ Manuscript-v19SEPT2025.pdf Graphic file (type pdf)
<use THE TAZ Manuscript-v19SEPT2025.pdf, page 5>
Package pdftex.def Info: THE TAZ Manuscript-v19SEPT2025.pdf , page5 used on inp
ut line 11.
(pdftex.def)             Requested size: 597.78697pt x 773.60669pt.
[6

 <./THE TAZ Manuscript-v19SEPT2025.pdf>]
<THE TAZ Manuscript-v19SEPT2025.pdf, id=97, page=6, 614.295pt x 794.97pt>
File: THE TAZ Manuscript-v19SEPT2025.pdf Graphic file (type pdf)
<use THE TAZ Manuscript-v19SEPT2025.pdf, page 6>
Package pdftex.def Info: THE TAZ Manuscript-v19SEPT2025.pdf , page6 used on inp
ut line 11.
(pdftex.def)             Requested size: 597.78697pt x 773.60669pt.
File: THE TAZ Manuscript-v19SEPT2025.pdf Graphic file (type pdf)
<use THE TAZ Manuscript-v19SEPT2025.pdf, page 6>
Package pdftex.def Info: THE TAZ Manuscript-v19SEPT2025.pdf , page6 used on inp
ut line 11.
(pdftex.def)             Requested size: 597.78697pt x 773.60669pt.


File: THE TAZ Manuscript-v19SEPT2025.pdf Graphic file (type pdf)
<use THE TAZ Manuscript-v19SEPT2025.pdf, page 6>
Package pdftex.def Info: THE TAZ Manuscript-v19SEPT2025.pdf , page6 used on inp
ut line 11.
(pdftex.def)             Requested size: 597.78697pt x 773.60669pt.
[7

 <./THE TAZ Manuscript-v19SEPT2025.pdf>]
<THE TAZ Manuscript-v19SEPT2025.pdf, id=103, page=7, 614.295pt x 794.97pt>
File: THE TAZ Manuscript-v19SEPT2025.pdf Graphic file (type pdf)
<use THE TAZ Manuscript-v19SEPT2025.pdf, page 7>
Package pdftex.def Info: THE TAZ Manuscript-v19SEPT2025.pdf , page7 used on inp
ut line 11.
(pdftex.def)             Requested size: 597.78697pt x 773.60669pt.
File: THE TAZ Manuscript-v19SEPT2025.pdf Graphic file (type pdf)
<use THE TAZ Manuscript-v19SEPT2025.pdf, page 7>
Package pdftex.def Info: THE TAZ Manuscript-v19SEPT2025.pdf , page7 used on inp
ut line 11.
(pdftex.def)             Requested size: 597.78697pt x 773.60669pt.


File: THE TAZ Manuscript-v19SEPT2025.pdf Graphic file (type pdf)
<use THE TAZ Manuscript-v19SEPT2025.pdf, page 7>
Package pdftex.def Info: THE TAZ Manuscript-v19SEPT2025.pdf , page7 used on inp
ut line 11.
(pdftex.def)             Requested size: 597.78697pt x 773.60669pt.
[8

 <./THE TAZ Manuscript-v19SEPT2025.pdf>]
<THE TAZ Manuscript-v19SEPT2025.pdf, id=110, page=8, 614.295pt x 794.97pt>
File: THE TAZ Manuscript-v19SEPT2025.pdf Graphic file (type pdf)
<use THE TAZ Manuscript-v19SEPT2025.pdf, page 8>
Package pdftex.def Info: THE TAZ Manuscript-v19SEPT2025.pdf , page8 used on inp
ut line 11.
(pdftex.def)             Requested size: 597.78697pt x 773.60669pt.
File: THE TAZ Manuscript-v19SEPT2025.pdf Graphic file (type pdf)
<use THE TAZ Manuscript-v19SEPT2025.pdf, page 8>
Package pdftex.def Info: THE TAZ Manuscript-v19SEPT2025.pdf , page8 used on inp
ut line 11.
(pdftex.def)             Requested size: 597.78697pt x 773.60669pt.


File: THE TAZ Manuscript-v19SEPT2025.pdf Graphic file (type pdf)
<use THE TAZ Manuscript-v19SEPT2025.pdf, page 8>
Package pdftex.def Info: THE TAZ Manuscript-v19SEPT2025.pdf , page8 used on inp
ut line 11.
(pdftex.def)             Requested size: 597.78697pt x 773.60669pt.
[9

 <./THE TAZ Manuscript-v19SEPT2025.pdf>]
<THE TAZ Manuscript-v19SEPT2025.pdf, id=116, page=9, 614.295pt x 794.97pt>
File: THE TAZ Manuscript-v19SEPT2025.pdf Graphic file (type pdf)
<use THE TAZ Manuscript-v19SEPT2025.pdf, page 9>
Package pdftex.def Info: THE TAZ Manuscript-v19SEPT2025.pdf , page9 used on inp
ut line 11.
(pdftex.def)             Requested size: 597.78697pt x 773.60669pt.
File: THE TAZ Manuscript-v19SEPT2025.pdf Graphic file (type pdf)
<use THE TAZ Manuscript-v19SEPT2025.pdf, page 9>
Package pdftex.def Info: THE TAZ Manuscript-v19SEPT2025.pdf , page9 used on inp
ut line 11.
(pdftex.def)             Requested size: 597.78697pt x 773.60669pt.


File: THE TAZ Manuscript-v19SEPT2025.pdf Graphic file (type pdf)
<use THE TAZ Manuscript-v19SEPT2025.pdf, page 9>
Package pdftex.def Info: THE TAZ Manuscript-v19SEPT2025.pdf , page9 used on inp
ut line 11.
(pdftex.def)             Requested size: 597.78697pt x 773.60669pt.
[10

 <./THE TAZ Manuscript-v19SEPT2025.pdf>]
<THE TAZ Manuscript-v19SEPT2025.pdf, id=121, page=10, 614.295pt x 794.97pt>
File: THE TAZ Manuscript-v19SEPT2025.pdf Graphic file (type pdf)
<use THE TAZ Manuscript-v19SEPT2025.pdf, page 10>
Package pdftex.def Info: THE TAZ Manuscript-v19SEPT2025.pdf , page10 used on in
put line 11.
(pdftex.def)             Requested size: 597.78697pt x 773.60669pt.
File: THE TAZ Manuscript-v19SEPT2025.pdf Graphic file (type pdf)
<use THE TAZ Manuscript-v19SEPT2025.pdf, page 10>
Package pdftex.def Info: THE TAZ Manuscript-v19SEPT2025.pdf , page10 used on in
put line 11.
(pdftex.def)             Requested size: 597.78697pt x 773.60669pt.


File: THE TAZ Manuscript-v19SEPT2025.pdf Graphic file (type pdf)
<use THE TAZ Manuscript-v19SEPT2025.pdf, page 10>
Package pdftex.def Info: THE TAZ Manuscript-v19SEPT2025.pdf , page10 used on in
put line 11.
(pdftex.def)             Requested size: 597.78697pt x 773.60669pt.
[11

 <./THE TAZ Manuscript-v19SEPT2025.pdf>]
<THE TAZ Manuscript-v19SEPT2025.pdf, id=126, page=11, 614.295pt x 794.97pt>
File: THE TAZ Manuscript-v19SEPT2025.pdf Graphic file (type pdf)
<use THE TAZ Manuscript-v19SEPT2025.pdf, page 11>
Package pdftex.def Info: THE TAZ Manuscript-v19SEPT2025.pdf , page11 used on in
put line 11.
(pdftex.def)             Requested size: 597.78697pt x 773.60669pt.
File: THE TAZ Manuscript-v19SEPT2025.pdf Graphic file (type pdf)
<use THE TAZ Manuscript-v19SEPT2025.pdf, page 11>
Package pdftex.def Info: THE TAZ Manuscript-v19SEPT2025.pdf , page11 used on in
put line 11.
(pdftex.def)             Requested size: 597.78697pt x 773.60669pt.


File: THE TAZ Manuscript-v19SEPT2025.pdf Graphic file (type pdf)
<use THE TAZ Manuscript-v19SEPT2025.pdf, page 11>
Package pdftex.def Info: THE TAZ Manuscript-v19SEPT2025.pdf , page11 used on in
put line 11.
(pdftex.def)             Requested size: 597.78697pt x 773.60669pt.
[12

 <./THE TAZ Manuscript-v19SEPT2025.pdf>]
<THE TAZ Manuscript-v19SEPT2025.pdf, id=131, page=12, 614.295pt x 794.97pt>
File: THE TAZ Manuscript-v19SEPT2025.pdf Graphic file (type pdf)
<use THE TAZ Manuscript-v19SEPT2025.pdf, page 12>
Package pdftex.def Info: THE TAZ Manuscript-v19SEPT2025.pdf , page12 used on in
put line 11.
(pdftex.def)             Requested size: 597.78697pt x 773.60669pt.
File: THE TAZ Manuscript-v19SEPT2025.pdf Graphic file (type pdf)
<use THE TAZ Manuscript-v19SEPT2025.pdf, page 12>
Package pdftex.def Info: THE TAZ Manuscript-v19SEPT2025.pdf , page12 used on in
put line 11.
(pdftex.def)             Requested size: 597.78697pt x 773.60669pt.


File: THE TAZ Manuscript-v19SEPT2025.pdf Graphic file (type pdf)
<use THE TAZ Manuscript-v19SEPT2025.pdf, page 12>
Package pdftex.def Info: THE TAZ Manuscript-v19SEPT2025.pdf , page12 used on in
put line 11.
(pdftex.def)             Requested size: 597.78697pt x 773.60669pt.
[13

 <./THE TAZ Manuscript-v19SEPT2025.pdf>]
<THE TAZ Manuscript-v19SEPT2025.pdf, id=137, page=13, 614.295pt x 794.97pt>
File: THE TAZ Manuscript-v19SEPT2025.pdf Graphic file (type pdf)
<use THE TAZ Manuscript-v19SEPT2025.pdf, page 13>
Package pdftex.def Info: THE TAZ Manuscript-v19SEPT2025.pdf , page13 used on in
put line 11.
(pdftex.def)             Requested size: 597.78697pt x 773.60669pt.
File: THE TAZ Manuscript-v19SEPT2025.pdf Graphic file (type pdf)
<use THE TAZ Manuscript-v19SEPT2025.pdf, page 13>
Package pdftex.def Info: THE TAZ Manuscript-v19SEPT2025.pdf , page13 used on in
put line 11.
(pdftex.def)             Requested size: 597.78697pt x 773.60669pt.


File: THE TAZ Manuscript-v19SEPT2025.pdf Graphic file (type pdf)
<use THE TAZ Manuscript-v19SEPT2025.pdf, page 13>
Package pdftex.def Info: THE TAZ Manuscript-v19SEPT2025.pdf , page13 used on in
put line 11.
(pdftex.def)             Requested size: 597.78697pt x 773.60669pt.
[14

 <./THE TAZ Manuscript-v19SEPT2025.pdf>]
<THE TAZ Manuscript-v19SEPT2025.pdf, id=149, page=14, 614.295pt x 794.97pt>
File: THE TAZ Manuscript-v19SEPT2025.pdf Graphic file (type pdf)
<use THE TAZ Manuscript-v19SEPT2025.pdf, page 14>
Package pdftex.def Info: THE TAZ Manuscript-v19SEPT2025.pdf , page14 used on in
put line 11.
(pdftex.def)             Requested size: 597.78697pt x 773.60669pt.
File: THE TAZ Manuscript-v19SEPT2025.pdf Graphic file (type pdf)
<use THE TAZ Manuscript-v19SEPT2025.pdf, page 14>
Package pdftex.def Info: THE TAZ Manuscript-v19SEPT2025.pdf , page14 used on in
put line 11.
(pdftex.def)             Requested size: 597.78697pt x 773.60669pt.


File: THE TAZ Manuscript-v19SEPT2025.pdf Graphic file (type pdf)
<use THE TAZ Manuscript-v19SEPT2025.pdf, page 14>
Package pdftex.def Info: THE TAZ Manuscript-v19SEPT2025.pdf , page14 used on in
put line 11.
(pdftex.def)             Requested size: 597.78697pt x 773.60669pt.
[15

 <./THE TAZ Manuscript-v19SEPT2025.pdf>]
<THE TAZ Manuscript-v19SEPT2025.pdf, id=154, page=15, 614.295pt x 794.97pt>
File: THE TAZ Manuscript-v19SEPT2025.pdf Graphic file (type pdf)
<use THE TAZ Manuscript-v19SEPT2025.pdf, page 15>
Package pdftex.def Info: THE TAZ Manuscript-v19SEPT2025.pdf , page15 used on in
put line 11.
(pdftex.def)             Requested size: 597.78697pt x 773.60669pt.
File: THE TAZ Manuscript-v19SEPT2025.pdf Graphic file (type pdf)
<use THE TAZ Manuscript-v19SEPT2025.pdf, page 15>
Package pdftex.def Info: THE TAZ Manuscript-v19SEPT2025.pdf , page15 used on in
put line 11.
(pdftex.def)             Requested size: 597.78697pt x 773.60669pt.


File: THE TAZ Manuscript-v19SEPT2025.pdf Graphic file (type pdf)
<use THE TAZ Manuscript-v19SEPT2025.pdf, page 15>
Package pdftex.def Info: THE TAZ Manuscript-v19SEPT2025.pdf , page15 used on in
put line 11.
(pdftex.def)             Requested size: 597.78697pt x 773.60669pt.
[16

 <./THE TAZ Manuscript-v19SEPT2025.pdf>]
<THE TAZ Manuscript-v19SEPT2025.pdf, id=159, page=16, 614.295pt x 794.97pt>
File: THE TAZ Manuscript-v19SEPT2025.pdf Graphic file (type pdf)
<use THE TAZ Manuscript-v19SEPT2025.pdf, page 16>
Package pdftex.def Info: THE TAZ Manuscript-v19SEPT2025.pdf , page16 used on in
put line 11.
(pdftex.def)             Requested size: 597.78697pt x 773.60669pt.
File: THE TAZ Manuscript-v19SEPT2025.pdf Graphic file (type pdf)
<use THE TAZ Manuscript-v19SEPT2025.pdf, page 16>
Package pdftex.def Info: THE TAZ Manuscript-v19SEPT2025.pdf , page16 used on in
put line 11.
(pdftex.def)             Requested size: 597.78697pt x 773.60669pt.


File: THE TAZ Manuscript-v19SEPT2025.pdf Graphic file (type pdf)
<use THE TAZ Manuscript-v19SEPT2025.pdf, page 16>
Package pdftex.def Info: THE TAZ Manuscript-v19SEPT2025.pdf , page16 used on in
put line 11.
(pdftex.def)             Requested size: 597.78697pt x 773.60669pt.
[17

 <./THE TAZ Manuscript-v19SEPT2025.pdf>]
<THE TAZ Manuscript-v19SEPT2025.pdf, id=164, page=17, 614.295pt x 794.97pt>
File: THE TAZ Manuscript-v19SEPT2025.pdf Graphic file (type pdf)
<use THE TAZ Manuscript-v19SEPT2025.pdf, page 17>
Package pdftex.def Info: THE TAZ Manuscript-v19SEPT2025.pdf , page17 used on in
put line 11.
(pdftex.def)             Requested size: 597.78697pt x 773.60669pt.
File: THE TAZ Manuscript-v19SEPT2025.pdf Graphic file (type pdf)
<use THE TAZ Manuscript-v19SEPT2025.pdf, page 17>
Package pdftex.def Info: THE TAZ Manuscript-v19SEPT2025.pdf , page17 used on in
put line 11.
(pdftex.def)             Requested size: 597.78697pt x 773.60669pt.


File: THE TAZ Manuscript-v19SEPT2025.pdf Graphic file (type pdf)
<use THE TAZ Manuscript-v19SEPT2025.pdf, page 17>
Package pdftex.def Info: THE TAZ Manuscript-v19SEPT2025.pdf , page17 used on in
put line 11.
(pdftex.def)             Requested size: 597.78697pt x 773.60669pt.
[18

 <./THE TAZ Manuscript-v19SEPT2025.pdf>]
<THE TAZ Manuscript-v19SEPT2025.pdf, id=169, page=18, 614.295pt x 794.97pt>
File: THE TAZ Manuscript-v19SEPT2025.pdf Graphic file (type pdf)
<use THE TAZ Manuscript-v19SEPT2025.pdf, page 18>
Package pdftex.def Info: THE TAZ Manuscript-v19SEPT2025.pdf , page18 used on in
put line 11.
(pdftex.def)             Requested size: 597.78697pt x 773.60669pt.
File: THE TAZ Manuscript-v19SEPT2025.pdf Graphic file (type pdf)
<use THE TAZ Manuscript-v19SEPT2025.pdf, page 18>
Package pdftex.def Info: THE TAZ Manuscript-v19SEPT2025.pdf , page18 used on in
put line 11.
(pdftex.def)             Requested size: 597.78697pt x 773.60669pt.


File: THE TAZ Manuscript-v19SEPT2025.pdf Graphic file (type pdf)
<use THE TAZ Manuscript-v19SEPT2025.pdf, page 18>
Package pdftex.def Info: THE TAZ Manuscript-v19SEPT2025.pdf , page18 used on in
put line 11.
(pdftex.def)             Requested size: 597.78697pt x 773.60669pt.
[19

 <./THE TAZ Manuscript-v19SEPT2025.pdf>]
<THE TAZ Manuscript-v19SEPT2025.pdf, id=175, page=19, 614.295pt x 794.97pt>
File: THE TAZ Manuscript-v19SEPT2025.pdf Graphic file (type pdf)
<use THE TAZ Manuscript-v19SEPT2025.pdf, page 19>
Package pdftex.def Info: THE TAZ Manuscript-v19SEPT2025.pdf , page19 used on in
put line 11.
(pdftex.def)             Requested size: 597.78697pt x 773.60669pt.
File: THE TAZ Manuscript-v19SEPT2025.pdf Graphic file (type pdf)
<use THE TAZ Manuscript-v19SEPT2025.pdf, page 19>
Package pdftex.def Info: THE TAZ Manuscript-v19SEPT2025.pdf , page19 used on in
put line 11.
(pdftex.def)             Requested size: 597.78697pt x 773.60669pt.


File: THE TAZ Manuscript-v19SEPT2025.pdf Graphic file (type pdf)
<use THE TAZ Manuscript-v19SEPT2025.pdf, page 19>
Package pdftex.def Info: THE TAZ Manuscript-v19SEPT2025.pdf , page19 used on in
put line 11.
(pdftex.def)             Requested size: 597.78697pt x 773.60669pt.
[20

 <./THE TAZ Manuscript-v19SEPT2025.pdf>]
<THE TAZ Manuscript-v19SEPT2025.pdf, id=180, page=20, 614.295pt x 794.97pt>
File: THE TAZ Manuscript-v19SEPT2025.pdf Graphic file (type pdf)
<use THE TAZ Manuscript-v19SEPT2025.pdf, page 20>
Package pdftex.def Info: THE TAZ Manuscript-v19SEPT2025.pdf , page20 used on in
put line 11.
(pdftex.def)             Requested size: 597.78697pt x 773.60669pt.
File: THE TAZ Manuscript-v19SEPT2025.pdf Graphic file (type pdf)
<use THE TAZ Manuscript-v19SEPT2025.pdf, page 20>
Package pdftex.def Info: THE TAZ Manuscript-v19SEPT2025.pdf , page20 used on in
put line 11.
(pdftex.def)             Requested size: 597.78697pt x 773.60669pt.


File: THE TAZ Manuscript-v19SEPT2025.pdf Graphic file (type pdf)
<use THE TAZ Manuscript-v19SEPT2025.pdf, page 20>
Package pdftex.def Info: THE TAZ Manuscript-v19SEPT2025.pdf , page20 used on in
put line 11.
(pdftex.def)             Requested size: 597.78697pt x 773.60669pt.
[21

 <./THE TAZ Manuscript-v19SEPT2025.pdf>]
<THE TAZ Manuscript-v19SEPT2025.pdf, id=185, page=21, 614.295pt x 794.97pt>
File: THE TAZ Manuscript-v19SEPT2025.pdf Graphic file (type pdf)
<use THE TAZ Manuscript-v19SEPT2025.pdf, page 21>
Package pdftex.def Info: THE TAZ Manuscript-v19SEPT2025.pdf , page21 used on in
put line 11.
(pdftex.def)             Requested size: 597.78697pt x 773.60669pt.
File: THE TAZ Manuscript-v19SEPT2025.pdf Graphic file (type pdf)
<use THE TAZ Manuscript-v19SEPT2025.pdf, page 21>
Package pdftex.def Info: THE TAZ Manuscript-v19SEPT2025.pdf , page21 used on in
put line 11.
(pdftex.def)             Requested size: 597.78697pt x 773.60669pt.


File: THE TAZ Manuscript-v19SEPT2025.pdf Graphic file (type pdf)
<use THE TAZ Manuscript-v19SEPT2025.pdf, page 21>
Package pdftex.def Info: THE TAZ Manuscript-v19SEPT2025.pdf , page21 used on in
put line 11.
(pdftex.def)             Requested size: 597.78697pt x 773.60669pt.
[22

 <./THE TAZ Manuscript-v19SEPT2025.pdf>]
<THE TAZ Manuscript-v19SEPT2025.pdf, id=192, page=22, 614.295pt x 794.97pt>
File: THE TAZ Manuscript-v19SEPT2025.pdf Graphic file (type pdf)
<use THE TAZ Manuscript-v19SEPT2025.pdf, page 22>
Package pdftex.def Info: THE TAZ Manuscript-v19SEPT2025.pdf , page22 used on in
put line 11.
(pdftex.def)             Requested size: 597.78697pt x 773.60669pt.
File: THE TAZ Manuscript-v19SEPT2025.pdf Graphic file (type pdf)
<use THE TAZ Manuscript-v19SEPT2025.pdf, page 22>
Package pdftex.def Info: THE TAZ Manuscript-v19SEPT2025.pdf , page22 used on in
put line 11.
(pdftex.def)             Requested size: 597.78697pt x 773.60669pt.


File: THE TAZ Manuscript-v19SEPT2025.pdf Graphic file (type pdf)
<use THE TAZ Manuscript-v19SEPT2025.pdf, page 22>
Package pdftex.def Info: THE TAZ Manuscript-v19SEPT2025.pdf , page22 used on in
put line 11.
(pdftex.def)             Requested size: 597.78697pt x 773.60669pt.
[23

 <./THE TAZ Manuscript-v19SEPT2025.pdf>]
<THE TAZ Manuscript-v19SEPT2025.pdf, id=197, page=23, 614.295pt x 794.97pt>
File: THE TAZ Manuscript-v19SEPT2025.pdf Graphic file (type pdf)
<use THE TAZ Manuscript-v19SEPT2025.pdf, page 23>
Package pdftex.def Info: THE TAZ Manuscript-v19SEPT2025.pdf , page23 used on in
put line 11.
(pdftex.def)             Requested size: 597.78697pt x 773.60669pt.
File: THE TAZ Manuscript-v19SEPT2025.pdf Graphic file (type pdf)
<use THE TAZ Manuscript-v19SEPT2025.pdf, page 23>
Package pdftex.def Info: THE TAZ Manuscript-v19SEPT2025.pdf , page23 used on in
put line 11.
(pdftex.def)             Requested size: 597.78697pt x 773.60669pt.


File: THE TAZ Manuscript-v19SEPT2025.pdf Graphic file (type pdf)
<use THE TAZ Manuscript-v19SEPT2025.pdf, page 23>
Package pdftex.def Info: THE TAZ Manuscript-v19SEPT2025.pdf , page23 used on in
put line 11.
(pdftex.def)             Requested size: 597.78697pt x 773.60669pt.
[24

 <./THE TAZ Manuscript-v19SEPT2025.pdf>]
<THE TAZ Manuscript-v19SEPT2025.pdf, id=202, page=24, 614.295pt x 794.97pt>
File: THE TAZ Manuscript-v19SEPT2025.pdf Graphic file (type pdf)
<use THE TAZ Manuscript-v19SEPT2025.pdf, page 24>
Package pdftex.def Info: THE TAZ Manuscript-v19SEPT2025.pdf , page24 used on in
put line 11.
(pdftex.def)             Requested size: 597.78697pt x 773.60669pt.
File: THE TAZ Manuscript-v19SEPT2025.pdf Graphic file (type pdf)
<use THE TAZ Manuscript-v19SEPT2025.pdf, page 24>
Package pdftex.def Info: THE TAZ Manuscript-v19SEPT2025.pdf , page24 used on in
put line 11.
(pdftex.def)             Requested size: 597.78697pt x 773.60669pt.


File: THE TAZ Manuscript-v19SEPT2025.pdf Graphic file (type pdf)
<use THE TAZ Manuscript-v19SEPT2025.pdf, page 24>
Package pdftex.def Info: THE TAZ Manuscript-v19SEPT2025.pdf , page24 used on in
put line 11.
(pdftex.def)             Requested size: 597.78697pt x 773.60669pt.
[25

 <./THE TAZ Manuscript-v19SEPT2025.pdf>]
<THE TAZ Manuscript-v19SEPT2025.pdf, id=208, page=25, 614.295pt x 794.97pt>
File: THE TAZ Manuscript-v19SEPT2025.pdf Graphic file (type pdf)
<use THE TAZ Manuscript-v19SEPT2025.pdf, page 25>
Package pdftex.def Info: THE TAZ Manuscript-v19SEPT2025.pdf , page25 used on in
put line 11.
(pdftex.def)             Requested size: 597.78697pt x 773.60669pt.
File: THE TAZ Manuscript-v19SEPT2025.pdf Graphic file (type pdf)
<use THE TAZ Manuscript-v19SEPT2025.pdf, page 25>
Package pdftex.def Info: THE TAZ Manuscript-v19SEPT2025.pdf , page25 used on in
put line 11.
(pdftex.def)             Requested size: 597.78697pt x 773.60669pt.


File: THE TAZ Manuscript-v19SEPT2025.pdf Graphic file (type pdf)
<use THE TAZ Manuscript-v19SEPT2025.pdf, page 25>
Package pdftex.def Info: THE TAZ Manuscript-v19SEPT2025.pdf , page25 used on in
put line 11.
(pdftex.def)             Requested size: 597.78697pt x 773.60669pt.
[26

 <./THE TAZ Manuscript-v19SEPT2025.pdf>]
<THE TAZ Manuscript-v19SEPT2025.pdf, id=213, page=26, 614.295pt x 794.97pt>
File: THE TAZ Manuscript-v19SEPT2025.pdf Graphic file (type pdf)
<use THE TAZ Manuscript-v19SEPT2025.pdf, page 26>
Package pdftex.def Info: THE TAZ Manuscript-v19SEPT2025.pdf , page26 used on in
put line 11.
(pdftex.def)             Requested size: 597.78697pt x 773.60669pt.
File: THE TAZ Manuscript-v19SEPT2025.pdf Graphic file (type pdf)
<use THE TAZ Manuscript-v19SEPT2025.pdf, page 26>
Package pdftex.def Info: THE TAZ Manuscript-v19SEPT2025.pdf , page26 used on in
put line 11.
(pdftex.def)             Requested size: 597.78697pt x 773.60669pt.


File: THE TAZ Manuscript-v19SEPT2025.pdf Graphic file (type pdf)
<use THE TAZ Manuscript-v19SEPT2025.pdf, page 26>
Package pdftex.def Info: THE TAZ Manuscript-v19SEPT2025.pdf , page26 used on in
put line 11.
(pdftex.def)             Requested size: 597.78697pt x 773.60669pt.
[27

 <./THE TAZ Manuscript-v19SEPT2025.pdf>]
<THE TAZ Manuscript-v19SEPT2025.pdf, id=218, page=27, 614.295pt x 794.97pt>
File: THE TAZ Manuscript-v19SEPT2025.pdf Graphic file (type pdf)
<use THE TAZ Manuscript-v19SEPT2025.pdf, page 27>
Package pdftex.def Info: THE TAZ Manuscript-v19SEPT2025.pdf , page27 used on in
put line 11.
(pdftex.def)             Requested size: 597.78697pt x 773.60669pt.
File: THE TAZ Manuscript-v19SEPT2025.pdf Graphic file (type pdf)
<use THE TAZ Manuscript-v19SEPT2025.pdf, page 27>
Package pdftex.def Info: THE TAZ Manuscript-v19SEPT2025.pdf , page27 used on in
put line 11.
(pdftex.def)             Requested size: 597.78697pt x 773.60669pt.


File: THE TAZ Manuscript-v19SEPT2025.pdf Graphic file (type pdf)
<use THE TAZ Manuscript-v19SEPT2025.pdf, page 27>
Package pdftex.def Info: THE TAZ Manuscript-v19SEPT2025.pdf , page27 used on in
put line 11.
(pdftex.def)             Requested size: 597.78697pt x 773.60669pt.
[28

 <./THE TAZ Manuscript-v19SEPT2025.pdf>]
<THE TAZ Manuscript-v19SEPT2025.pdf, id=223, page=28, 614.295pt x 794.97pt>
File: THE TAZ Manuscript-v19SEPT2025.pdf Graphic file (type pdf)
<use THE TAZ Manuscript-v19SEPT2025.pdf, page 28>
Package pdftex.def Info: THE TAZ Manuscript-v19SEPT2025.pdf , page28 used on in
put line 11.
(pdftex.def)             Requested size: 597.78697pt x 773.60669pt.
File: THE TAZ Manuscript-v19SEPT2025.pdf Graphic file (type pdf)
<use THE TAZ Manuscript-v19SEPT2025.pdf, page 28>
Package pdftex.def Info: THE TAZ Manuscript-v19SEPT2025.pdf , page28 used on in
put line 11.
(pdftex.def)             Requested size: 597.78697pt x 773.60669pt.


File: THE TAZ Manuscript-v19SEPT2025.pdf Graphic file (type pdf)
<use THE TAZ Manuscript-v19SEPT2025.pdf, page 28>
Package pdftex.def Info: THE TAZ Manuscript-v19SEPT2025.pdf , page28 used on in
put line 11.
(pdftex.def)             Requested size: 597.78697pt x 773.60669pt.
[29

 <./THE TAZ Manuscript-v19SEPT2025.pdf>]
<THE TAZ Manuscript-v19SEPT2025.pdf, id=228, page=29, 614.295pt x 794.97pt>
File: THE TAZ Manuscript-v19SEPT2025.pdf Graphic file (type pdf)
<use THE TAZ Manuscript-v19SEPT2025.pdf, page 29>
Package pdftex.def Info: THE TAZ Manuscript-v19SEPT2025.pdf , page29 used on in
put line 11.
(pdftex.def)             Requested size: 597.78697pt x 773.60669pt.
File: THE TAZ Manuscript-v19SEPT2025.pdf Graphic file (type pdf)
<use THE TAZ Manuscript-v19SEPT2025.pdf, page 29>
Package pdftex.def Info: THE TAZ Manuscript-v19SEPT2025.pdf , page29 used on in
put line 11.
(pdftex.def)             Requested size: 597.78697pt x 773.60669pt.


File: THE TAZ Manuscript-v19SEPT2025.pdf Graphic file (type pdf)
<use THE TAZ Manuscript-v19SEPT2025.pdf, page 29>
Package pdftex.def Info: THE TAZ Manuscript-v19SEPT2025.pdf , page29 used on in
put line 11.
(pdftex.def)             Requested size: 597.78697pt x 773.60669pt.
[30

 <./THE TAZ Manuscript-v19SEPT2025.pdf>]
<THE TAZ Manuscript-v19SEPT2025.pdf, id=233, page=30, 614.295pt x 794.97pt>
File: THE TAZ Manuscript-v19SEPT2025.pdf Graphic file (type pdf)
<use THE TAZ Manuscript-v19SEPT2025.pdf, page 30>
Package pdftex.def Info: THE TAZ Manuscript-v19SEPT2025.pdf , page30 used on in
put line 11.
(pdftex.def)             Requested size: 597.78697pt x 773.60669pt.
File: THE TAZ Manuscript-v19SEPT2025.pdf Graphic file (type pdf)
<use THE TAZ Manuscript-v19SEPT2025.pdf, page 30>
Package pdftex.def Info: THE TAZ Manuscript-v19SEPT2025.pdf , page30 used on in
put line 11.
(pdftex.def)             Requested size: 597.78697pt x 773.60669pt.


File: THE TAZ Manuscript-v19SEPT2025.pdf Graphic file (type pdf)
<use THE TAZ Manuscript-v19SEPT2025.pdf, page 30>
Package pdftex.def Info: THE TAZ Manuscript-v19SEPT2025.pdf , page30 used on in
put line 11.
(pdftex.def)             Requested size: 597.78697pt x 773.60669pt.
[31

 <./THE TAZ Manuscript-v19SEPT2025.pdf>]
<THE TAZ Manuscript-v19SEPT2025.pdf, id=239, page=31, 614.295pt x 794.97pt>
File: THE TAZ Manuscript-v19SEPT2025.pdf Graphic file (type pdf)
<use THE TAZ Manuscript-v19SEPT2025.pdf, page 31>
Package pdftex.def Info: THE TAZ Manuscript-v19SEPT2025.pdf , page31 used on in
put line 11.
(pdftex.def)             Requested size: 597.78697pt x 773.60669pt.
File: THE TAZ Manuscript-v19SEPT2025.pdf Graphic file (type pdf)
<use THE TAZ Manuscript-v19SEPT2025.pdf, page 31>
Package pdftex.def Info: THE TAZ Manuscript-v19SEPT2025.pdf , page31 used on in
put line 11.
(pdftex.def)             Requested size: 597.78697pt x 773.60669pt.


File: THE TAZ Manuscript-v19SEPT2025.pdf Graphic file (type pdf)
<use THE TAZ Manuscript-v19SEPT2025.pdf, page 31>
Package pdftex.def Info: THE TAZ Manuscript-v19SEPT2025.pdf , page31 used on in
put line 11.
(pdftex.def)             Requested size: 597.78697pt x 773.60669pt.
[32

 <./THE TAZ Manuscript-v19SEPT2025.pdf>]
<THE TAZ Manuscript-v19SEPT2025.pdf, id=244, page=32, 614.295pt x 794.97pt>
File: THE TAZ Manuscript-v19SEPT2025.pdf Graphic file (type pdf)
<use THE TAZ Manuscript-v19SEPT2025.pdf, page 32>
Package pdftex.def Info: THE TAZ Manuscript-v19SEPT2025.pdf , page32 used on in
put line 11.
(pdftex.def)             Requested size: 597.78697pt x 773.60669pt.
File: THE TAZ Manuscript-v19SEPT2025.pdf Graphic file (type pdf)
<use THE TAZ Manuscript-v19SEPT2025.pdf, page 32>
Package pdftex.def Info: THE TAZ Manuscript-v19SEPT2025.pdf , page32 used on in
put line 11.
(pdftex.def)             Requested size: 597.78697pt x 773.60669pt.


File: THE TAZ Manuscript-v19SEPT2025.pdf Graphic file (type pdf)
<use THE TAZ Manuscript-v19SEPT2025.pdf, page 32>
Package pdftex.def Info: THE TAZ Manuscript-v19SEPT2025.pdf , page32 used on in
put line 11.
(pdftex.def)             Requested size: 597.78697pt x 773.60669pt.
[33

 <./THE TAZ Manuscript-v19SEPT2025.pdf>]
<THE TAZ Manuscript-v19SEPT2025.pdf, id=249, page=33, 614.295pt x 794.97pt>
File: THE TAZ Manuscript-v19SEPT2025.pdf Graphic file (type pdf)
<use THE TAZ Manuscript-v19SEPT2025.pdf, page 33>
Package pdftex.def Info: THE TAZ Manuscript-v19SEPT2025.pdf , page33 used on in
put line 11.
(pdftex.def)             Requested size: 597.78697pt x 773.60669pt.
File: THE TAZ Manuscript-v19SEPT2025.pdf Graphic file (type pdf)
<use THE TAZ Manuscript-v19SEPT2025.pdf, page 33>
Package pdftex.def Info: THE TAZ Manuscript-v19SEPT2025.pdf , page33 used on in
put line 11.
(pdftex.def)             Requested size: 597.78697pt x 773.60669pt.


File: THE TAZ Manuscript-v19SEPT2025.pdf Graphic file (type pdf)
<use THE TAZ Manuscript-v19SEPT2025.pdf, page 33>
Package pdftex.def Info: THE TAZ Manuscript-v19SEPT2025.pdf , page33 used on in
put line 11.
(pdftex.def)             Requested size: 597.78697pt x 773.60669pt.
[34

 <./THE TAZ Manuscript-v19SEPT2025.pdf>]
<THE TAZ Manuscript-v19SEPT2025.pdf, id=254, page=34, 614.295pt x 794.97pt>
File: THE TAZ Manuscript-v19SEPT2025.pdf Graphic file (type pdf)
<use THE TAZ Manuscript-v19SEPT2025.pdf, page 34>
Package pdftex.def Info: THE TAZ Manuscript-v19SEPT2025.pdf , page34 used on in
put line 11.
(pdftex.def)             Requested size: 597.78697pt x 773.60669pt.
File: THE TAZ Manuscript-v19SEPT2025.pdf Graphic file (type pdf)
<use THE TAZ Manuscript-v19SEPT2025.pdf, page 34>
Package pdftex.def Info: THE TAZ Manuscript-v19SEPT2025.pdf , page34 used on in
put line 11.
(pdftex.def)             Requested size: 597.78697pt x 773.60669pt.


File: THE TAZ Manuscript-v19SEPT2025.pdf Graphic file (type pdf)
<use THE TAZ Manuscript-v19SEPT2025.pdf, page 34>
Package pdftex.def Info: THE TAZ Manuscript-v19SEPT2025.pdf , page34 used on in
put line 11.
(pdftex.def)             Requested size: 597.78697pt x 773.60669pt.
[35

 <./THE TAZ Manuscript-v19SEPT2025.pdf>]
<THE TAZ Manuscript-v19SEPT2025.pdf, id=259, page=35, 614.295pt x 794.97pt>
File: THE TAZ Manuscript-v19SEPT2025.pdf Graphic file (type pdf)
<use THE TAZ Manuscript-v19SEPT2025.pdf, page 35>
Package pdftex.def Info: THE TAZ Manuscript-v19SEPT2025.pdf , page35 used on in
put line 11.
(pdftex.def)             Requested size: 597.78697pt x 773.60669pt.
File: THE TAZ Manuscript-v19SEPT2025.pdf Graphic file (type pdf)
<use THE TAZ Manuscript-v19SEPT2025.pdf, page 35>
Package pdftex.def Info: THE TAZ Manuscript-v19SEPT2025.pdf , page35 used on in
put line 11.
(pdftex.def)             Requested size: 597.78697pt x 773.60669pt.


File: THE TAZ Manuscript-v19SEPT2025.pdf Graphic file (type pdf)
<use THE TAZ Manuscript-v19SEPT2025.pdf, page 35>
Package pdftex.def Info: THE TAZ Manuscript-v19SEPT2025.pdf , page35 used on in
put line 11.
(pdftex.def)             Requested size: 597.78697pt x 773.60669pt.
[36

 <./THE TAZ Manuscript-v19SEPT2025.pdf>]
<THE TAZ Manuscript-v19SEPT2025.pdf, id=265, page=36, 614.295pt x 794.97pt>
File: THE TAZ Manuscript-v19SEPT2025.pdf Graphic file (type pdf)
<use THE TAZ Manuscript-v19SEPT2025.pdf, page 36>
Package pdftex.def Info: THE TAZ Manuscript-v19SEPT2025.pdf , page36 used on in
put line 11.
(pdftex.def)             Requested size: 597.78697pt x 773.60669pt.
File: THE TAZ Manuscript-v19SEPT2025.pdf Graphic file (type pdf)
<use THE TAZ Manuscript-v19SEPT2025.pdf, page 36>
Package pdftex.def Info: THE TAZ Manuscript-v19SEPT2025.pdf , page36 used on in
put line 11.
(pdftex.def)             Requested size: 597.78697pt x 773.60669pt.


File: THE TAZ Manuscript-v19SEPT2025.pdf Graphic file (type pdf)
<use THE TAZ Manuscript-v19SEPT2025.pdf, page 36>
Package pdftex.def Info: THE TAZ Manuscript-v19SEPT2025.pdf , page36 used on in
put line 11.
(pdftex.def)             Requested size: 597.78697pt x 773.60669pt.
[37

 <./THE TAZ Manuscript-v19SEPT2025.pdf>]
<THE TAZ Manuscript-v19SEPT2025.pdf, id=271, page=37, 614.295pt x 794.97pt>
File: THE TAZ Manuscript-v19SEPT2025.pdf Graphic file (type pdf)
<use THE TAZ Manuscript-v19SEPT2025.pdf, page 37>
Package pdftex.def Info: THE TAZ Manuscript-v19SEPT2025.pdf , page37 used on in
put line 11.
(pdftex.def)             Requested size: 597.78697pt x 773.60669pt.
File: THE TAZ Manuscript-v19SEPT2025.pdf Graphic file (type pdf)
<use THE TAZ Manuscript-v19SEPT2025.pdf, page 37>
Package pdftex.def Info: THE TAZ Manuscript-v19SEPT2025.pdf , page37 used on in
put line 11.
(pdftex.def)             Requested size: 597.78697pt x 773.60669pt.


File: THE TAZ Manuscript-v19SEPT2025.pdf Graphic file (type pdf)
<use THE TAZ Manuscript-v19SEPT2025.pdf, page 37>
Package pdftex.def Info: THE TAZ Manuscript-v19SEPT2025.pdf , page37 used on in
put line 11.
(pdftex.def)             Requested size: 597.78697pt x 773.60669pt.
[38

 <./THE TAZ Manuscript-v19SEPT2025.pdf>]
<THE TAZ Manuscript-v19SEPT2025.pdf, id=276, page=38, 614.295pt x 794.97pt>
File: THE TAZ Manuscript-v19SEPT2025.pdf Graphic file (type pdf)
<use THE TAZ Manuscript-v19SEPT2025.pdf, page 38>
Package pdftex.def Info: THE TAZ Manuscript-v19SEPT2025.pdf , page38 used on in
put line 11.
(pdftex.def)             Requested size: 597.78697pt x 773.60669pt.
File: THE TAZ Manuscript-v19SEPT2025.pdf Graphic file (type pdf)
<use THE TAZ Manuscript-v19SEPT2025.pdf, page 38>
Package pdftex.def Info: THE TAZ Manuscript-v19SEPT2025.pdf , page38 used on in
put line 11.
(pdftex.def)             Requested size: 597.78697pt x 773.60669pt.


File: THE TAZ Manuscript-v19SEPT2025.pdf Graphic file (type pdf)
<use THE TAZ Manuscript-v19SEPT2025.pdf, page 38>
Package pdftex.def Info: THE TAZ Manuscript-v19SEPT2025.pdf , page38 used on in
put line 11.
(pdftex.def)             Requested size: 597.78697pt x 773.60669pt.
[39

 <./THE TAZ Manuscript-v19SEPT2025.pdf>]
<THE TAZ Manuscript-v19SEPT2025.pdf, id=281, page=39, 614.295pt x 794.97pt>
File: THE TAZ Manuscript-v19SEPT2025.pdf Graphic file (type pdf)
<use THE TAZ Manuscript-v19SEPT2025.pdf, page 39>
Package pdftex.def Info: THE TAZ Manuscript-v19SEPT2025.pdf , page39 used on in
put line 11.
(pdftex.def)             Requested size: 597.78697pt x 773.60669pt.
File: THE TAZ Manuscript-v19SEPT2025.pdf Graphic file (type pdf)
<use THE TAZ Manuscript-v19SEPT2025.pdf, page 39>
Package pdftex.def Info: THE TAZ Manuscript-v19SEPT2025.pdf , page39 used on in
put line 11.
(pdftex.def)             Requested size: 597.78697pt x 773.60669pt.


File: THE TAZ Manuscript-v19SEPT2025.pdf Graphic file (type pdf)
<use THE TAZ Manuscript-v19SEPT2025.pdf, page 39>
Package pdftex.def Info: THE TAZ Manuscript-v19SEPT2025.pdf , page39 used on in
put line 11.
(pdftex.def)             Requested size: 597.78697pt x 773.60669pt.
[40

 <./THE TAZ Manuscript-v19SEPT2025.pdf>]
<THE TAZ Manuscript-v19SEPT2025.pdf, id=287, page=40, 614.295pt x 794.97pt>
File: THE TAZ Manuscript-v19SEPT2025.pdf Graphic file (type pdf)
<use THE TAZ Manuscript-v19SEPT2025.pdf, page 40>
Package pdftex.def Info: THE TAZ Manuscript-v19SEPT2025.pdf , page40 used on in
put line 11.
(pdftex.def)             Requested size: 597.78697pt x 773.60669pt.
File: THE TAZ Manuscript-v19SEPT2025.pdf Graphic file (type pdf)
<use THE TAZ Manuscript-v19SEPT2025.pdf, page 40>
Package pdftex.def Info: THE TAZ Manuscript-v19SEPT2025.pdf , page40 used on in
put line 11.
(pdftex.def)             Requested size: 597.78697pt x 773.60669pt.


File: THE TAZ Manuscript-v19SEPT2025.pdf Graphic file (type pdf)
<use THE TAZ Manuscript-v19SEPT2025.pdf, page 40>
Package pdftex.def Info: THE TAZ Manuscript-v19SEPT2025.pdf , page40 used on in
put line 11.
(pdftex.def)             Requested size: 597.78697pt x 773.60669pt.
[41

 <./THE TAZ Manuscript-v19SEPT2025.pdf>]
<THE TAZ Manuscript-v19SEPT2025.pdf, id=292, page=41, 614.295pt x 794.97pt>
File: THE TAZ Manuscript-v19SEPT2025.pdf Graphic file (type pdf)
<use THE TAZ Manuscript-v19SEPT2025.pdf, page 41>
Package pdftex.def Info: THE TAZ Manuscript-v19SEPT2025.pdf , page41 used on in
put line 11.
(pdftex.def)             Requested size: 597.78697pt x 773.60669pt.
File: THE TAZ Manuscript-v19SEPT2025.pdf Graphic file (type pdf)
<use THE TAZ Manuscript-v19SEPT2025.pdf, page 41>
Package pdftex.def Info: THE TAZ Manuscript-v19SEPT2025.pdf , page41 used on in
put line 11.
(pdftex.def)             Requested size: 597.78697pt x 773.60669pt.


File: THE TAZ Manuscript-v19SEPT2025.pdf Graphic file (type pdf)
<use THE TAZ Manuscript-v19SEPT2025.pdf, page 41>
Package pdftex.def Info: THE TAZ Manuscript-v19SEPT2025.pdf , page41 used on in
put line 11.
(pdftex.def)             Requested size: 597.78697pt x 773.60669pt.
[42

 <./THE TAZ Manuscript-v19SEPT2025.pdf>]
<THE TAZ Manuscript-v19SEPT2025.pdf, id=298, page=42, 614.295pt x 794.97pt>
File: THE TAZ Manuscript-v19SEPT2025.pdf Graphic file (type pdf)
<use THE TAZ Manuscript-v19SEPT2025.pdf, page 42>
Package pdftex.def Info: THE TAZ Manuscript-v19SEPT2025.pdf , page42 used on in
put line 11.
(pdftex.def)             Requested size: 597.78697pt x 773.60669pt.
File: THE TAZ Manuscript-v19SEPT2025.pdf Graphic file (type pdf)
<use THE TAZ Manuscript-v19SEPT2025.pdf, page 42>
Package pdftex.def Info: THE TAZ Manuscript-v19SEPT2025.pdf , page42 used on in
put line 11.
(pdftex.def)             Requested size: 597.78697pt x 773.60669pt.


File: THE TAZ Manuscript-v19SEPT2025.pdf Graphic file (type pdf)
<use THE TAZ Manuscript-v19SEPT2025.pdf, page 42>
Package pdftex.def Info: THE TAZ Manuscript-v19SEPT2025.pdf , page42 used on in
put line 11.
(pdftex.def)             Requested size: 597.78697pt x 773.60669pt.
[43

 <./THE TAZ Manuscript-v19SEPT2025.pdf>]
<THE TAZ Manuscript-v19SEPT2025.pdf, id=304, page=43, 614.295pt x 794.97pt>
File: THE TAZ Manuscript-v19SEPT2025.pdf Graphic file (type pdf)
<use THE TAZ Manuscript-v19SEPT2025.pdf, page 43>
Package pdftex.def Info: THE TAZ Manuscript-v19SEPT2025.pdf , page43 used on in
put line 11.
(pdftex.def)             Requested size: 597.78697pt x 773.60669pt.
File: THE TAZ Manuscript-v19SEPT2025.pdf Graphic file (type pdf)
<use THE TAZ Manuscript-v19SEPT2025.pdf, page 43>
Package pdftex.def Info: THE TAZ Manuscript-v19SEPT2025.pdf , page43 used on in
put line 11.
(pdftex.def)             Requested size: 597.78697pt x 773.60669pt.


File: THE TAZ Manuscript-v19SEPT2025.pdf Graphic file (type pdf)
<use THE TAZ Manuscript-v19SEPT2025.pdf, page 43>
Package pdftex.def Info: THE TAZ Manuscript-v19SEPT2025.pdf , page43 used on in
put line 11.
(pdftex.def)             Requested size: 597.78697pt x 773.60669pt.
[44

 <./THE TAZ Manuscript-v19SEPT2025.pdf>]
<THE TAZ Manuscript-v19SEPT2025.pdf, id=309, page=44, 614.295pt x 794.97pt>
File: THE TAZ Manuscript-v19SEPT2025.pdf Graphic file (type pdf)
<use THE TAZ Manuscript-v19SEPT2025.pdf, page 44>
Package pdftex.def Info: THE TAZ Manuscript-v19SEPT2025.pdf , page44 used on in
put line 11.
(pdftex.def)             Requested size: 597.78697pt x 773.60669pt.
File: THE TAZ Manuscript-v19SEPT2025.pdf Graphic file (type pdf)
<use THE TAZ Manuscript-v19SEPT2025.pdf, page 44>
Package pdftex.def Info: THE TAZ Manuscript-v19SEPT2025.pdf , page44 used on in
put line 11.
(pdftex.def)             Requested size: 597.78697pt x 773.60669pt.


File: THE TAZ Manuscript-v19SEPT2025.pdf Graphic file (type pdf)
<use THE TAZ Manuscript-v19SEPT2025.pdf, page 44>
Package pdftex.def Info: THE TAZ Manuscript-v19SEPT2025.pdf , page44 used on in
put line 11.
(pdftex.def)             Requested size: 597.78697pt x 773.60669pt.
[45

 <./THE TAZ Manuscript-v19SEPT2025.pdf>]
<THE TAZ Manuscript-v19SEPT2025.pdf, id=314, page=45, 614.295pt x 794.97pt>
File: THE TAZ Manuscript-v19SEPT2025.pdf Graphic file (type pdf)
<use THE TAZ Manuscript-v19SEPT2025.pdf, page 45>
Package pdftex.def Info: THE TAZ Manuscript-v19SEPT2025.pdf , page45 used on in
put line 11.
(pdftex.def)             Requested size: 597.78697pt x 773.60669pt.
File: THE TAZ Manuscript-v19SEPT2025.pdf Graphic file (type pdf)
<use THE TAZ Manuscript-v19SEPT2025.pdf, page 45>
Package pdftex.def Info: THE TAZ Manuscript-v19SEPT2025.pdf , page45 used on in
put line 11.
(pdftex.def)             Requested size: 597.78697pt x 773.60669pt.


File: THE TAZ Manuscript-v19SEPT2025.pdf Graphic file (type pdf)
<use THE TAZ Manuscript-v19SEPT2025.pdf, page 45>
Package pdftex.def Info: THE TAZ Manuscript-v19SEPT2025.pdf , page45 used on in
put line 11.
(pdftex.def)             Requested size: 597.78697pt x 773.60669pt.
[46

 <./THE TAZ Manuscript-v19SEPT2025.pdf>]
<THE TAZ Manuscript-v19SEPT2025.pdf, id=319, page=46, 614.295pt x 794.97pt>
File: THE TAZ Manuscript-v19SEPT2025.pdf Graphic file (type pdf)
<use THE TAZ Manuscript-v19SEPT2025.pdf, page 46>
Package pdftex.def Info: THE TAZ Manuscript-v19SEPT2025.pdf , page46 used on in
put line 11.
(pdftex.def)             Requested size: 597.78697pt x 773.60669pt.
File: THE TAZ Manuscript-v19SEPT2025.pdf Graphic file (type pdf)
<use THE TAZ Manuscript-v19SEPT2025.pdf, page 46>
Package pdftex.def Info: THE TAZ Manuscript-v19SEPT2025.pdf , page46 used on in
put line 11.
(pdftex.def)             Requested size: 597.78697pt x 773.60669pt.


File: THE TAZ Manuscript-v19SEPT2025.pdf Graphic file (type pdf)
<use THE TAZ Manuscript-v19SEPT2025.pdf, page 46>
Package pdftex.def Info: THE TAZ Manuscript-v19SEPT2025.pdf , page46 used on in
put line 11.
(pdftex.def)             Requested size: 597.78697pt x 773.60669pt.
[47

 <./THE TAZ Manuscript-v19SEPT2025.pdf>]
<THE TAZ Manuscript-v19SEPT2025.pdf, id=324, page=47, 614.295pt x 794.97pt>
File: THE TAZ Manuscript-v19SEPT2025.pdf Graphic file (type pdf)
<use THE TAZ Manuscript-v19SEPT2025.pdf, page 47>
Package pdftex.def Info: THE TAZ Manuscript-v19SEPT2025.pdf , page47 used on in
put line 11.
(pdftex.def)             Requested size: 597.78697pt x 773.60669pt.
File: THE TAZ Manuscript-v19SEPT2025.pdf Graphic file (type pdf)
<use THE TAZ Manuscript-v19SEPT2025.pdf, page 47>
Package pdftex.def Info: THE TAZ Manuscript-v19SEPT2025.pdf , page47 used on in
put line 11.
(pdftex.def)             Requested size: 597.78697pt x 773.60669pt.


File: THE TAZ Manuscript-v19SEPT2025.pdf Graphic file (type pdf)
<use THE TAZ Manuscript-v19SEPT2025.pdf, page 47>
Package pdftex.def Info: THE TAZ Manuscript-v19SEPT2025.pdf , page47 used on in
put line 11.
(pdftex.def)             Requested size: 597.78697pt x 773.60669pt.
[48

 <./THE TAZ Manuscript-v19SEPT2025.pdf>]
<THE TAZ Manuscript-v19SEPT2025.pdf, id=329, page=48, 614.295pt x 794.97pt>
File: THE TAZ Manuscript-v19SEPT2025.pdf Graphic file (type pdf)
<use THE TAZ Manuscript-v19SEPT2025.pdf, page 48>
Package pdftex.def Info: THE TAZ Manuscript-v19SEPT2025.pdf , page48 used on in
put line 11.
(pdftex.def)             Requested size: 597.78697pt x 773.60669pt.
File: THE TAZ Manuscript-v19SEPT2025.pdf Graphic file (type pdf)
<use THE TAZ Manuscript-v19SEPT2025.pdf, page 48>
Package pdftex.def Info: THE TAZ Manuscript-v19SEPT2025.pdf , page48 used on in
put line 11.
(pdftex.def)             Requested size: 597.78697pt x 773.60669pt.


File: THE TAZ Manuscript-v19SEPT2025.pdf Graphic file (type pdf)
<use THE TAZ Manuscript-v19SEPT2025.pdf, page 48>
Package pdftex.def Info: THE TAZ Manuscript-v19SEPT2025.pdf , page48 used on in
put line 11.
(pdftex.def)             Requested size: 597.78697pt x 773.60669pt.
[49

 <./THE TAZ Manuscript-v19SEPT2025.pdf>]
<THE TAZ Manuscript-v19SEPT2025.pdf, id=335, page=49, 614.295pt x 794.97pt>
File: THE TAZ Manuscript-v19SEPT2025.pdf Graphic file (type pdf)
<use THE TAZ Manuscript-v19SEPT2025.pdf, page 49>
Package pdftex.def Info: THE TAZ Manuscript-v19SEPT2025.pdf , page49 used on in
put line 11.
(pdftex.def)             Requested size: 597.78697pt x 773.60669pt.
File: THE TAZ Manuscript-v19SEPT2025.pdf Graphic file (type pdf)
<use THE TAZ Manuscript-v19SEPT2025.pdf, page 49>
Package pdftex.def Info: THE TAZ Manuscript-v19SEPT2025.pdf , page49 used on in
put line 11.
(pdftex.def)             Requested size: 597.78697pt x 773.60669pt.


File: THE TAZ Manuscript-v19SEPT2025.pdf Graphic file (type pdf)
<use THE TAZ Manuscript-v19SEPT2025.pdf, page 49>
Package pdftex.def Info: THE TAZ Manuscript-v19SEPT2025.pdf , page49 used on in
put line 11.
(pdftex.def)             Requested size: 597.78697pt x 773.60669pt.
[50

 <./THE TAZ Manuscript-v19SEPT2025.pdf>]
<THE TAZ Manuscript-v19SEPT2025.pdf, id=341, page=50, 614.295pt x 794.97pt>
File: THE TAZ Manuscript-v19SEPT2025.pdf Graphic file (type pdf)
<use THE TAZ Manuscript-v19SEPT2025.pdf, page 50>
Package pdftex.def Info: THE TAZ Manuscript-v19SEPT2025.pdf , page50 used on in
put line 11.
(pdftex.def)             Requested size: 597.78697pt x 773.60669pt.
File: THE TAZ Manuscript-v19SEPT2025.pdf Graphic file (type pdf)
<use THE TAZ Manuscript-v19SEPT2025.pdf, page 50>
Package pdftex.def Info: THE TAZ Manuscript-v19SEPT2025.pdf , page50 used on in
put line 11.
(pdftex.def)             Requested size: 597.78697pt x 773.60669pt.


File: THE TAZ Manuscript-v19SEPT2025.pdf Graphic file (type pdf)
<use THE TAZ Manuscript-v19SEPT2025.pdf, page 50>
Package pdftex.def Info: THE TAZ Manuscript-v19SEPT2025.pdf , page50 used on in
put line 11.
(pdftex.def)             Requested size: 597.78697pt x 773.60669pt.
[51

 <./THE TAZ Manuscript-v19SEPT2025.pdf>]
<THE TAZ Manuscript-v19SEPT2025.pdf, id=346, page=51, 614.295pt x 794.97pt>
File: THE TAZ Manuscript-v19SEPT2025.pdf Graphic file (type pdf)
<use THE TAZ Manuscript-v19SEPT2025.pdf, page 51>
Package pdftex.def Info: THE TAZ Manuscript-v19SEPT2025.pdf , page51 used on in
put line 11.
(pdftex.def)             Requested size: 597.78697pt x 773.60669pt.
File: THE TAZ Manuscript-v19SEPT2025.pdf Graphic file (type pdf)
<use THE TAZ Manuscript-v19SEPT2025.pdf, page 51>
Package pdftex.def Info: THE TAZ Manuscript-v19SEPT2025.pdf , page51 used on in
put line 11.
(pdftex.def)             Requested size: 597.78697pt x 773.60669pt.


File: THE TAZ Manuscript-v19SEPT2025.pdf Graphic file (type pdf)
<use THE TAZ Manuscript-v19SEPT2025.pdf, page 51>
Package pdftex.def Info: THE TAZ Manuscript-v19SEPT2025.pdf , page51 used on in
put line 11.
(pdftex.def)             Requested size: 597.78697pt x 773.60669pt.
[52

 <./THE TAZ Manuscript-v19SEPT2025.pdf>]

pdfTeX warning: pdflatex (file ./taz_back_cover.pdf): PDF inclusion: found PDF 
version <1.7>, but at most version <1.5> allowed
<taz_back_cover.pdf, id=351, 596.98032pt x 844.65562pt>
File: taz_back_cover.pdf Graphic file (type pdf)
<use taz_back_cover.pdf>
Package pdftex.def Info: taz_back_cover.pdf  used on input line 13.
(pdftex.def)             Requested size: 596.97885pt x 844.65356pt.


pdfTeX warning: pdflatex (file ./taz_back_cover.pdf): PDF inclusion: found PDF 
version <1.7>, but at most version <1.5> allowed
File: taz_back_cover.pdf Graphic file (type pdf)
<use taz_back_cover.pdf>
Package pdftex.def Info: taz_back_cover.pdf  used on input line 13.
(pdftex.def)             Requested size: 596.97885pt x 844.65356pt.


pdfTeX warning: pdflatex (file ./taz_back_cover.pdf): PDF inclusion: found PDF 
version <1.7>, but at most version <1.5> allowed


pdfTeX warning: pdflatex (file ./taz_back_cover.pdf): PDF inclusion: found PDF 
version <1.7>, but at most version <1.5> allowed
<taz_back_cover.pdf, id=354, page=1, 596.98032pt x 844.65562pt>
File: taz_back_cover.pdf Graphic file (type pdf)
<use taz_back_cover.pdf, page 1>
Package pdftex.def Info: taz_back_cover.pdf , page1 used on input line 13.
(pdftex.def)             Requested size: 596.97885pt x 844.65356pt.
File: taz_back_cover.pdf Graphic file (type pdf)
<use taz_back_cover.pdf, page 1>
Package pdftex.def Info: taz_back_cover.pdf , page1 used on input line 13.
(pdftex.def)             Requested size: 597.71669pt x 845.69751pt.
File: taz_back_cover.pdf Graphic file (type pdf)
<use taz_back_cover.pdf, page 1>
Package pdftex.def Info: taz_back_cover.pdf , page1 used on input line 13.
(pdftex.def)             Requested size: 597.71669pt x 845.69751pt.
File: taz_back_cover.pdf Graphic file (type pdf)
<use taz_back_cover.pdf, page 1>
Package pdftex.def Info: taz_back_cover.pdf , page1 used on input line 13.
(pdftex.def)             Requested size: 597.71669pt x 845.69751pt.


File: taz_back_cover.pdf Graphic file (type pdf)
<use taz_back_cover.pdf, page 1>
Package pdftex.def Info: taz_back_cover.pdf , page1 used on input line 13.
(pdftex.def)             Requested size: 597.71669pt x 845.69751pt.
[53

 <./taz_back_cover.pdf>] (TAZ_BOOK.aux)
 ***********
LaTeX2e <2024-06-01> patch level 2
L3 programming layer <2024-07-20>
 ***********
 ) 
Here is how much of TeX's memory you used:
 3395 strings out of 473898
 60425 string characters out of 5736297
 1926960 words of memory out of 5000000
 26268 multiletter control sequences out of 15000+600000
 558069 words of font info for 36 fonts, out of 8000000 for 9000
 1141 hyphenation exceptions out of 8191
 68i,17n,79p,208b,426s stack positions out of 10000i,1000n,20000p,200000b,200000s

Output written on TAZ_BOOK.pdf (53 pages, 3183680 bytes).
PDF statistics:
 371 PDF objects out of 1000 (max. 8388607)
 0 named destinations out of 1000 (max. 500000)
 311 words of extra memory for PDF output out of 10000 (max. 10000000)

